Starting Omega...oc

Entail (1) : Valid. 

 <1>x::node<p@L,q@A>@M[Orig]&0<=3 & 0<=2&{FLOW,(17,18)=__norm}[]


Entail (2) : Fail.(must) cause: true |-  false. LOCS:[0] (RHS: contradiction)

 <1>x::node<p@L,q@A>@M[Orig]&0<=3 & 0<=2&{FLOW,(1,2)=__Error}[]


Entail (3) : Valid. 

 <1>x::node<p@A,q@L>@M[Orig]&0<=2 & 0<=1 & a=p & b=q&{FLOW,(17,18)=__norm}[]


Entail (4) : Valid. 

 <1>false&false&{FLOW,(17,18)=__norm}[]


Entail (5) : Valid. 

 <1>x::node<p@M,q@I>@M[Orig]&0<=1 & 0<=0 & Anon_13=p & b=q&{FLOW,(17,18)=__norm}[]


Entail (6) : Valid. 

 <1>x::node<p@M,q@L>@M[Orig]&0<=2 & 0<=0 & Anon_14=p & b=q&{FLOW,(17,18)=__norm}[]


Entail (7) : Valid. 

 <1>x::node<p@M,q@A>@M[Orig]&0<=0 & Anon_15=p & b=q&{FLOW,(17,18)=__norm}[]


Entail (8) : Valid. 

 <1>x::node<p@M,q@M>@M[Orig]&0<=0 & Anon_16=p & b=q&{FLOW,(17,18)=__norm}[]


Entail (9) : Valid. 

 <1>x::node<p@A,q@A>@M[Orig] * y::node<c@M,d@M>@M[Orig]&0<=1 & 0<=0 & a=p & b=q&{FLOW,(17,18)=__norm}[]

Stop Omega... 24 invocations 
