+++ Transcript to reduce.log started at Thu Oct 30 09:33:18 2014 +++
Reduce (Free CSL version), 23-Apr-13 ...

off nat;

linelength 10000;
t$


load_package redlog;

rlset ofsf;
{}$


on rlnzden;

off varopt;

off arbvars;

rlqe rlall((((((0 >= n)) or ((perm_104_83 <> (n / M)))) or ((n <> n_90))) or ((0 = n_90))));
false$


rlqe rlex(((Anon_full_perm = 1.)));
true$


rlqe rlall(((((Anon_full_perm <> 1.)) or ((f_1947 <> Anon_full_perm))) or ((f_1947 > 0.))));
true$


rlqe rlall(((((Anon_full_perm <> 1.)) or ((f_1947 <> Anon_full_perm))) or ((f_1947 <= 1.))));
true$


rlqe rlex((((Anon_full_perm = 1.)) and ((f_1947 = Anon_full_perm))));
true$


rlqe rlall((((((((((n > M)) or ((0 >= n))) or ((0 <> nPRMD))) or ((0 <> n))) or ((M <> MPRMD))) or ((f <> (n / M)))) or ((Anon_full_perm <> 1.))) or ((f = Anon_full_perm))));
true$


rlqe rlex(((((((((((M = MPRMD)) and ((0 = n))) and ((0 = nPRMD))) and ((0 = v_int_83_1715PRMD))) and ((0 < n))) and ((f <= 1.))) and ((f = (n / M)))) and ((f > 0.))) and ((n <= M))));
false$


rlqe rlall(((((((((((0 <> v_int_83_1715PRMD)) or ((n > M))) or ((nPRMD = v_int_83_1715PRMD))) or ((0 >= n))) or ((n <> nPRMD))) or ((M <> MPRMD))) or ((f <> (n / M)))) or ((Anon_full_perm <> 1.))) or ((f = Anon_full_perm))));
false$


rlqe rlex(((((((((((M = MPRMD)) and ((0 = v_int_83_1715PRMD))) and ((n = nPRMD))) and ((0 < n))) and ((f <= 1.))) and ((nPRMD <> v_int_83_1715PRMD))) and ((f > 0.))) and ((n <= M))) and ((f = (n / M)))));
true$


rlqe rlall(((((((((((0 <> v_int_83_1715PRMD)) or ((n > M))) or ((nPRMD = v_int_83_1715PRMD))) or ((0 >= n))) or ((n <> nPRMD))) or ((M <> MPRMD))) or ((Anon_full_perm <> 1.))) or ((f <> (n / M)))) or ((f = Anon_full_perm))));
false$


rlqe rlall(((f2_1993 = Anon_full_perm)));
false$


rlqe rlall(((f2_1993 > 0.)));
false$


rlqe rlall(((f2_1993 <= 1.)));
false$


rlqe rlex((((f2_1993 > 0.)) and ((f2_1993 <= 1.))));
true$


rlqe rlall((((((((((nPRMD = 0)) or ((0 >= n))) or ((n > M))) or ((n <> nPRMD))) or ((M <> MPRMD))) or ((Anon_full_perm <> 1.))) or ((f <> (n / M)))) or ((f = Anon_full_perm))));
false$


rlqe rlex((((((((((M = MPRMD)) and ((n = nPRMD))) and ((n <= M))) and ((f <= 1.))) and ((0 < n))) and ((f > 0.))) and ((f = (n / M)))) and ((nPRMD <> 0))));
true$


rlqe rlall((((((((((0 >= n)) or ((nPRMD = 0))) or ((n > M))) or ((n <> nPRMD))) or ((M <> MPRMD))) or ((f <> (n / M)))) or ((Anon_full_perm <> 1.))) or ((f = Anon_full_perm))));
false$


rlqe rlall((((((((((((f <= 0.)) or ((nPRMD = 0))) or ((f > 1.))) or ((0 >= n))) or ((n <> nPRMD))) or ((M <> MPRMD))) or ((f <> perm_28_2032))) or ((n > M))) or ((f <> (n / M)))) or ((perm_28_2032 = (1 / MPRMD)))));
false$


rlqe rlall((((Anon_full_perm <> 1.)) or ((f1_2036 = Anon_full_perm))));
false$


rlqe rlall((((((f1_2036 <> perm_28_2032)) or ((f1_2036 <= 0.))) or ((f1_2036 > 1.))) or ((0. < f1_2036))));
true$


rlqe rlall((((((((((((((f1_2036 > 1.)) or ((f1_2036 <= 0.))) or ((0 >= n))) or ((f > 1.))) or ((nPRMD = 0))) or ((0. >= f))) or ((n <> nPRMD))) or ((M <> MPRMD))) or ((f <> (n / M)))) or ((n > M))) or ((f1_2036 <> perm_28_2032))) or ((perm_28_2032 = (1 / MPRMD)))));
false$


rlqe rlall(((((Anon_full_perm <> 1.)) or (((f1_2036 + f2_2035) <> perm_2054))) or ((perm_2054 = Anon_full_perm))));
false$


rlqe rlall(((((((((((f > 1.)) or ((0 >= n))) or ((nPRMD = 0))) or ((0. >= f))) or ((n <> nPRMD))) or ((M <> MPRMD))) or ((n > M))) or ((f <> (n / M)))) or ((0. < (1 / MPRMD)))));
true$


rlqe rlall(((((Anon_full_perm <> 1.)) or (((f1_2036 + f2_2035) <> perm_2054))) or ((f2_2035 = Anon_full_perm))));
false$


rlqe rlex((((((((((M = MPRMD)) and ((n = nPRMD))) and ((0. < f))) and ((n <= M))) and ((nPRMD <> 0))) and ((0 < n))) and ((f = (n / M)))) and ((f <= 1.))));
true$


rlqe rlex((((((f1_2036 + f2_2035) = perm_2054)) and ((f2_2035 <= 1.))) and ((f2_2035 > 0.))));
true$


rlqe rlall(((((((((((((((((M <> MPRMD)) or ((n <> nPRMD))) or ((0 >= n))) or ((nPRMD = 0))) or ((f <> (n / M)))) or ((n > M))) or (((f1_2036 + f2_2035) <> perm_2054))) or ((f > 1.))) or ((0 >= MPRMD))) or ((0. >= f))) or ((0. >= (1 / MPRMD)))) or ((f <> (f2_2035 + (1 / MPRMD))))) or (((f1_2036 + f2_2035) <> perm_2056))) or ((Anon_full_perm <> 1.))) or ((perm_2056 = Anon_full_perm))));
false$


rlqe rlall(((((((((((((((((n <> nPRMD)) or ((0 >= n))) or ((nPRMD = 0))) or ((f <> (n / M)))) or ((n > M))) or ((f > 1.))) or ((0 >= MPRMD))) or ((0. >= f))) or ((0. >= (1 / MPRMD)))) or ((M <> MPRMD))) or ((f <> (f2_2035 + (1 / MPRMD))))) or (((f1_2036 + f2_2035) <> perm_2056))) or (((f1_2036 + f2_2035) <> perm_2054))) or ((Anon_full_perm <> 1.))) or ((f2_2035 = Anon_full_perm))));
false$


rlqe rlex(((((((((((((((((M = MPRMD)) and ((n = nPRMD))) and ((f = (f2_2035 + (1 / MPRMD))))) and ((0. < (1 / MPRMD)))) and ((0. < f))) and ((f2_2035 <= 1.))) and (((f1_2036 + f2_2035) = perm_2056))) and ((f2_2035 > 0.))) and ((0 < MPRMD))) and ((f = (n / M)))) and ((0 < n))) and ((n <= M))) and ((nPRMD <> 0))) and (((f1_2036 + f2_2035) = perm_2054))) and ((f <= 1.))));
true$


rlqe rlall(((((((((((((((((((n <> nPRMD)) or ((nPRMD = 0))) or ((0 >= n))) or ((f <> (n / M)))) or ((n > M))) or ((0 >= MPRMD))) or ((f1_2036 <= 0.))) or ((f > 1.))) or ((f1_2036 > 1.))) or ((0. >= f))) or ((0. >= (1 / MPRMD)))) or ((M <> MPRMD))) or ((Anon_full_perm <> 1.))) or ((f <> (f2_2035 + (1 / MPRMD))))) or (((f1_2036 + f2_2035) <> perm_2056))) or (((f1_2036 + f2_2035) <> perm_2054))) or ((f2_2035 = Anon_full_perm))));
false$


rlqe rlall(((((((((((((((((((n <> nPRMD)) or ((0 >= n))) or ((nPRMD = 0))) or ((n > M))) or ((f > 1.))) or ((0 >= MPRMD))) or ((f <> (n / M)))) or ((f1_2036 > 1.))) or ((f1_2036 <= 0.))) or ((0. >= f))) or ((0. >= (1 / MPRMD)))) or ((M <> MPRMD))) or ((Anon_full_perm <> 1.))) or ((f <> (f2_2035 + (1 / MPRMD))))) or (((f1_2036 + f2_2035) <> perm_2054))) or (((f1_2036 + f2_2035) <> perm_2056))) or ((f2_2035 = Anon_full_perm))));
false$


rlqe rlex(((((((((((((((((((M = MPRMD)) and ((n = nPRMD))) and ((f = (f2_2035 + (1 / MPRMD))))) and ((0. < (1 / MPRMD)))) and ((0. < f))) and ((f2_2035 <= 1.))) and ((f1_2036 > 0.))) and ((f2_2035 > 0.))) and ((0 < n))) and ((n <= M))) and ((nPRMD <> 0))) and (((f1_2036 + f2_2035) = perm_2056))) and ((f1_2036 <= 1.))) and ((f <= 1.))) and (((f1_2036 + f2_2035) = perm_2054))) and ((0 < MPRMD))) and ((f = (n / M)))));
true$


rlqe rlall(((((((((((((((((((n <> nPRMD)) or ((f <> (n / M)))) or ((f1_2036 > 1.))) or ((0 >= MPRMD))) or ((nPRMD = 0))) or ((f > 1.))) or ((0 >= n))) or ((f1_2036 <= 0.))) or ((n > M))) or ((0. >= f))) or ((0. >= (1 / MPRMD)))) or ((M <> MPRMD))) or ((Anon_full_perm <> 1.))) or ((f <> (f2_2035 + (1 / MPRMD))))) or (((f1_2036 + f2_2035) <> perm_2056))) or (((f1_2036 + f2_2035) <> perm_2054))) or ((f2_2035 = Anon_full_perm))));
false$


rlqe rlex(((((((((((((((((((M = MPRMD)) and ((n = nPRMD))) and ((f = (f2_2035 + (1 / MPRMD))))) and ((0. < (1 / MPRMD)))) and ((0. < f))) and ((f2_2035 <= 1.))) and ((n <= M))) and ((f2_2035 > 0.))) and ((f1_2036 > 0.))) and (((f1_2036 + f2_2035) = perm_2054))) and (((f1_2036 + f2_2035) = perm_2056))) and ((f = (n / M)))) and ((0 < n))) and ((f1_2036 <= 1.))) and ((f <= 1.))) and ((0 < MPRMD))) and ((nPRMD <> 0))));
true$


rlqe rlall(((((((((((((((((((((1 <> v_int_87_1717PRMD)) or ((n <> nPRMD))) or (((res + v_int_87_1717PRMD) <> nPRMD))) or ((nPRMD = 0))) or ((f > 1.))) or ((0 >= MPRMD))) or ((0 >= n))) or ((f1_2036 > 1.))) or ((f <> (n / M)))) or ((f1_2036 <= 0.))) or ((n > M))) or ((0. >= f))) or ((0. >= (1 / MPRMD)))) or ((M <> MPRMD))) or ((f <> (f2_2035 + (1 / MPRMD))))) or (((f1_2036 + f2_2035) <> perm_2054))) or (((f1_2036 + f2_2035) <> perm_2056))) or ((Anon_full_perm <> 1.))) or ((f2_2035 = Anon_full_perm))));
false$


rlqe rlall(((((((((((((((((((((0 <> v_int_87_1718PRMD)) or ((n <> nPRMD))) or ((nPRMD = 0))) or (((v_int_87_1718PRMD + 1) <> nPRMD))) or ((f <> (n / M)))) or ((f1_2036 <= 0.))) or ((f1_2036 > 1.))) or ((0 >= n))) or ((n > M))) or ((0 >= MPRMD))) or ((f > 1.))) or ((0. >= f))) or ((0. >= (1 / MPRMD)))) or ((M <> MPRMD))) or ((Anon_full_perm <> 1.))) or ((f <> (f2_2035 + (1 / MPRMD))))) or (((f1_2036 + f2_2035) <> perm_2054))) or (((f1_2036 + f2_2035) <> perm_2056))) or ((f2_2035 = Anon_full_perm))));
false$


rlqe rlex(((((((((((((((((((((M = MPRMD)) and ((0 = v_int_87_1718PRMD))) and ((n = nPRMD))) and ((f = (f2_2035 + (1 / MPRMD))))) and ((0. < (1 / MPRMD)))) and ((nPRMD <> 0))) and ((f2_2035 <= 1.))) and ((0. < f))) and ((f2_2035 > 0.))) and ((f <= 1.))) and ((f = (n / M)))) and (((v_int_87_1718PRMD + 1) = nPRMD))) and (((f1_2036 + f2_2035) = perm_2056))) and ((0 < MPRMD))) and ((f1_2036 > 0.))) and ((n <= M))) and ((f1_2036 <= 1.))) and ((0 < n))) and (((f1_2036 + f2_2035) = perm_2054))));
false$


rlqe rlall(((((((((((((((((((((n <> nPRMD)) or ((nPRMD = 0))) or ((0 >= v_int_87_1718PRMD))) or (((v_int_87_1718PRMD + 1) <> nPRMD))) or ((0 >= n))) or ((f <> (n / M)))) or ((f1_2036 <= 0.))) or ((f1_2036 > 1.))) or ((n > M))) or ((0 >= MPRMD))) or ((0. >= f))) or ((f > 1.))) or ((0. >= (1 / MPRMD)))) or ((M <> MPRMD))) or ((Anon_full_perm <> 1.))) or ((f <> (f2_2035 + (1 / MPRMD))))) or (((f1_2036 + f2_2035) <> perm_2054))) or (((f1_2036 + f2_2035) <> perm_2056))) or ((f2_2035 = Anon_full_perm))));
false$


rlqe rlex(((((((((((((((((((((M = MPRMD)) and ((n = nPRMD))) and ((f = (f2_2035 + (1 / MPRMD))))) and ((0. < (1 / MPRMD)))) and ((nPRMD <> 0))) and ((f2_2035 <= 1.))) and ((0 < v_int_87_1718PRMD))) and ((f2_2035 > 0.))) and ((f <= 1.))) and ((f = (n / M)))) and ((0. < f))) and ((f1_2036 > 0.))) and ((0 < MPRMD))) and (((f1_2036 + f2_2035) = perm_2056))) and (((v_int_87_1718PRMD + 1) = nPRMD))) and (((f1_2036 + f2_2035) = perm_2054))) and ((0 < n))) and ((f1_2036 <= 1.))) and ((n <= M))));
true$


rlqe rlall(((((((((((((((((((((n <> nPRMD)) or ((nPRMD = 0))) or ((0 >= v_int_87_1718PRMD))) or ((0 >= n))) or ((n > M))) or (((v_int_87_1718PRMD + 1) <> nPRMD))) or ((f1_2036 > 1.))) or ((0 >= MPRMD))) or ((0. >= f))) or ((f > 1.))) or ((f1_2036 <= 0.))) or ((f <> (n / M)))) or ((0. >= (1 / MPRMD)))) or ((M <> MPRMD))) or ((f <> (f2_2035 + (1 / MPRMD))))) or (((f1_2036 + f2_2035) <> perm_2056))) or (((f1_2036 + f2_2035) <> perm_2054))) or ((Anon_full_perm <> 1.))) or ((f2_2035 = Anon_full_perm))));
false$


rlqe rlall(((((((((((((((((((((((f > 1.)) or ((f1_2036 <= 0.))) or ((0 >= n))) or (((f1_2036 + f2_2035) <> perm_2056))) or ((f1_2036 > 1.))) or ((f2_2035 <= 0.))) or ((0. >= f))) or ((f2_2035 > 1.))) or (((f1_2036 + f2_2035) <> perm_2054))) or ((nPRMD = 0))) or ((n <> nPRMD))) or ((M <> MPRMD))) or ((f2_2035 <> f_2106))) or ((f <> (f2_2035 + (1 / MPRMD))))) or ((0. >= (1 / MPRMD)))) or ((0 >= MPRMD))) or ((f <> (n / M)))) or ((0 >= v_int_87_1718PRMD))) or (((v_int_87_1718PRMD + 1) <> nPRMD))) or ((n > M))) or ((f_2106 = (v_int_87_1718PRMD / MPRMD)))));
true$


rlqe rlall((((((((((((((((((((((n <> nPRMD)) or ((nPRMD = 0))) or ((0 >= n))) or ((0 >= v_int_87_1718PRMD))) or ((0. >= f))) or ((0 >= MPRMD))) or ((f > 1.))) or ((f1_2036 > 1.))) or ((f1_2036 <= 0.))) or (((v_int_87_1718PRMD + 1) <> nPRMD))) or ((n > M))) or ((f <> (n / M)))) or ((0. >= (1 / MPRMD)))) or ((M <> MPRMD))) or ((f2_2035 <> f_2106))) or ((f <> (f2_2035 + (1 / MPRMD))))) or (((f1_2036 + f2_2035) <> perm_2056))) or (((f1_2036 + f2_2035) <> perm_2054))) or ((Anon_full_perm <> 1.))) or ((f2_2035 = Anon_full_perm))));
false$


rlqe rlall(((((((((((((((((((((((f1_2036 > 1.)) or ((f > 1.))) or ((f1_2036 <= 0.))) or (((f1_2036 + f2_2035) <> perm_2056))) or (((f1_2036 + f2_2035) <> perm_2054))) or ((0. >= f))) or ((f2_2035 <= 0.))) or ((0 >= n))) or ((f2_2035 > 1.))) or ((nPRMD = 0))) or ((n <> nPRMD))) or ((M <> MPRMD))) or ((f2_2035 <> f_2106))) or ((f <> (f2_2035 + (1 / MPRMD))))) or ((0. >= (1 / MPRMD)))) or ((f <> (n / M)))) or ((n > M))) or ((0 >= v_int_87_1718PRMD))) or (((v_int_87_1718PRMD + 1) <> nPRMD))) or ((0 >= MPRMD))) or ((f_2106 = (v_int_87_1718PRMD / MPRMD)))));
true$


rlqe rlex((((((((((((((((((((M = MPRMD)) and ((f2_2035 = f_2106))) and ((n = nPRMD))) and ((f = (f2_2035 + (1 / MPRMD))))) and ((0. < (1 / MPRMD)))) and ((nPRMD <> 0))) and ((0. < f))) and ((0 < n))) and (((f1_2036 + f2_2035) = perm_2054))) and ((f = (n / M)))) and (((f1_2036 + f2_2035) = perm_2056))) and ((n <= M))) and ((0 < MPRMD))) and ((0 < v_int_87_1718PRMD))) and ((f <= 1.))) and (((v_int_87_1718PRMD + 1) = nPRMD))) and ((f1_2036 <= 1.))) and ((f1_2036 > 0.))));
true$


rlqe rlall(((((((((((((((((((((n <> nPRMD)) or ((nPRMD = 0))) or ((v_int_87_1718PRMD > (0 - 1)))) or (((v_int_87_1718PRMD + 1) <> nPRMD))) or ((0 >= n))) or ((f <> (n / M)))) or ((f1_2036 <= 0.))) or ((f1_2036 > 1.))) or ((n > M))) or ((0 >= MPRMD))) or ((0. >= f))) or ((f > 1.))) or ((0. >= (1 / MPRMD)))) or ((M <> MPRMD))) or ((Anon_full_perm <> 1.))) or ((f <> (f2_2035 + (1 / MPRMD))))) or (((f1_2036 + f2_2035) <> perm_2054))) or (((f1_2036 + f2_2035) <> perm_2056))) or ((f2_2035 = Anon_full_perm))));
true$


rlqe rlex(((((((((((((((((((((M = MPRMD)) and ((n = nPRMD))) and ((f = (f2_2035 + (1 / MPRMD))))) and ((0. < (1 / MPRMD)))) and ((nPRMD <> 0))) and ((f2_2035 <= 1.))) and ((v_int_87_1718PRMD <= (0 - 1)))) and ((f2_2035 > 0.))) and ((f <= 1.))) and ((f = (n / M)))) and ((0. < f))) and ((f1_2036 > 0.))) and ((0 < MPRMD))) and (((f1_2036 + f2_2035) = perm_2056))) and (((v_int_87_1718PRMD + 1) = nPRMD))) and (((f1_2036 + f2_2035) = perm_2054))) and ((0 < n))) and ((f1_2036 <= 1.))) and ((n <= M))));
false$


rlqe rlex(((((((((((((((((((((((((f2_2035 = f_2106)) and (((((1 <= M)) and ((1 <= v_int_87_1718PRMD))) and ((1 <= x))) or ((((x <= (0 - 1))) and ((1 <= M))) and ((1 <= v_int_87_1718PRMD))))) and ((n <> 0))) and (((f1_2036 + f2_2035) = perm_2056))) and (((v_int_87_1718PRMD + 1) = n))) and ((0 < M))) and ((t_106PRMD <> x))) and ((f1_2036 > 0.))) and ((x > 0))) and ((0. < f))) and ((f = (f2_2035 + (1 / M))))) and ((f = (n / M)))) and ((0. < (1 / M)))) and ((f2_2035 > 0.))) and ((0 < v_int_87_1718PRMD))) and ((0 <= v_int_87_1718PRMD))) and (((f1_2036 + f2_2035) = perm_2054))) and ((f2_2035 <= 1.))) and ((n <= M))) and ((0 < n))) and ((0 <> v_int_87_1718PRMD))) and ((f1_2036 <= 1.))) and ((f <= 1.))));
true$


rlqe rlex((((((((((((((((((((((f2_2035 = f_2106)) and ((f = (f2_2035 + (1 / M))))) and ((0. < (1 / M)))) and ((n <> 0))) and ((0 < v_int_87_2128))) and (((f1_2036 + f2_2035) = perm_2054))) and (((f1_2036 + f2_2035) = perm_2056))) and ((n <= M))) and (((v_int_87_2128 + 1) = n))) and ((0 <> v_int_87_2128))) and ((0 < M))) and ((f <= 1.))) and ((f1_2036 > 0.))) and ((f1_2036 <= 1.))) and ((0. < f))) and ((0 < n))) and ((f = (n / M)))) and ((f2_2035 <= 1.))) and ((f2_2035 > 0.))) and ((0 <= v_int_87_2128))));
true$


rlqe rlall(((((((((((((((((((((((((((((((f1_2036 > 1.)) or (((f1_2036 + f2_2035) <> perm_2054))) or ((f2_2035 <= 0.))) or ((f1_2036 <= 0.))) or (((f1_2036 + f2_2035) <> perm_2056))) or ((f2_2035 > 1.))) or ((t_2129 <> t_2136))) or ((f2_2035 <> f_2106))) or ((f <> (f2_2035 + (1 / M))))) or ((0. >= (1 / M)))) or ((0. >= f))) or ((f > 1.))) or ((0 >= M))) or ((f <> (n / M)))) or ((n > M))) or ((0 >= n))) or ((n = 0))) or ((x <= 0))) or ((t_2129 = x))) or ((res = t_2129))) or ((res <= 0))) or ((p_2130 <> p_2134))) or ((p_2130 <= 0))) or ((res = p_2130))) or ((0 = v_int_87_2128))) or ((0 > v_int_87_2128))) or ((0 >= v_int_87_2128))) or (((v_int_87_2128 + 1) <> n))) or (((p_2130 <= 0)) or ((0 = v_int_87_2128)))));
false$


rlqe rlex((((M = M_2059)) and ((perm_29_2057 = (1 / M_2059)))));
true$


rlqe rlall((((((M <> M_2156)) or ((perm_29_2154 <> (1 / M_2156)))) or ((Anon_full_perm <> 1.))) or ((perm_29_2154 = Anon_full_perm))));
false$


rlqe rlall((((((((perm_29_2154 > 1.)) or ((perm_29_2154 <= 0.))) or ((perm_29_2154 <> (1 / M_2156)))) or ((M <> M_2156))) or ((perm_29_2154 <> perm_50_2157))) or ((perm_50_2157 = (1 / M)))));
true$


rlqe rlall(((((((M <> M_2156)) or ((perm_29_2154 <> (1 / M_2156)))) or ((perm_29_2154 > 1.))) or ((perm_29_2154 <= 0.))) or ((perm_29_2154 = (1 / M)))));
true$


rlqe rlex((((((((((((((((((((((f2_2035 = f_2106)) and ((f = (f2_2035 + (1 / M))))) and ((0. < (1 / M)))) and ((n <> 0))) and ((0 <> v_int_87_2128))) and ((f2_2035 <= 1.))) and ((0. < f))) and (((f1_2036 + f2_2035) = perm_2056))) and ((f1_2036 > 0.))) and ((0 <= v_int_87_2128))) and ((f <= 1.))) and ((0 < v_int_87_2128))) and ((n <= M))) and ((0 < n))) and ((f = (n / M)))) and (((v_int_87_2128 + 1) = n))) and ((0 < M))) and ((f2_2035 > 0.))) and ((f1_2036 <= 1.))) and (((f1_2036 + f2_2035) = perm_2054))));
true$


rlqe rlall((((((0 >= MPRMD)) or ((MPRMD <> M_2184))) or ((perm_28_2182 <> (1 / M_2184)))) or ((perm_28_2182 = Anon_full_perm))));
false$


rlqe rlall(((perm_28_2182 = (1 / M_2184))));
false$


rlqe rlex((((((((M = MPRMD)) and ((M = M_2184))) and ((0 < MPRMD))) and ((perm_28_2182 > 0.))) and ((perm_28_2182 <= 1.))) and ((perm_28_2182 = (1 / M_2184)))));
true$


rlqe rlall(((((((Anon_full_perm <> 1.)) or ((n <> nPRMD))) or ((0 >= n))) or ((f <> Anon_full_perm))) or ((f = (nPRMD / nPRMD)))));
true$


rlqe rlall((((((((((((((((((((((0 > flted_50_2244)) or ((0 = n_2213))) or (((flted_50_2244 + 1) <> n_2213))) or ((0 > n_2213))) or ((n <> nPRMD))) or ((n <> n_2213))) or ((0 >= M_2214))) or ((n > M))) or ((0 = n_2277))) or ((0 >= v_int_110_1633PRMD))) or (((v_int_110_1633PRMD + 1) <> nPRMD))) or ((0 > n_2277))) or ((n_2277 <> v_int_110_1633PRMD))) or ((M <> M_2243))) or ((M <> M_2214))) or ((M <> MPRMD))) or ((perm_104_2278 <> (v_int_110_1633PRMD / MPRMD)))) or ((Anon_full_perm <> 1.))) or ((f_2241 <> Anon_full_perm))) or ((perm_104_2278 = Anon_full_perm))));
false$


rlqe rlall(((((((((((((((((((((0 > flted_50_2244)) or ((0 > n_2213))) or (((flted_50_2244 + 1) <> n_2213))) or ((0 = n_2213))) or ((n <> nPRMD))) or ((n <> n_2213))) or ((0 > v_int_110_2321))) or (((v_int_110_2321 + 1) <> nPRMD))) or ((0 >= v_int_110_2321))) or ((0 = v_int_110_2321))) or ((n > M))) or ((0 >= M_2214))) or ((M <> M_2243))) or ((M <> M_2214))) or ((M <> MPRMD))) or ((Anon_full_perm <> 1.))) or ((f_2241 <> Anon_full_perm))) or ((perm_104_2319 <> (v_int_110_2321 / MPRMD)))) or ((perm_104_2319 = Anon_full_perm))));
false$


rlqe rlall(((((((((((((((((((((0 > flted_50_2244)) or ((0 > n_2213))) or (((flted_50_2244 + 1) <> n_2213))) or ((0 = n_2213))) or ((n <> nPRMD))) or ((n <> n_2213))) or ((0 = v_int_110_2343))) or ((n > M))) or ((0 >= v_int_110_2343))) or (((v_int_110_2343 + 1) <> nPRMD))) or ((0 > v_int_110_2343))) or ((0 >= M_2214))) or ((M <> M_2243))) or ((M <> M_2214))) or ((M <> MPRMD))) or ((Anon_full_perm <> 1.))) or ((f_2241 <> Anon_full_perm))) or ((perm_104_2341 <> (v_int_110_2343 / MPRMD)))) or ((perm_104_2341 = Anon_full_perm))));
false$


rlqe rlall((((((f_2241 <> Anon_full_perm)) or ((Anon_full_perm <> 1.))) or ((f_2340 <> Anon_full_perm))) or ((f_2340 > 0.))));
true$


rlqe rlall((((((f_2241 <> Anon_full_perm)) or ((Anon_full_perm <> 1.))) or ((f_2340 <> Anon_full_perm))) or ((f_2340 <= 1.))));
true$


rlqe rlall((((((((((((((((((((((0 > flted_50_2244)) or ((0 > n_2213))) or (((flted_50_2244 + 1) <> n_2213))) or ((0 = n_2213))) or ((n <> nPRMD))) or ((n <> n_2213))) or ((n > M))) or ((0 > v_int_110_2343))) or ((0 >= M_2214))) or ((0 >= v_int_110_2343))) or ((0 = v_int_110_2343))) or (((v_int_110_2343 + 1) <> nPRMD))) or ((M <> M_2243))) or ((M <> M_2214))) or ((M <> MPRMD))) or ((Anon_full_perm <> 1.))) or ((f_2241 <> Anon_full_perm))) or ((f_2340 <> Anon_full_perm))) or ((perm_104_2341 <> (v_int_110_2343 / MPRMD)))) or ((perm_104_2341 = Anon_full_perm))));
false$


rlqe rlex(((((Anon_full_perm = 1.)) and ((f_2241 = Anon_full_perm))) and ((f_2340 = Anon_full_perm))));
true$


rlqe rlex((((((((((((((((((((M = MPRMD)) and ((M = M_2214))) and ((M = M_2243))) and ((n = nPRMD))) and ((n = n_2213))) and ((0 <> n_2213))) and (((v_int_110_2343 + 1) = nPRMD))) and ((perm_104_2341 <= 1.))) and ((0 <> v_int_110_2343))) and ((perm_104_2341 > 0.))) and ((perm_104_2341 = (v_int_110_2343 / MPRMD)))) and ((n <= M))) and ((0 <= flted_50_2244))) and ((0 <= v_int_110_2343))) and (((flted_50_2244 + 1) = n_2213))) and ((0 < M_2214))) and ((0 <= n_2213))) and ((0 < v_int_110_2343))));
true$


rlqe rlall((((((((((((((((((((((0 > flted_50_2244)) or ((0 > n_2213))) or (((flted_50_2244 + 1) <> n_2213))) or ((0 = n_2213))) or ((n <> nPRMD))) or ((n <> n_2213))) or ((0 >= M_2214))) or ((0 = v_int_110_2343))) or ((0 >= v_int_110_2343))) or ((0 > v_int_110_2343))) or (((v_int_110_2343 + 1) <> nPRMD))) or ((n > M))) or ((M <> M_2243))) or ((M <> M_2214))) or ((M <> MPRMD))) or ((perm_104_2341 <> (v_int_110_2343 / MPRMD)))) or ((Anon_full_perm <> 1.))) or ((f_2241 <> Anon_full_perm))) or ((f_2340 <> Anon_full_perm))) or ((perm_104_2341 = Anon_full_perm))));
false$


rlqe rlall((((((((((((((((((((((0 > flted_50_2244)) or ((0 > n_2213))) or (((flted_50_2244 + 1) <> n_2213))) or ((0 = n_2213))) or ((n <> nPRMD))) or ((n <> n_2213))) or ((0 > v_int_110_2343))) or (((v_int_110_2343 + 1) <> nPRMD))) or ((0 >= v_int_110_2343))) or ((0 = v_int_110_2343))) or ((n > M))) or ((0 >= M_2214))) or ((M <> M_2243))) or ((M <> M_2214))) or ((M <> MPRMD))) or ((perm_104_2341 <> (v_int_110_2343 / MPRMD)))) or ((Anon_full_perm <> 1.))) or ((f_2241 <> Anon_full_perm))) or ((f_2340 <> Anon_full_perm))) or ((perm_104_2341 = Anon_full_perm))));
false$


rlqe rlex((((((((((((((((((((M = MPRMD)) and ((M = M_2214))) and ((M = M_2243))) and ((n = nPRMD))) and ((n = n_2213))) and ((0 <> n_2213))) and ((0 < M_2214))) and ((perm_104_2341 <= 1.))) and (((flted_50_2244 + 1) = n_2213))) and ((perm_104_2341 > 0.))) and ((perm_104_2341 = (v_int_110_2343 / MPRMD)))) and ((0 <= flted_50_2244))) and ((n <= M))) and ((0 <= v_int_110_2343))) and ((0 <> v_int_110_2343))) and (((v_int_110_2343 + 1) = nPRMD))) and ((0 <= n_2213))) and ((0 < v_int_110_2343))));
true$


rlqe rlall((((((((((((((((((((((0 > flted_50_2244)) or ((0 > n_2213))) or (((flted_50_2244 + 1) <> n_2213))) or ((0 = n_2213))) or ((n <> nPRMD))) or ((n <> n_2213))) or ((0 = v_int_110_2343))) or ((n > M))) or ((0 >= v_int_110_2343))) or (((v_int_110_2343 + 1) <> nPRMD))) or ((0 > v_int_110_2343))) or ((0 >= M_2214))) or ((M <> M_2243))) or ((M <> M_2214))) or ((M <> MPRMD))) or ((perm_104_2341 <> (v_int_110_2343 / MPRMD)))) or ((Anon_full_perm <> 1.))) or ((f_2241 <> Anon_full_perm))) or ((f_2340 <> Anon_full_perm))) or ((perm_104_2341 = Anon_full_perm))));
false$


rlqe rlex((((((((((((((((((((M = MPRMD)) and ((M = M_2214))) and ((M = M_2243))) and ((n = nPRMD))) and ((n = n_2213))) and ((0 <> n_2213))) and ((0 <= flted_50_2244))) and ((perm_104_2341 <= 1.))) and ((0 < M_2214))) and ((perm_104_2341 > 0.))) and ((0 <= v_int_110_2343))) and ((0 <> v_int_110_2343))) and (((flted_50_2244 + 1) = n_2213))) and ((0 <= n_2213))) and (((v_int_110_2343 + 1) = nPRMD))) and ((n <= M))) and ((perm_104_2341 = (v_int_110_2343 / MPRMD)))) and ((0 < v_int_110_2343))));
true$


rlqe rlall(((((((((((((((((((((((((0 > flted_50_2244)) or (((flted_50_2244 + 1) <> n_2213))) or ((0 > n_2213))) or ((0 = n_2213))) or ((M <> MPRMD))) or ((M <> M_2214))) or ((M <> M_2243))) or ((n <> nPRMD))) or ((n <> n_2213))) or (((v_int_110_2343 + 1) <> nPRMD))) or ((n > M))) or ((0 >= v_int_110_2343))) or ((0 > v_int_110_2343))) or ((0 = v_int_110_2343))) or ((perm_104_2341 <> (v_int_110_2343 / MPRMD)))) or ((0 >= M_2214))) or ((perm_50_2357 <> (1 / M_2214)))) or ((f2_2360 <> perm_50_2357))) or ((Anon_full_perm <> 1.))) or ((f_2241 <> Anon_full_perm))) or ((f_2340 <> Anon_full_perm))) or (((perm_104_2341 + perm_50_2357) <> perm_2371))) or ((perm_2371 = Anon_full_perm))));
false$


rlqe rlex(((((((((((((((((((((M = MPRMD)) and ((M = M_2214))) and ((M = M_2243))) and ((f2_2360 = perm_50_2357))) and ((n = nPRMD))) and ((n = n_2213))) and ((0 <> n_2213))) and (((perm_104_2341 + perm_50_2357) = perm_2371))) and ((perm_104_2341 = (v_int_110_2343 / MPRMD)))) and (((v_int_110_2343 + 1) = nPRMD))) and ((0 <> v_int_110_2343))) and ((n <= M))) and ((0 < M_2214))) and ((0 <= n_2213))) and ((perm_50_2357 = (1 / M_2214)))) and (((flted_50_2244 + 1) = n_2213))) and ((0 <= v_int_110_2343))) and ((0 < v_int_110_2343))) and ((0 <= flted_50_2244))));
true$


rlqe rlall(((((((((((((((((((((((0 = n_2213)) or ((0 > flted_50_2244))) or (((flted_50_2244 + 1) <> n_2213))) or ((0 > n_2213))) or ((M <> M_2214))) or ((M <> M_2243))) or ((n <> n_2213))) or ((0 >= M_2214))) or ((n > M))) or ((0 = v_int_110_2343))) or (((v_int_110_2343 + 1) <> n))) or ((0 >= v_int_110_2343))) or (((perm_104_2341 + f2_2360) <> perm_2371))) or ((0 > v_int_110_2343))) or ((perm_104_2341 <> (v_int_110_2343 / M)))) or ((f2_2360 <> (1 / M_2214)))) or ((perm_62_2372 <> (f2_2360 + perm_104_2341)))) or ((f_2340 <> Anon_full_perm))) or ((f_2241 <> Anon_full_perm))) or ((Anon_full_perm <> 1.))) or ((perm_62_2372 = Anon_full_perm))));
false$


rlqe rlex(((((((((((((((((((((M = M_2214)) and ((M = M_2243))) and ((n = n_2213))) and ((0 < M_2214))) and ((perm_62_2372 <= 1.))) and ((n <= M))) and ((perm_62_2372 > 0.))) and ((0 <= n_2213))) and ((0 <> v_int_110_2343))) and ((0 <> n_2213))) and ((f2_2360 = (1 / M_2214)))) and ((0 <= flted_50_2244))) and (((v_int_110_2343 + 1) = n))) and ((perm_62_2372 = (f2_2360 + perm_104_2341)))) and (((flted_50_2244 + 1) = n_2213))) and ((0 < v_int_110_2343))) and ((perm_104_2341 = (v_int_110_2343 / M)))) and (((perm_104_2341 + f2_2360) = perm_2371))) and ((0 <= v_int_110_2343))));
true$


rlqe rlex(((((f_2340 = Anon_full_perm)) and ((f_2241 = Anon_full_perm))) and ((Anon_full_perm = 1.))));
true$


rlqe rlall(((((((((((((((((((((((0 > flted_50_2244)) or (((flted_50_2244 + 1) <> n_2213))) or ((0 > n_2213))) or ((0 = n_2213))) or ((M <> M_2214))) or ((M <> M_2243))) or ((n <> n_2213))) or ((0 >= M_2214))) or ((n > M))) or ((0 = v_int_110_2343))) or ((0 >= v_int_110_2343))) or (((v_int_110_2343 + 1) <> n))) or ((0 > v_int_110_2343))) or ((perm_104_2341 <> (v_int_110_2343 / M)))) or (((perm_104_2341 + f2_2360) <> perm_2371))) or ((f2_2360 <> (1 / M_2214)))) or ((perm_62_2372 <> (f2_2360 + perm_104_2341)))) or ((f_2340 <> Anon_full_perm))) or ((f_2241 <> Anon_full_perm))) or ((Anon_full_perm <> 1.))) or ((perm_62_2372 = Anon_full_perm))));
false$


rlqe rlall(((((((((((((((((((((((0 > flted_50_2244)) or (((flted_50_2244 + 1) <> n_2213))) or ((0 > n_2213))) or ((perm_62_2372 <> (f2_2360 + perm_104_2341)))) or ((0 > v_int_110_2343))) or ((0 = v_int_110_2343))) or ((perm_62_2372 <= 0.))) or ((0 >= v_int_110_2343))) or ((0 = n_2213))) or (((perm_104_2341 + f2_2360) <> perm_2371))) or ((perm_62_2372 > 1.))) or ((f2_2360 <> (1 / M_2214)))) or ((0 >= M_2214))) or ((M <> M_2214))) or ((M <> M_2243))) or ((n <> n_2213))) or ((perm_104_2415 <> perm_62_2372))) or (((v_int_110_2343 + 1) <> n))) or ((n > M))) or ((perm_104_2341 <> (v_int_110_2343 / M)))) or ((perm_104_2415 = (n / M)))));
true$


rlqe rlex(((((((((((((((((((M = M_2214)) and ((M = M_2243))) and ((n = n_2213))) and ((0 < M_2214))) and ((0 <> n_2213))) and ((perm_104_2341 = (v_int_110_2343 / M)))) and ((n <= M))) and (((flted_50_2244 + 1) = n_2213))) and ((0 <= flted_50_2244))) and ((0 <= v_int_110_2343))) and ((0 <= n_2213))) and (((v_int_110_2343 + 1) = n))) and ((perm_62_2372 = (f2_2360 + perm_104_2341)))) and (((perm_104_2341 + f2_2360) = perm_2371))) and ((0 <> v_int_110_2343))) and ((f2_2360 = (1 / M_2214)))) and ((0 < v_int_110_2343))));
true$


rlqe rlall(((((((((((((((((((((((0 > flted_50_2244)) or ((0 > n_2213))) or (((flted_50_2244 + 1) <> n_2213))) or ((0 = n_2213))) or ((M <> M_2214))) or ((M <> M_2243))) or ((n <> n_2213))) or ((0 >= M_2214))) or ((0 >= v_int_110_2343))) or (((v_int_110_2343 + 1) <> n))) or ((0 > v_int_110_2343))) or (((perm_104_2341 + f2_2360) <> perm_2371))) or ((n > M))) or ((f2_2360 <> (1 / M_2214)))) or ((0 = v_int_110_2343))) or ((perm_104_2341 <> (v_int_110_2343 / M)))) or ((perm_62_2372 <> (f2_2360 + perm_104_2341)))) or ((f_2340 <> Anon_full_perm))) or ((f_2241 <> Anon_full_perm))) or ((Anon_full_perm <> 1.))) or ((perm_62_2372 = Anon_full_perm))));
false$


rlqe rlall(((((((((((((((((((((((((((((((((((perm_62_2372 > 1.)) or ((perm_62_2372 <= 0.))) or ((0 > flted_50_2244))) or ((x_2212 = t_2247))) or ((tp <= 0))) or ((t_2247 = tp))) or ((x = tp))) or ((x <= 0))) or ((x <> x_2242))) or ((x <> x_2212))) or ((t_2247 <> t_2420))) or ((n > M))) or (((perm_104_2341 + f2_2360) <> perm_2371))) or ((perm_62_2372 <> (f2_2360 + perm_104_2341)))) or (((flted_50_2244 + 1) <> n_2213))) or ((0 > n_2213))) or ((f2_2360 <> (1 / M_2214)))) or ((0 = n_2213))) or ((0 >= M_2214))) or ((n <> n_2213))) or ((M <> M_2243))) or ((M <> M_2214))) or ((0 >= v_int_110_2343))) or ((perm_104_2341 <> (v_int_110_2343 / M)))) or ((0 = v_int_110_2343))) or (((v_int_110_2343 + 1) <> n))) or ((0 > v_int_110_2343))) or ((p_2245 <> p_2419))) or ((t_2247 = p_2245))) or ((p_2245 = x))) or ((p_2245 = tp))) or ((p_2245 <= 0))) or (((p_2245 <= 0)) or ((0 = v_int_110_2343)))));
false$


rlqe rlall(((((((((((((((((((((((0 > flted_50_2244)) or (((flted_50_2244 + 1) <> n_2213))) or ((0 = n_2213))) or ((0 > n_2213))) or ((M <> M_2214))) or ((M <> M_2243))) or ((n <> n_2213))) or ((0 >= M_2214))) or (((v_int_110_2343 + 1) <> n))) or ((0 >= v_int_110_2343))) or ((n > M))) or ((f2_2360 <> (1 / M_2214)))) or (((perm_104_2341 + f2_2360) <> perm_2371))) or ((0 > v_int_110_2343))) or ((0 = v_int_110_2343))) or ((perm_104_2341 <> (v_int_110_2343 / M)))) or ((perm_62_2372 <> (f2_2360 + perm_104_2341)))) or ((f_2340 <> Anon_full_perm))) or ((f_2241 <> Anon_full_perm))) or ((Anon_full_perm <> 1.))) or ((perm_62_2372 = Anon_full_perm))));
false$


rlqe rlex(((((((((((((((((((M = M_2214)) and ((M = M_2243))) and ((n = n_2213))) and ((0 < M_2214))) and (((v_int_110_2343 + 1) = n))) and ((0 < v_int_110_2343))) and ((0 <= flted_50_2244))) and ((perm_104_2341 = (v_int_110_2343 / M)))) and ((0 <= n_2213))) and ((0 <> v_int_110_2343))) and ((0 <= v_int_110_2343))) and ((0 <> n_2213))) and (((perm_104_2341 + f2_2360) = perm_2371))) and ((f2_2360 = (1 / M_2214)))) and ((n <= M))) and (((flted_50_2244 + 1) = n_2213))) and ((perm_62_2372 = (f2_2360 + perm_104_2341)))));
true$


rlqe rlall(((((((((((((((((((((((0 > flted_50_2244)) or (((flted_50_2244 + 1) <> n_2213))) or ((0 = n_2213))) or ((0 > n_2213))) or ((M <> M_2214))) or ((M <> M_2243))) or ((n <> n_2213))) or ((0 >= M_2214))) or (((v_int_110_2343 + 1) <> n))) or ((0 >= v_int_110_2343))) or ((n > M))) or ((f2_2360 <> (1 / M_2214)))) or (((perm_104_2341 + f2_2360) <> perm_2371))) or ((0 > v_int_110_2343))) or ((0 = v_int_110_2343))) or ((perm_104_2341 <> (v_int_110_2343 / M)))) or ((f_2340 <> Anon_full_perm))) or ((f_2241 <> Anon_full_perm))) or ((Anon_full_perm <> 1.))) or ((perm_62_2372 <> (f2_2360 + perm_104_2341)))) or ((perm_62_2372 = Anon_full_perm))));
false$


rlqe rlall((((((((((((((((((((((0 > flted_50_2244)) or ((0 = n_2213))) or (((perm_104_2341 + f2_2360) <> perm_2371))) or ((0 > v_int_110_2343))) or ((f2_2360 <> (1 / M_2214)))) or ((0 = v_int_110_2343))) or ((0 > n_2213))) or (((flted_50_2244 + 1) <> n_2213))) or ((0 >= v_int_110_2343))) or ((0 >= M_2214))) or ((M <> M_2214))) or ((M <> M_2243))) or ((n <> n_2213))) or (((v_int_110_2343 + 1) <> n))) or ((perm_62_2372 > 1.))) or ((perm_62_2372 <= 0.))) or ((perm_62_2372 <> (f2_2360 + perm_104_2341)))) or ((perm_104_2341 <> (v_int_110_2343 / M)))) or ((n > M))) or ((perm_62_2372 = (n / M)))));
true$


rlqe rlex(((((((((((((M = M_2214)) and ((M = M_2243))) and ((n = n_2213))) and ((0 <= flted_50_2244))) and (((flted_50_2244 + 1) = n_2213))) and ((n <= M))) and (((0 + 1) = n))) and ((perm_50_2390 = (1 / M_2214)))) and ((0 <= n_2213))) and ((0 <> n_2213))) and ((0 < M_2214))));
true$


rlqe rlall(((((((((((((((((0 > flted_50_2244)) or ((0 > n_2213))) or ((0 = n_2213))) or (((flted_50_2244 + 1) <> n_2213))) or ((n <> n_2213))) or ((0 >= M_2214))) or (((0 + 1) <> n))) or ((n > M))) or ((M <> M_2243))) or ((M <> M_2214))) or ((Anon_full_perm <> 1.))) or ((f_2241 <> Anon_full_perm))) or ((f_2340 <> Anon_full_perm))) or ((perm_50_2471 <> (1 / M_2214)))) or ((perm_50_2471 = Anon_full_perm))));
false$


rlqe rlall(((((((((((((((((0 > flted_50_2244)) or ((perm_50_2471 <> (1 / M_2214)))) or ((perm_50_2471 <= 0.))) or ((0 >= M_2214))) or (((flted_50_2244 + 1) <> n_2213))) or ((0 = n_2213))) or ((perm_50_2471 > 1.))) or ((0 > n_2213))) or ((M <> M_2214))) or ((M <> M_2243))) or ((n <> n_2213))) or ((perm_104_2474 <> perm_50_2471))) or ((n > M))) or (((0 + 1) <> n))) or ((perm_104_2474 = (n / M)))));
true$


rlqe rlex(((((((((((((M = M_2214)) and ((M = M_2243))) and ((n = n_2213))) and ((n <= M))) and ((0 <= flted_50_2244))) and (((flted_50_2244 + 1) = n_2213))) and ((0 < M_2214))) and ((perm_50_2471 = (1 / M_2214)))) and ((0 <= n_2213))) and (((0 + 1) = n))) and ((0 <> n_2213))));
true$


rlqe rlex(((((((((((((M = M_2214)) and ((M = M_2243))) and ((n = n_2213))) and ((n <= M))) and (((flted_50_2244 + 1) = n_2213))) and ((perm_50_2471 = (1 / M_2214)))) and (((0 + 1) = n))) and ((0 <> n_2213))) and ((0 <= n_2213))) and ((0 < M_2214))) and ((0 <= flted_50_2244))));
true$


rlqe rlall(((((((((((((((((0 > flted_50_2244)) or (((flted_50_2244 + 1) <> n_2213))) or ((0 > n_2213))) or ((0 = n_2213))) or ((n <> n_2213))) or (((0 + 1) <> n))) or ((0 >= M_2214))) or ((n > M))) or ((M <> M_2243))) or ((M <> M_2214))) or ((Anon_full_perm <> 1.))) or ((f_2241 <> Anon_full_perm))) or ((f_2340 <> Anon_full_perm))) or ((perm_50_2471 <> (1 / M_2214)))) or ((perm_50_2471 = Anon_full_perm))));
false$


rlqe rlall(((((((((((((((((0 > flted_50_2244)) or (((flted_50_2244 + 1) <> n_2213))) or ((0 > n_2213))) or ((0 = n_2213))) or ((n <> n_2213))) or (((0 + 1) <> n))) or ((0 >= M_2214))) or ((n > M))) or ((M <> M_2243))) or ((M <> M_2214))) or ((perm_50_2471 <> (1 / M_2214)))) or ((Anon_full_perm <> 1.))) or ((f_2241 <> Anon_full_perm))) or ((f_2340 <> Anon_full_perm))) or ((perm_50_2471 = Anon_full_perm))));
false$


rlqe rlall((((((((((((((((0 > n_2213)) or ((0 > flted_50_2244))) or ((0 >= M_2214))) or (((flted_50_2244 + 1) <> n_2213))) or ((0 = n_2213))) or ((M <> M_2214))) or ((M <> M_2243))) or ((n <> n_2213))) or ((n > M))) or ((perm_50_2471 > 1.))) or ((perm_50_2471 <> (1 / M_2214)))) or ((perm_50_2471 <= 0.))) or (((0 + 1) <> n))) or ((perm_50_2471 = (n / M)))));
true$


rlqe rlex(((((((((((((((M = M_2214)) and ((M = M_2243))) and ((n = n_2213))) and ((n <= M))) and ((perm_50_2492 <= 1.))) and ((perm_50_2492 = (1 / M_2214)))) and ((perm_50_2492 > 0.))) and ((0 <> n_2213))) and (((flted_50_2244 + 1) = n_2213))) and ((0 < M_2214))) and (((0 + 1) = n))) and ((0 <= flted_50_2244))) and ((0 <= n_2213))));
true$


rlqe rlex((((((((n = n_2538)) and ((n = n_2539))) and ((perm_104_2547 = (n / n)))) and ((0 < n_2539))) and ((0 <> n_2538))) and ((0 <= n_2538))));
true$


rlqe rlall((((((((((0 = n_2538)) or ((0 > n_2538))) or ((0 >= n_2539))) or ((n <> n_2539))) or ((n <> n_2538))) or ((perm_104_2567 <> (n / n)))) or ((Anon_full_perm <> 1.))) or ((perm_104_2567 = Anon_full_perm))));
true$


rlqe rlall(((((((((((((((x_2537 <= 0)) or ((x <> x_2537))) or ((0 = n_2538))) or ((0 > n_2538))) or ((perm_104_2567 <= 0.))) or ((perm_104_2567 > 1.))) or ((0 >= n_2539))) or ((n <> n_2538))) or ((n <> n_2539))) or ((perm_104_2567 <> (n / n)))) or ((tp = x))) or ((tp <= 0))) or (((tp <= 0)) or ((0 = n)))));
false$


rlqe rlall((((((((((((0 = n_2538)) or ((0 > n_2538))) or ((0 >= n_2539))) or ((n <> n_2539))) or ((n <> n_2538))) or ((perm_104_2567 <> (n / n)))) or ((perm_104_2567 > 1.))) or ((perm_104_2567 <= 0.))) or ((Anon_full_perm <> 1.))) or ((perm_104_2567 = Anon_full_perm))));
true$


rlqe rlex((((((((n = n_2538)) and ((n = n_2539))) and ((0 < n_2539))) and ((perm_104_2567 = (n / n)))) and ((0 <= n_2538))) and ((0 <> n_2538))));
true$


rlqe rlall(((((((0 >= M)) or ((M <> MPRMD))) or ((perm_66_2637 <> (1 / M)))) or ((Anon_full_perm <> 1.))) or ((perm_66_2637 = Anon_full_perm))));
false$


rlqe rlall(((((((((M <> MPRMD)) or ((0 >= M))) or ((perm_66_2637 > 1.))) or ((perm_66_2637 <= 0.))) or ((perm_66_2637 <> (1 / M)))) or ((f_2636 <> perm_66_2637))) or ((f_2636 > 0.))));
true$


rlqe rlall(((((((((M <> MPRMD)) or ((0 >= M))) or ((perm_66_2637 > 1.))) or ((perm_66_2637 <= 0.))) or ((perm_66_2637 <> (1 / M)))) or ((f_2636 <> perm_66_2637))) or ((f_2636 <= 1.))));
true$


rlqe rlall((((((((0 >= M)) or ((M <> MPRMD))) or ((f_2636 <> perm_66_2637))) or ((perm_66_2637 <> (1 / M)))) or ((Anon_full_perm <> 1.))) or ((perm_66_2637 = Anon_full_perm))));
false$


rlqe rlall(((((((((M <> MPRMD)) or ((perm_66_2637 <= 0.))) or ((0 >= M))) or ((perm_66_2637 > 1.))) or ((perm_66_2637 <> (1 / M)))) or ((f_2636 <> perm_66_2637))) or ((f_2636 > 0.))));
true$


rlqe rlall(((((((((M <> MPRMD)) or ((perm_66_2637 <= 0.))) or ((0 >= M))) or ((perm_66_2637 > 1.))) or ((perm_66_2637 <> (1 / M)))) or ((f_2636 <> perm_66_2637))) or ((f_2636 <= 1.))));
true$


rlqe rlex((((((((M = MPRMD)) and ((f_2636 = perm_66_2637))) and ((perm_66_2637 = (1 / M)))) and ((perm_66_2637 <= 1.))) and ((0 < M))) and ((perm_66_2637 > 0.))));
true$


rlqe rlall(((((((0 >= M)) or ((f_2636 <> perm_66_2637))) or ((perm_66_2637 <> (1 / M)))) or ((Anon_full_perm <> 1.))) or ((perm_66_2637 = Anon_full_perm))));
false$


rlqe rlall(((((((((perm_66_2637 > 1.)) or ((perm_66_2637 <= 0.))) or ((f_2636 <> perm_66_2637))) or ((f_2636 <> perm_67_2640))) or ((0 >= M))) or ((perm_66_2637 <> (1 / M)))) or ((perm_67_2640 = (1 / M)))));
true$


rlqe rlall((((((((f_2636 <> perm_66_2637)) or ((0 >= M))) or ((perm_66_2637 > 1.))) or ((perm_66_2637 <> (1 / M)))) or ((perm_66_2637 <= 0.))) or ((perm_66_2637 = (1 / M)))));
true$


rlqe rlex(((((f_2636 = perm_66_2637)) and ((0 < M))) and ((perm_66_2637 = (1 / M)))));
true$


