========assert-1-bug4.slk ==========
Starting Omega...oc

Entail (1) : Valid. 

 <1>emp&F(n) & n=t & n=null&{FLOW,(19,20)=__norm}[]
 inferred rel: [RELASS [F]: ( F(n)) -->  n=null]


Entail (2) : Valid. 

 <1>emp&F(t) & n=t & t=null&{FLOW,(19,20)=__norm}[]
 inferred rel: [RELASS [F]: ( F(t)) -->  t=null]


Entail (3) : Valid. 

 <1>emp&F(t) & G(n) & n=t & n=null&{FLOW,(19,20)=__norm}[]
 inferred rel: [RELASS [G]: ( G(n)) -->  n=null]


Entail (4) : Valid. 

 <1>emp&F(n) & G(t) & n=t & n=null&{FLOW,(19,20)=__norm}[]
 inferred rel: [RELASS [F]: ( F(n)) -->  n=null]


Entail (5) : Valid. 

 <1>emp&F(t) & G(t) & n=t & t=null&{FLOW,(19,20)=__norm}[]
 inferred rel: [RELASS [F,G]: ( F(t) & G(t)) -->  t=null]


Entail (6) : Valid. 

 <1>emp&F(n) & G(n) & n=t & n=null&{FLOW,(19,20)=__norm}[]
 inferred rel: [RELASS [F,G]: ( F(n) & G(n)) -->  n=null]
====================
