Starting Omega...oc
H is defined.
G is defined.
H_2 is defined.
H_3 is defined.
H_2a is defined.
H_3a is defined.

!!! >>>>>> step 1: find dangling ptrs, link pre and post-preds dangling preds<<<<<<
!!! >>>>>> step 2: split constraints based on pre and post-preds<<<<<<
!!! *** NO SPLITTING DONE ***
!!! >>>>>> step 3: apply transitive implication<<<<<<
!!! >>>>>> step 3a: simplification <<<<<<
!!! >>>>>> step 3b: do apply_transitive_imp <<<<<<
!!! >>>>>> pre-predicates<<<<<<
!!! >>>>>> step pre-4: remove unused predicates<<<<<<
!!! >>>>>> pre-predicates: step pre-5: group & simpl impl<<<<<<
!!! >>>>>> pre-predicates: step pre-6: combine<<<<<<
!!! >>>>>> pre-predicates: step pre-7: remove redundant x!=null<<<<<<
!!! >>>>>> pre-predicates: step pre-8: strengthen<<<<<<
!!! >>>>>> step 6: generalization <<<<<<
!!! >>>>>> post-predicates<<<<<<
!!! >>>>>> step post-4: step remove unused predicates<<<<<<
!!! >>>>>> post-predicates: step post-5: remove redundant x!=null : not implemented yet<<<<<<
!!! >>>>>> post-predicates: step post-61: weaken<<<<<<
!!! >>>>>> step 1: find dangling ptrs, link pre and post-preds dangling preds<<<<<<
!!! >>>>>> step 2: split constraints based on pre and post-preds<<<<<<
!!! *** NO SPLITTING DONE ***
!!! >>>>>> step 3: apply transitive implication<<<<<<
!!! >>>>>> step 3a: simplification <<<<<<
!!! >>>>>> step 3b: do apply_transitive_imp <<<<<<
!!! >>>>>> pre-predicates<<<<<<
!!! >>>>>> step pre-4: remove unused predicates<<<<<<
!!! >>>>>> pre-predicates: step pre-5: group & simpl impl<<<<<<
!!! >>>>>> pre-predicates: step pre-6: combine<<<<<<
!!! >>>>>> pre-predicates: step pre-7: remove redundant x!=null<<<<<<
!!! >>>>>> pre-predicates: step pre-8: strengthen<<<<<<
!!! >>>>>> step 6: generalization <<<<<<
!!! >>>>>> post-predicates<<<<<<
!!! >>>>>> step post-4: step remove unused predicates<<<<<<
!!! >>>>>> post-predicates: step post-5: remove redundant x!=null : not implemented yet<<<<<<
!!! >>>>>> post-predicates: step post-61: weaken<<<<<<

*************************************
*******relational definition ********
*************************************
path: (1,1)
[HP_RELDEFN H_3:  H_3(right_25_34) ::=  H(right_25_34)&right_25_34!=null,
HP_RELDEFN H_2:  H_2(left_25_35) ::=  H(left_25_35),
HP_RELDEFN H:  H(x_36) ::=  x_36::node<left_25_800,right_25_801>@M * H(left_25_800) * H(right_25_801)&
right_25_801!=null]
UNKNOWN: []
*************************************


*************************************
*******relational definition ********
*************************************
path: (1,2)
[HP_RELDEFN H_3:  H_3(right_25_37) ::=  emp&right_25_37=null]
UNKNOWN: []
*************************************

