========tll-if-divide-pre.slk ==========
Starting Omega...oc
H is defined.
G is defined.
H_2 is defined.
H_3 is defined.
H_2a is defined.
H_3a is defined.

!!! >>>>>> step 1: find dangling ptrs, link pre and post-preds dangling preds<<<<<<
!!! >>>>>> step 2: split constraints based on pre and post-preds<<<<<<
!!! *** NO SPLITTING DONE ***
!!! >>>>>> step 3: apply transitive implication<<<<<<
!!! >>>>>> step 3a: simplification <<<<<<
!!! >>>>>> step 3b: do apply_transitive_imp <<<<<<
!!! >>>>>> pre-predicates<<<<<<
!!! >>>>>> step pre-4: remove unused predicates<<<<<<
!!! >>>>>> pre-predicates: step pre-5: group & simpl impl<<<<<<
!!! >>>>>> pre-predicates: step pre-6: combine<<<<<<
!!! >>>>>> pre-predicates: step pre-7: remove redundant x!=null<<<<<<
!!! >>>>>> pre-predicates: step pre-8: strengthen<<<<<<
!!! >>>>>> step 6: generalization <<<<<<
!!! >>>>>> post-predicates<<<<<<
!!! >>>>>> step post-4: step remove unused predicates<<<<<<
!!! >>>>>> post-predicates: step post-5: remove redundant x!=null : not implemented yet<<<<<<
!!! >>>>>> post-predicates: step post-61: weaken<<<<<<
!!! >>>>>> step 1: find dangling ptrs, link pre and post-preds dangling preds<<<<<<
!!! >>>>>> step 2: split constraints based on pre and post-preds<<<<<<
!!! *** NO SPLITTING DONE ***
!!! >>>>>> step 3: apply transitive implication<<<<<<
!!! >>>>>> step 3a: simplification <<<<<<
!!! >>>>>> step 3b: do apply_transitive_imp <<<<<<
!!! >>>>>> pre-predicates<<<<<<
!!! >>>>>> step pre-4: remove unused predicates<<<<<<
!!! >>>>>> pre-predicates: step pre-5: group & simpl impl<<<<<<
!!! >>>>>> pre-predicates: step pre-6: combine<<<<<<
!!! >>>>>> pre-predicates: step pre-7: remove redundant x!=null<<<<<<
!!! >>>>>> pre-predicates: step pre-8: strengthen<<<<<<
!!! >>>>>> step 6: generalization <<<<<<
!!! >>>>>> post-predicates<<<<<<
!!! >>>>>> step post-4: step remove unused predicates<<<<<<
!!! >>>>>> post-predicates: step post-5: remove redundant x!=null : not implemented yet<<<<<<
!!! >>>>>> post-predicates: step post-61: weaken<<<<<<

*************************************
*******relational definition ********
*************************************
  H_3(right_25_34)<-> H(right_25_34)&right_25_34!=null
  H_2(left_25_35)<-> H(left_25_35)
  H(x_36)<-> x_36::node<left_25_800,right_25_801>@M * H(left_25_800) * H(right_25_801)&
right_25_801!=null
*************************************


*************************************
*******relational definition ********
*************************************
  H(x_37)<-> x_37::node<left_25_800,right_25_801>@M * H_2(left_25_800)&right_25_801=null
  H_3(right_25_38)<-> emp&right_25_38=null
 Declare_Unknown (1,0)[H_2]
*************************************
====================
