========tll-bug-1.slk ==========
Starting Omega...oc
H is defined.
G is defined.
HP_0 is defined.
HP_8 is defined.
HP_9 is defined.

!!! >>>>>> step 1: find dangling ptrs, link pre and post-preds dangling preds<<<<<<
!!! >>>>>> step 2: split constraints based on pre and post-preds<<<<<<
!!! *** NO SPLITTING DONE ***
!!! >>>>>> step 3: apply transitive implication<<<<<<
!!! >>>>>> step 3a: simplification <<<<<<
!!! >>>>>> step 3b: do apply_transitive_imp <<<<<<
!!! >>>>>> step 3a: simplification <<<<<<
!!! >>>>>> step 3b: do apply_transitive_imp <<<<<<
!!! >>>>>> pre-predicates<<<<<<
!!! >>>>>> step pre-4: remove unused predicates<<<<<<
!!! >>>>>> pre-predicates: step pre-5: group & simpl impl<<<<<<
!!! >>>>>> pre-predicates: step pre-6: combine<<<<<<
!!! >>>>>> pre-predicates: step pre-7: remove redundant x!=null<<<<<<
!!! >>>>>> pre-predicates: step pre-8: strengthen<<<<<<
!!! >>>>>> step 6: generalization <<<<<<
!!! >>>>>> post-predicates<<<<<<
!!! >>>>>> step post-4: step remove unused predicates<<<<<<
!!! >>>>>> post-predicates: step post-5: remove redundant x!=null : not implemented yet<<<<<<
!!! >>>>>> post-predicates: step post-61: weaken<<<<<<

*************************************
*******relational definition ********
*************************************
[ H(x_52,r_53) ::= x_52::node<left_29_845,right_29_846,next_29_847>@M * 
HP_8(left_29_845,r_53) * HP_9(right_29_846,r_53) * HP_0(next_29_847,r_53),
 HP_8(left_29_54,r_55) ::= H(left_29_54,l_47'),
 HP_9(right_29_56,r_57) ::= 
 H(left_29_47,l_47') * 
 right_29_56::node<left_29_47,right_29_48,next_29_49>@M * 
 HP_9(right_29_48,r_57) * HP_0(next_29_49,r_57)
 or emp&right_29_56=null
 ,
 HP_0(a,b) ::= NONE]
*************************************
====================
