========zip1b1.slk ==========
Starting Omega...oc
HL is defined.
H1 is defined.
HP_1 is defined.
HP_2 is defined.
HP_8 is defined.
G1 is defined.

!!! >>>>>> step 1: find dangling ptrs, link pre and post-preds dangling preds<<<<<<
!!! >>>>>> step 2: split constraints based on pre and post-preds<<<<<<
!!! *** NO SPLITTING DONE ***
!!! >>>>>> step 3: apply transitive implication<<<<<<
!!! >>>>>> step 3a: simplification <<<<<<
!!! >>>>>> step 3b: do apply_transitive_imp <<<<<<
!!! >>>>>> step 3a: simplification <<<<<<
!!! >>>>>> step 3b: do apply_transitive_imp <<<<<<
!!! >>>>>> pre-predicates<<<<<<
!!! >>>>>> step pre-4: remove unused predicates<<<<<<
!!! >>>>>> pre-predicates: step pre-5: group & simpl impl<<<<<<
!!! >>>>>> pre-predicates: step pre-6: combine<<<<<<
!!! >>>>>> pre-predicates: step pre-7: remove redundant x!=null<<<<<<
!!! >>>>>> pre-predicates: step pre-8: strengthen<<<<<<
!!! >>>>>> step 6: generalization <<<<<<
!!! >>>>>> generalize_one_cs_hp: <<<<<<
!!! >>>>>> post-predicates<<<<<<
!!! >>>>>> step post-4: step remove unused predicates<<<<<<
!!! >>>>>> post-predicates: step post-5: remove redundant x!=null : not implemented yet<<<<<<
!!! >>>>>> post-predicates: step post-61: weaken<<<<<<

*************************************
*******relational definition ********
*************************************
[ H1(x_86,y_87) ::= 
 H1(next_24_77,next_25_75) * y_87::node<val_25_74,next_25_75>@M * 
 x_86::node<val_24_76,next_24_77>@M
 or emp&x_86=null
 ,
 G1(x_88,y_89,res_90) ::= 
 emp&res_90=x_88 & res_90=null & x_88=null
 or y_89::node<val_25_826,next_25_827>@M * res_90::node<val_24_819,nn>@M * 
    G1(nn,next_25_827,rr)&nn=rr & res_90=x_88
 ]
*************************************
====================
