========zip1c2.slk ==========
Starting Omega...oc
H1 is defined.
G1 is defined.

!!! >>>>>> step 1: find dangling ptrs, link pre and post-preds dangling preds<<<<<<
!!! >>>>>> step 2: split constraints based on pre and post-preds<<<<<<
!!! **********************************
!!! **** split_base ****
!!! **********************************
!!! post_hps:[G1]
!!! prog_vars:[]
!!! BEFORE:[(1): H1(x,y)&x=null & res=null --> G1(x,y,res)]
!!! =============>>>>
!!! AFTER:[(1): emp&res=x & res=null & x=null --> G1(x,y,res),
(2): H1(x,y)&x=null --> emp]
!!! UNKNOWN added:[]
!!! **********************************
!!! **** end of split_base ****
!!! **********************************
!!! >>>>>> step 3: apply transitive implication<<<<<<
!!! >>>>>> step 3a: simplification <<<<<<
!!! >>>>>> step 3b: do apply_transitive_imp <<<<<<
!!! >>>>>> pre-predicates<<<<<<
!!! >>>>>> step pre-4: remove unused predicates<<<<<<
!!! >>>>>> pre-predicates: step pre-5: group & simpl impl<<<<<<
!!! >>>>>> pre-predicates: step pre-6: combine<<<<<<
!!! >>>>>> pre-predicates: step pre-7: remove redundant x!=null<<<<<<
!!! >>>>>> pre-predicates: step pre-8: strengthen<<<<<<
!!! >>>>>> step 6: generalization <<<<<<
!!! >>>>>> post-predicates<<<<<<
!!! >>>>>> step post-4: step remove unused predicates<<<<<<
!!! >>>>>> post-predicates: step post-5: remove redundant x!=null : not implemented yet<<<<<<
!!! >>>>>> post-predicates: step post-61: weaken<<<<<<

*************************************
*******relational definition ********
*************************************
[ H1(x_22,y_23) ::= emp&x_22=null,
 G1(x_24,y_25,res_26) ::= emp&x_24=null & res_26=null & res_26=x_24]
*************************************
====================
