========lab1.slk --dump-proof==========
Starting Omega...oc

Entail 1: Valid. 

 <1>emp&0<=n & 0<n&{FLOW,(19,20)=__norm}[]


Entail 2: Valid. 

 <1>emp&
 AndList( "":MayLoop ; "n":0<n ; "s":n=0) &{FLOW,(19,20)=__norm}[]


!!! src_files:[../lab1.slk]
!!! Number of log entries 7
!!! Logging logs/no_eps_proof_log____lab1_slk.txt
 
 id: 1<0; prover: OMEGA CALCULATOR; loc: _0:0_0:0; kind: Sleek_Entail(1)
 Sat:  0<=n & 0<n
 res: SAT
 -------------------- 
 id: 2<1; prover: OMEGA CALCULATOR; loc: _0:0_0:0; kind: Sleek_Entail(1)
 Imply: ante: 0<=n & 0<n
	     conseq:  0<=(1+n)
 res: true
 -------------------- 
 id: 3<1; prover: OMEGA CALCULATOR; loc: _0:0_0:0; kind: Sleek_Entail(1)
 Imply: ante: 0<=n & 0<n
	     conseq:  0<=n
 res: true
 -------------------- 
 id: 4<1; prover : CACHED ; loc: _0:0_0:0; kind: Sleek_Entail(1)
 Imply: ante: 0<=n & 0<n
	     conseq:  0<=n
 res: true
 -------------------- 
 id: 5<1; prover: OMEGA CALCULATOR; loc: _0:0_0:0; kind: Sleek_Entail(2)
 Sat:  MayLoop
 res: SAT
 -------------------- 
 id: 6<1; prover: OMEGA CALCULATOR; loc: _0:0_0:0; kind: Sleek_Entail(2)
 Sat:  0<n
 res: SAT
 -------------------- 
 id: 7<1; prover: OMEGA CALCULATOR; loc: _0:0_0:0; kind: Sleek_Entail(2)
 Sat:  n=0
 res: SAT
 --------------------
!!! Number of MONA calls:0
!!! Number of Omega calls:7

!!! Number of sleek log entries 0
!!! Logging logs/sleek_log____lab1_slk.txt
====================
