========lab3.slk --dump-proof==========
Starting Omega...oc

!!! dumping for sleek_dump(fail)
!!!  
 id: 5<1; prover: OMEGA CALCULATOR; loc: _0:0_0:0; kind: Sleek_Entail(1)
 Imply: ante: n=0
	     conseq:  n=1
 res: false
 --------------------
Entail 1: Fail.


!!! src_files:[../lab3.slk]
!!! Number of log entries 5
!!! Logging logs/no_eps_proof_log____lab3_slk.txt
 
 id: 1<0; prover: OMEGA CALCULATOR; loc: _0:0_0:0; kind: Sleek_Entail(1)
 Sat:  n=0
 res: SAT
 -------------------- 
 id: 2<0; prover: OMEGA CALCULATOR; loc: _0:0_0:0; kind: Sleek_Entail(1)
 Sat:  0<n
 res: SAT
 -------------------- 
 id: 3<0; prover: OMEGA CALCULATOR; loc: _0:0_0:0; kind: Sleek_Entail(1)
 Sat:  0<=n
 res: SAT
 -------------------- 
 id: 4<1; prover: OMEGA CALCULATOR; loc: _0:0_0:0; kind: Sleek_Entail(1)
 Imply: ante: 0<n
	     conseq:  0<n
 res: true
 -------------------- 
 id: 5<1; prover: OMEGA CALCULATOR; loc: _0:0_0:0; kind: Sleek_Entail(1)
 Imply: ante: n=0
	     conseq:  n=1
 res: false
 --------------------
!!! Number of MONA calls:0
!!! Number of Omega calls:5

!!! Number of sleek log entries 0
!!! Logging logs/sleek_log____lab3_slk.txt
====================
