========lab4.slk --dump-proof==========
Starting Omega...oc

Entail 1: Valid. 

 <1>emp&
 AndList( "":0<=n ; "n":0<n ; "s":n=0) &{FLOW,(19,20)=__norm}[]
<2>emp&
 AndList( "":0<=n ; "n":0<n ; "s":n=0) &{FLOW,(19,20)=__norm}[]


!!! src_files:[../lab4.slk]
!!! Number of log entries 5
!!! Logging logs/no_eps_proof_log____lab4_slk.txt
 
 id: 1<0; prover: OMEGA CALCULATOR; loc: _0:0_0:0; kind: Sleek_Entail(1)
 Sat:  0<=n
 res: SAT
 -------------------- 
 id: 2<0; prover: OMEGA CALCULATOR; loc: _0:0_0:0; kind: Sleek_Entail(1)
 Sat:  0<n
 res: SAT
 -------------------- 
 id: 3<0; prover: OMEGA CALCULATOR; loc: _0:0_0:0; kind: Sleek_Entail(1)
 Sat:  n=0
 res: SAT
 -------------------- 
 id: 4<1; prover: OMEGA CALCULATOR; loc: _0:0_0:0; kind: Sleek_Entail(1)
 Imply: ante: 0<n
	     conseq:  0<n
 res: true
 -------------------- 
 id: 5<2; prover: OMEGA CALCULATOR; loc: _0:0_0:0; kind: Sleek_Entail(1)
 Imply: ante: n=0
	     conseq:  0<=n
 res: true
 --------------------
!!! Number of MONA calls:0
!!! Number of Omega calls:5

!!! Number of sleek log entries 0
!!! Logging logs/sleek_log____lab4_slk.txt
====================
