/usr/local/bin/mona
/usr/local/bin/oc

Processing file "avl_size_height_bal_6_links.ss"
Parsing...
Parsing...
Starting Omega... 
Translating global variables to procedure parameters...
Translating to core language...

 warning avl_size_height_bal_6_links.ss_155_9 quantifying: resl resr resll reslr tmp1 resn tmp2 resln

 warning avl_size_height_bal_6_links.ss_129_9 quantifying: resl resr resrl resrr tmp1 resn tmp2 resrn

 warning avl_size_height_bal_6_links.ss_116_9 quantifying: ss1 bb1 ss3 bb2 h t h1 t1 h2 t2

 warning avl_size_height_bal_6_links.ss_99_9 quantifying: ss1 bb1 ss2 bb2 h t h1 t1 h2 t2

 warning avl_size_height_bal_6_links.ss_45_10 quantifying: resn resb
Checking procedure rotate_right_child$node... 
Procedure rotate_right_child$node SUCCESS
Checking procedure rotate_left_child$node... 
Procedure rotate_left_child$node SUCCESS
Checking procedure double_right_child$node... 
Procedure double_right_child$node SUCCESS
Checking procedure double_left_child$node... 
Procedure double_left_child$node SUCCESS
Checking procedure insert$node~int... IMPLY : End_of_file when checking 
 Restarting Omega after ... 2817 invocations Stop Omega... 2817 invocations Starting Omega... 
[omega.ml]Timeout when checking sat!13. Restarting Omega after ... 3130 invocations Stop Omega... 3130 invocations Starting Omega... 

Procedure insert$node~int SUCCESS
Checking procedure get_max$int~int... 
Procedure get_max$int~int SUCCESS
Checking procedure height$node... 
Procedure height$node SUCCESS
Stop Omega... 3499 invocations 
0 false contexts at: ()

Total verification time: 138.03 second(s)
	Time spent in main process: 26.38 second(s)
	Time spent in child processes: 111.65 second(s)
Counters: 
 cnt_--opt-imply 3 = 1566
cnt_Overall = 1
cnt_Parsing = 2
cnt_Preprocessing = 1
cnt_TP.imply_timeout = 3859
cnt_Translating global var = 1
cnt_Translating to Core = 1
cnt_add_pure = 2436
cnt_elim_exists = 214
cnt_elim_redundant_ctr = 16
cnt_empty_predicate_testing = 147
cnt_entail_prune = 52
cnt_erc_imply = 283
cnt_fast_imply = 3744
cnt_filter_dupl_memo = 6127
cnt_heap_entail_one_context_struc#2 = 66
cnt_heap_entail_one_context_struc#4 = 91
cnt_heap_entail_one_context_struc#fold = 38
cnt_imply = 3859
cnt_imply_proc_one_full = 140
cnt_imply_proc_one_ncplx = 1426
cnt_is_sat = 7970
cnt_memo_imply = 147
cnt_memo_norm = 2527
cnt_merge_mems_r_dups = 2602
cnt_method double_left_child$node = 1
cnt_method double_right_child$node = 1
cnt_method get_max$int~int = 1
cnt_method height$node = 1
cnt_method insert$node~int = 1
cnt_method rotate_left_child$node = 1
cnt_method rotate_right_child$node = 1
cnt_normalize_max_renaming_list_failesc_context = 118
cnt_pred_inference = 1
cnt_proof_after_base_case = 3
cnt_prune_imply = 1836
cnt_prune_preds = 360
cnt_prune_preds_filter = 360
cnt_push_exists_slicing = 446
cnt_simplify = 155
cnt_slow_imply = 283
cnt_unfold_unsat = 89
consumed_nodes_counter = 279
consumed_specialized_nodes = 81
dropped_branches = 38
false_imply_count = 2410
fast_imply_success = 47
impl_cache_count = 3217
impl_conseq_count = 1232
impl_proof_count = 1932
imply_sem_prun_false = 1817
imply_sem_prun_true = 19
need_split = 14
prune_cnt = 38
sat_cache_count = 7970
sat_proof_count = 1420
saved_unfolds = 24
stat_count_imply = 3859
stat_count_sat = 7970
stat_disj_count_imply = 10509
stat_disj_count_sat = 11521
stat_size_count_imply = 116021
stat_size_count_sat = 43118
syn_memo_count = 1883
syn_memo_hit = 47
total_unfold_disjs = 45
true_imply_count = 1449
with_disj_cnt_0_s = 1286
with_disj_cnt_2_f = 45
with_disj_cnt_2_s = 95
z_stat_disj_imply = 4507
z_stat_disj_sat = 8777

 profile results: there where 42 keys 
 
(--opt-imply 3,0.,1566,0.,[],  0.%) 
(Overall,138.02,1,138.02,[138.02],  100.%) 
(Parsing,0.01,2,0.,[],  0.01%) 
(Preprocessing,0.18,1,0.18,[],  0.13%) 
(TP.imply_timeout,0.,3859,0.,[],  0.%) 
(Translating global var,0.,1,0.,[],  0.%) 
(Translating to Core,0.15,1,0.15,[],  0.1%) 
(add_pure,0.07,2436,0.,[],  0.05%) 
(elim_exists,0.25,214,0.,[],  0.18%) 
(elim_redundant_ctr,0.04,16,0.,[],  0.02%) 
(empty_predicate_testing,1.01,147,0.,[],  0.73%) 
(entail_prune,0.24,52,0.,[],  0.17%) 
(erc_imply,0.04,283,0.,[],  0.02%) 
(fast_imply,0.,3744,0.,[],  0.%) 
(filter_dupl_memo,0.01,6127,0.,[],  0.01%) 
(heap_entail_one_context_struc#2,6.11,66,0.09,[0.61,0.78,1.2,1.24],  4.43%) 
(heap_entail_one_context_struc#4,0.85,91,0.,[],  0.61%) 
(heap_entail_one_context_struc#fold,11.36,32,0.35,[0.58,0.73,0.78,0.78,0.79,0.8,0.81,0.81,0.83,0.84],  8.23%) 
(imply,89.47,3859,0.02,[17.82,54.39],  64.83%) 
(imply_proc_one_full,76.45,140,0.54,[17.82,54.39],  55.39%) 
(imply_proc_one_ncplx,11.65,1426,0.,[],  8.44%) 
(is_sat,3.89,7970,0.,[],  2.82%) 
(memo_imply,0.94,147,0.,[],  0.68%) 
(memo_norm,0.,2527,0.,[],  0.%) 
(merge_mems_r_dups,0.,2602,0.,[],  0.%) 
(method double_left_child$node,0.71,1,0.71,[0.71],  0.51%) 
(method double_right_child$node,0.69,1,0.69,[0.69],  0.49%) 
(method get_max$int~int,0.,1,0.,[],  0.%) 
(method height$node,0.11,1,0.11,[],  0.08%) 
(method insert$node~int,95.85,1,95.85,[95.85],  69.44%) 
(method rotate_left_child$node,0.38,1,0.38,[],  0.27%) 
(method rotate_right_child$node,0.4,1,0.4,[],  0.28%) 
(normalize_max_renaming_list_failesc_context,0.06,118,0.,[],  0.05%) 
(pred_inference,0.06,1,0.06,[],  0.04%) 
(proof_after_base_case,0.16,3,0.05,[],  0.11%) 
(prune_imply,0.,1836,0.,[],  0.%) 
(prune_preds,0.46,360,0.,[],  0.33%) 
(prune_preds_filter,0.,360,0.,[],  0.%) 
(push_exists_slicing,0.25,446,0.,[],  0.18%) 
(simplify,0.41,155,0.,[],  0.29%) 
(slow_imply,0.04,283,0.,[],  0.02%) 
(unfold_unsat,0.,89,0.,[],  0.%)
