/usr/local/bin/mona
/usr/local/bin/oc

Processing file "avl_size_height_bags_1_link.ss"
Parsing...
Parsing...
Starting Omega... 
Translating global variables to procedure parameters...
Translating to core language...

 warning avl_size_height_bags_1_link.ss_440_10 quantifying: nn mm Sn

 warning avl_size_height_bags_1_link.ss_402_10 quantifying: Sn nn

 warning avl_size_height_bags_1_link.ss_371_12 quantifying: nn Sn r

 warning avl_size_height_bags_1_link.ss_296_10 quantifying: Sn r

 warning avl_size_height_bags_1_link.ss_215_10 quantifying: Sn r

 warning avl_size_height_bags_1_link.ss_147_10 quantifying: nn Sn

 warning avl_size_height_bags_1_link.ss_123_10 quantifying: S

 warning avl_size_height_bags_1_link.ss_97_10 quantifying: S

 warning avl_size_height_bags_1_link.ss_67_10 quantifying: S

 warning avl_size_height_bags_1_link.ss_50_10 quantifying: S
Checking procedure main$... 
Procedure main$ SUCCESS
Checking procedure delete$node~int... 
[MONA.ml]:Timeout exception IMPLY no :3409

Procedure delete$node~int SUCCESS
Checking procedure delete_top$node... 
Procedure delete_top$node SUCCESS
Checking procedure remove_min$node~myint... 
Procedure remove_min$node~myint SUCCESS
Checking procedure remove_max_add$node~myint... 
Procedure remove_max_add$node~myint SUCCESS
Checking procedure remove_min_add$node~myint... 
Procedure remove_min_add$node~myint SUCCESS
Checking procedure insert$node~int... 
Procedure insert$node~int SUCCESS
Checking procedure rotate_double_right$node~node~node~node~int~int~int... 
Procedure rotate_double_right$node~node~node~node~int~int~int SUCCESS
Checking procedure rotate_double_left$node~node~node~node~int~int~int... 
Procedure rotate_double_left$node~node~node~node~int~int~int SUCCESS
Checking procedure get_max$int~int... 
Procedure get_max$int~int SUCCESS
Checking procedure rotate_right$node~node~node~int~int... 
Procedure rotate_right$node~node~node~int~int SUCCESS
Checking procedure rotate_left$node~node~node~int~int... 
Procedure rotate_left$node~node~node~int~int SUCCESS
Checking procedure height$node... 
Procedure height$node SUCCESS
Stop Omega... 4751 invocations 
0 false contexts at: ()

Total verification time: 168.71 second(s)
	Time spent in main process: 25.07 second(s)
	Time spent in child processes: 143.64 second(s)
Counters: 
 cnt_Overall = 1
cnt_Parsing = 2
cnt_Preprocessing = 1
cnt_TP.imply_timeout = 10226
cnt_Translating global var = 1
cnt_Translating to Core = 1
cnt_add_pure = 10612
cnt_elim_exists = 1128
cnt_elim_redundant_ctr = 25
cnt_empty_predicate_testing = 241
cnt_entail_prune = 380
cnt_erc_imply = 221
cnt_fast_imply = 13531
cnt_filter_dupl_memo = 23200
cnt_heap_entail_one_context_struc#2 = 186
cnt_heap_entail_one_context_struc#4 = 181
cnt_heap_entail_one_context_struc#fold = 137
cnt_imply = 10226
cnt_imply_proc_one_full = 587
cnt_imply_proc_one_ncplx = 2529
cnt_is_sat = 10973
cnt_memo_imply = 241
cnt_memo_norm = 10779
cnt_merge_mems_r_dups = 9981
cnt_method delete$node~int = 1
cnt_method delete_top$node = 1
cnt_method get_max$int~int = 1
cnt_method height$node = 1
cnt_method insert$node~int = 1
cnt_method main$ = 1
cnt_method remove_max_add$node~myint = 1
cnt_method remove_min$node~myint = 1
cnt_method remove_min_add$node~myint = 1
cnt_method rotate_double_left$node~node~node~node~int~int~int = 1
cnt_method rotate_double_right$node~node~node~node~int~int~int = 1
cnt_method rotate_left$node~node~node~int~int = 1
cnt_method rotate_right$node~node~node~int~int = 1
cnt_normalize_max_renaming_list_failesc_context = 935
cnt_pred_inference = 1
cnt_proof_after_base_case = 59
cnt_prune_imply = 6632
cnt_prune_preds = 1533
cnt_prune_preds_filter = 1533
cnt_push_exists_slicing = 1366
cnt_simplify = 98
cnt_slow_imply = 221
cnt_unfold_unsat = 367
consumed_nodes_counter = 1067
consumed_specialized_nodes = 420
dropped_branches = 95
false_imply_count = 7709
fast_imply_success = 176
impl_cache_count = 9210
impl_conseq_count = 2822
impl_proof_count = 5350
imply_sem_prun_false = 6590
imply_sem_prun_true = 42
prune_cnt = 95
sat_cache_count = 10973
sat_proof_count = 2310
saved_unfolds = 15
stat_count_imply = 10226
stat_count_sat = 10973
stat_disj_count_imply = 4953425
stat_disj_count_sat = 5461099
stat_size_count_imply = 140029
stat_size_count_sat = 61882
syn_memo_count = 6808
syn_memo_hit = 176
total_unfold_disjs = 181
true_imply_count = 2517
with_disj_cnt_0_s = 1942
with_disj_cnt_2_f = 136
with_disj_cnt_2_s = 451
z_stat_disj_imply = 15672
z_stat_disj_sat = 18118

 profile results: there where 47 keys 
 
(Overall,168.7,1,168.7,[168.7],  100.%) 
(Parsing,0.03,2,0.01,[],  0.01%) 
(Preprocessing,1.76,1,1.76,[1.76],  1.04%) 
(TP.imply_timeout,0.,10226,0.,[],  0.%) 
(Translating global var,0.01,1,0.01,[],  0.01%) 
(Translating to Core,1.71,1,1.71,[1.71],  1.01%) 
(add_pure,0.16,10612,0.,[],  0.1%) 
(elim_exists,0.,1128,0.,[],  0.%) 
(elim_redundant_ctr,0.26,25,0.01,[],  0.15%) 
(empty_predicate_testing,113.32,241,0.47,[0.51,0.52,0.54,0.57,0.59,0.66,0.67,0.7,0.76,0.76,0.79,0.81,0.84,0.96,1.04,1.06,1.25,1.26,1.27,1.44,1.73,2.28,3.39,4.03,4.07,4.89,5.14,5.19,5.4,5.57,5.57,5.76,7.24,8.51,11.01],  67.17%) 
(entail_prune,9.42,380,0.02,[],  5.58%) 
(erc_imply,0.26,221,0.,[],  0.15%) 
(fast_imply,0.01,13531,0.,[],  0.01%) 
(filter_dupl_memo,0.04,23200,0.,[],  0.02%) 
(heap_entail_one_context_struc#2,86.44,186,0.46,[0.54,0.59,0.85,1.04,1.11,1.13,1.25,1.37,1.45,3.96,3.98,7.15,19.48,24.97],  51.23%) 
(heap_entail_one_context_struc#4,6.05,181,0.03,[],  3.58%) 
(heap_entail_one_context_struc#fold,26.73,47,0.56,[0.59,0.65,0.74,0.85,1.01,1.2,1.21,1.26,1.29,1.34,1.48,2.22,2.23,3.,3.03],  15.85%) 
(imply,139.54,10226,0.01,[0.51,0.52,0.54,0.57,0.59,0.66,0.67,0.7,0.76,0.76,0.79,0.81,0.84,0.96,1.04,1.06,1.25,1.26,1.27,1.44,1.73,2.28,3.39,4.03,4.07,4.89,5.14,5.19,5.4,5.57,5.57,5.76,7.24,8.51,11.01],  82.72%) 
(imply_proc_one_full,4.15,587,0.,[],  2.45%) 
(imply_proc_one_ncplx,8.05,2529,0.,[],  4.77%) 
(is_sat,16.36,10973,0.,[],  9.69%) 
(memo_imply,111.72,241,0.46,[0.51,0.52,0.54,0.57,0.59,0.66,0.67,0.7,0.76,0.76,0.79,0.81,0.84,0.96,1.04,1.06,1.25,1.26,1.27,1.44,1.73,2.28,3.39,4.03,4.07,4.89,5.14,5.19,5.4,5.57,5.57,5.76,7.24,8.51,11.01],  66.22%) 
(memo_norm,0.,10779,0.,[],  0.%) 
(merge_mems_r_dups,0.,9981,0.,[],  0.%) 
(method delete$node~int,102.14,1,102.14,[102.14],  60.54%) 
(method delete_top$node,13.4,1,13.4,[13.4],  7.94%) 
(method get_max$int~int,0.,1,0.,[],  0.%) 
(method height$node,0.29,1,0.29,[],  0.17%) 
(method insert$node~int,10.85,1,10.85,[10.85],  6.43%) 
(method main$,1.,1,1.,[1.],  0.59%) 
(method remove_max_add$node~myint,15.08,1,15.08,[15.08],  8.94%) 
(method remove_min$node~myint,3.48,1,3.48,[3.48],  2.06%) 
(method remove_min_add$node~myint,15.34,1,15.34,[15.34],  9.09%) 
(method rotate_double_left$node~node~node~node~int~int~int,1.17,1,1.17,[1.17],  0.69%) 
(method rotate_double_right$node~node~node~node~int~int~int,1.21,1,1.21,[1.21],  0.71%) 
(method rotate_left$node~node~node~int~int,0.32,1,0.32,[],  0.19%) 
(method rotate_right$node~node~node~int~int,0.33,1,0.33,[],  0.19%) 
(normalize_max_renaming_list_failesc_context,0.16,935,0.,[],  0.1%) 
(pred_inference,0.94,1,0.94,[0.94],  0.55%) 
(proof_after_base_case,9.46,49,0.19,[0.53,0.53,0.54,0.55,0.65,0.96,1.],  5.61%) 
(prune_imply,0.,6632,0.,[],  0.%) 
(prune_preds,15.67,1533,0.01,[],  9.29%) 
(prune_preds_filter,0.05,1533,0.,[],  0.03%) 
(push_exists_slicing,0.,1366,0.,[],  0.%) 
(simplify,0.,98,0.,[],  0.%) 
(slow_imply,0.26,221,0.,[],  0.15%) 
(unfold_unsat,0.,367,0.,[],  0.%)
