/usr/local/bin/mona
/usr/local/bin/oc

Processing file "avl_size_height_bal_1_link.ss"
Parsing...
Parsing...
Starting Omega... 
Translating global variables to procedure parameters...
Translating to core language...

 warning avl_size_height_bal_1_link.ss_224_9 quantifying: resl resr resll reslr tmp1 resn tmp2 resln

 warning avl_size_height_bal_1_link.ss_198_9 quantifying: resl resr resrl resrr tmp1 resn tmp2 resrn

 warning avl_size_height_bal_1_link.ss_178_9 quantifying: ss1 ss3 h t h1 t1 h2 t2

 warning avl_size_height_bal_1_link.ss_141_9 quantifying: ss1 ss2 h t h1 t1 h2 t2

 warning avl_size_height_bal_1_link.ss_78_10 quantifying: resn resb
Checking procedure rotate_right_child$node... 
Procedure rotate_right_child$node SUCCESS
Checking procedure rotate_left_child$node... 
Procedure rotate_left_child$node SUCCESS
Checking procedure double_right_child$node... 
Procedure double_right_child$node SUCCESS
Checking procedure double_left_child$node... 
Procedure double_left_child$node SUCCESS
Checking procedure insert$node~int... 
Procedure insert$node~int SUCCESS
Checking procedure get_max$int~int... 
Procedure get_max$int~int SUCCESS
Checking procedure height$node... 
Procedure height$node SUCCESS
Stop Omega... 2503 invocations 
0 false contexts at: ()

Total verification time: 7.15 second(s)
	Time spent in main process: 4.61 second(s)
	Time spent in child processes: 2.54 second(s)
Counters: 
 cnt_Overall = 1
cnt_Parsing = 2
cnt_Preprocessing = 1
cnt_TP.imply_timeout = 2995
cnt_Translating global var = 1
cnt_Translating to Core = 1
cnt_add_pure = 2438
cnt_elim_exists = 238
cnt_elim_redundant_ctr = 16
cnt_empty_predicate_testing = 147
cnt_entail_prune = 52
cnt_erc_imply = 134
cnt_fast_imply = 3490
cnt_filter_dupl_memo = 5859
cnt_heap_entail_one_context_struc#2 = 66
cnt_heap_entail_one_context_struc#4 = 91
cnt_heap_entail_one_context_struc#fold = 38
cnt_imply = 2995
cnt_imply_proc_one_full = 160
cnt_imply_proc_one_ncplx = 872
cnt_is_sat = 2853
cnt_memo_imply = 147
cnt_memo_norm = 2539
cnt_merge_mems_r_dups = 2523
cnt_method double_left_child$node = 1
cnt_method double_right_child$node = 1
cnt_method get_max$int~int = 1
cnt_method height$node = 1
cnt_method insert$node~int = 1
cnt_method rotate_left_child$node = 1
cnt_method rotate_right_child$node = 1
cnt_normalize_max_renaming_list_failesc_context = 118
cnt_pred_inference = 1
cnt_proof_after_base_case = 3
cnt_prune_imply = 1665
cnt_prune_preds = 360
cnt_prune_preds_filter = 360
cnt_simplify = 162
cnt_slow_imply = 134
cnt_unfold_unsat = 89
consumed_nodes_counter = 279
consumed_specialized_nodes = 99
dropped_branches = 42
false_imply_count = 2119
fast_imply_success = 105
impl_cache_count = 2630
impl_conseq_count = 793
impl_proof_count = 1630
imply_sem_prun_false = 1640
imply_sem_prun_true = 25
need_split = 18
prune_cnt = 42
sat_cache_count = 2853
sat_proof_count = 719
saved_unfolds = 24
stat_count_imply = 2995
stat_count_sat = 2853
stat_disj_count_imply = 7897
stat_disj_count_sat = 5628
stat_size_count_imply = 39275
stat_size_count_sat = 24542
syn_memo_count = 1770
syn_memo_hit = 105
total_unfold_disjs = 45
true_imply_count = 876
with_disj_cnt_0_s = 712
with_disj_cnt_2_f = 44
with_disj_cnt_2_s = 116
z_stat_disj_imply = 3436
z_stat_disj_sat = 3548

 profile results: there where 40 keys 
 
(Overall,7.14,1,7.14,[7.14],  100.%) 
(Parsing,0.01,2,0.,[],  0.28%) 
(Preprocessing,0.11,1,0.11,[],  1.54%) 
(TP.imply_timeout,0.,2995,0.,[],  0.%) 
(Translating global var,0.01,1,0.01,[],  0.14%) 
(Translating to Core,0.07,1,0.07,[],  1.12%) 
(add_pure,0.01,2438,0.,[],  0.28%) 
(elim_exists,0.11,238,0.,[],  1.54%) 
(elim_redundant_ctr,0.,16,0.,[],  0.14%) 
(empty_predicate_testing,0.81,147,0.,[],  11.48%) 
(entail_prune,0.2,52,0.,[],  2.8%) 
(erc_imply,0.,134,0.,[],  0.14%) 
(fast_imply,0.,3490,0.,[],  0.%) 
(filter_dupl_memo,0.01,5859,0.,[],  0.14%) 
(heap_entail_one_context_struc#2,1.62,66,0.02,[],  22.82%) 
(heap_entail_one_context_struc#4,0.62,91,0.,[],  8.82%) 
(heap_entail_one_context_struc#fold,0.87,32,0.02,[],  12.32%) 
(imply,1.64,2995,0.,[],  22.96%) 
(imply_proc_one_full,0.1,160,0.,[],  1.54%) 
(imply_proc_one_ncplx,0.29,872,0.,[],  4.06%) 
(is_sat,1.11,2853,0.,[],  15.54%) 
(memo_imply,0.8,147,0.,[],  11.34%) 
(memo_norm,0.,2539,0.,[],  0.14%) 
(merge_mems_r_dups,0.,2523,0.,[],  0.%) 
(method double_left_child$node,0.2,1,0.2,[],  2.8%) 
(method double_right_child$node,0.19,1,0.19,[],  2.8%) 
(method get_max$int~int,0.,1,0.,[],  0.%) 
(method height$node,0.04,1,0.04,[],  0.7%) 
(method insert$node~int,3.6,1,3.6,[3.6],  50.42%) 
(method rotate_left_child$node,0.2,1,0.2,[],  2.8%) 
(method rotate_right_child$node,0.22,1,0.22,[],  3.08%) 
(normalize_max_renaming_list_failesc_context,0.,118,0.,[],  0.%) 
(pred_inference,0.03,1,0.03,[],  0.56%) 
(proof_after_base_case,0.02,3,0.,[],  0.42%) 
(prune_imply,0.,1665,0.,[],  0.%) 
(prune_preds,0.44,360,0.,[],  6.16%) 
(prune_preds_filter,0.,360,0.,[],  0.%) 
(simplify,0.23,162,0.,[],  3.22%) 
(slow_imply,0.,134,0.,[],  0.14%) 
(unfold_unsat,0.02,89,0.,[],  0.28%)
