/usr/local/bin/mona
/usr/local/bin/oc

Processing file "avl_size_height_bags_1_link.ss"
Parsing...
Parsing...
Starting Omega... 
Translating global variables to procedure parameters...
Translating to core language...

 warning avl_size_height_bags_1_link.ss_440_10 quantifying: nn mm Sn

 warning avl_size_height_bags_1_link.ss_402_10 quantifying: Sn nn

 warning avl_size_height_bags_1_link.ss_371_12 quantifying: nn Sn r

 warning avl_size_height_bags_1_link.ss_296_10 quantifying: Sn r

 warning avl_size_height_bags_1_link.ss_215_10 quantifying: Sn r

 warning avl_size_height_bags_1_link.ss_147_10 quantifying: nn Sn

 warning avl_size_height_bags_1_link.ss_123_10 quantifying: S

 warning avl_size_height_bags_1_link.ss_97_10 quantifying: S

 warning avl_size_height_bags_1_link.ss_67_10 quantifying: S

 warning avl_size_height_bags_1_link.ss_50_10 quantifying: S
Checking procedure main$... 
Procedure main$ SUCCESS
Checking procedure delete$node~int... 
[MONA.ml]:Timeout exception IMPLY no :2771

[MONA.ml]:Timeout exception IMPLY no :5024

Procedure delete$node~int SUCCESS
Checking procedure delete_top$node... 
Procedure delete_top$node SUCCESS
Checking procedure remove_min$node~myint... 
Procedure remove_min$node~myint SUCCESS
Checking procedure remove_max_add$node~myint... 
Procedure remove_max_add$node~myint SUCCESS
Checking procedure remove_min_add$node~myint... 
Procedure remove_min_add$node~myint SUCCESS
Checking procedure insert$node~int... 
Procedure insert$node~int SUCCESS
Checking procedure rotate_double_right$node~node~node~node~int~int~int... 
Procedure rotate_double_right$node~node~node~node~int~int~int SUCCESS
Checking procedure rotate_double_left$node~node~node~node~int~int~int... 
Procedure rotate_double_left$node~node~node~node~int~int~int SUCCESS
Checking procedure get_max$int~int... 
Procedure get_max$int~int SUCCESS
Checking procedure rotate_right$node~node~node~int~int... 
Procedure rotate_right$node~node~node~int~int SUCCESS
Checking procedure rotate_left$node~node~node~int~int... 
Procedure rotate_left$node~node~node~int~int SUCCESS
Checking procedure height$node... 
Procedure height$node SUCCESS
Stop Omega... 5575 invocations 
0 false contexts at: ()

Total verification time: 255.96 second(s)
	Time spent in main process: 28.21 second(s)
	Time spent in child processes: 227.75 second(s)
Counters: 
 cnt_Overall = 1
cnt_Parsing = 2
cnt_Preprocessing = 1
cnt_TP.imply_timeout = 10105
cnt_Translating global var = 1
cnt_Translating to Core = 1
cnt_add_pure = 10612
cnt_elim_exists = 1128
cnt_elim_redundant_ctr = 25
cnt_empty_predicate_testing = 241
cnt_entail_prune = 380
cnt_erc_imply = 221
cnt_fast_imply = 13669
cnt_filter_dupl_memo = 22625
cnt_heap_entail_one_context_struc#2 = 186
cnt_heap_entail_one_context_struc#4 = 181
cnt_heap_entail_one_context_struc#fold = 137
cnt_imply = 10105
cnt_imply_proc_one_full = 619
cnt_imply_proc_one_ncplx = 2370
cnt_is_sat = 7035
cnt_memo_imply = 241
cnt_memo_norm = 10806
cnt_merge_mems_r_dups = 9466
cnt_method delete$node~int = 1
cnt_method delete_top$node = 1
cnt_method get_max$int~int = 1
cnt_method height$node = 1
cnt_method insert$node~int = 1
cnt_method main$ = 1
cnt_method remove_max_add$node~myint = 1
cnt_method remove_min$node~myint = 1
cnt_method remove_min_add$node~myint = 1
cnt_method rotate_double_left$node~node~node~node~int~int~int = 1
cnt_method rotate_double_right$node~node~node~node~int~int~int = 1
cnt_method rotate_left$node~node~node~int~int = 1
cnt_method rotate_right$node~node~node~int~int = 1
cnt_normalize_max_renaming_list_failesc_context = 935
cnt_pred_inference = 1
cnt_proof_after_base_case = 59
cnt_prune_imply = 6638
cnt_prune_preds = 1533
cnt_prune_preds_filter = 1533
cnt_simplify = 98
cnt_slow_imply = 221
cnt_unfold_unsat = 367
consumed_nodes_counter = 1067
consumed_specialized_nodes = 439
dropped_branches = 99
false_imply_count = 7675
fast_imply_success = 260
impl_cache_count = 9392
impl_conseq_count = 2680
impl_proof_count = 6926
imply_sem_prun_false = 6573
imply_sem_prun_true = 65
need_split = 50
prune_cnt = 99
sat_cache_count = 7035
sat_proof_count = 1383
saved_unfolds = 15
stat_count_imply = 10105
stat_count_sat = 7035
stat_disj_count_imply = 5299001
stat_disj_count_sat = 5457161
stat_size_count_imply = 265248
stat_size_count_sat = 58857
syn_memo_count = 6898
syn_memo_hit = 260
total_unfold_disjs = 181
true_imply_count = 2430
with_disj_cnt_0_s = 1751
with_disj_cnt_2_f = 136
with_disj_cnt_2_s = 483
z_stat_disj_imply = 16001
z_stat_disj_sat = 14180

 profile results: there where 46 keys 
 
(Overall,255.95,1,255.95,[255.95],  100.%) 
(Parsing,0.03,2,0.01,[],  0.01%) 
(Preprocessing,1.7,1,1.7,[1.7],  0.66%) 
(TP.imply_timeout,0.,10105,0.,[],  0.%) 
(Translating global var,0.02,1,0.02,[],  0.%) 
(Translating to Core,1.65,1,1.65,[1.65],  0.64%) 
(add_pure,0.14,10612,0.,[],  0.05%) 
(elim_exists,0.,1128,0.,[],  0.%) 
(elim_redundant_ctr,0.21,25,0.,[],  0.08%) 
(empty_predicate_testing,178.05,241,0.73,[0.52,0.53,0.56,0.65,0.79,0.8,0.82,0.84,0.92,1.01,1.02,1.03,1.09,1.15,1.4,1.56,1.58,1.59,1.73,1.83,1.96,2.1,2.17,2.19,2.22,2.26,2.37,2.66,2.86,2.98,3.19,3.66,3.82,4.04,4.9,5.13,5.28,5.39,6.41,6.52,8.,8.01,8.46,8.71,10.32,11.01,11.03],  69.56%) 
(entail_prune,13.09,380,0.03,[],  5.11%) 
(erc_imply,0.21,221,0.,[],  0.08%) 
(fast_imply,0.,13669,0.,[],  0.%) 
(filter_dupl_memo,0.07,22625,0.,[],  0.02%) 
(heap_entail_one_context_struc#2,137.14,186,0.73,[0.51,0.53,0.53,0.53,0.75,0.77,1.12,1.25,1.68,1.68,1.68,1.92,2.07,2.27,2.48,5.11,5.22,6.1,7.03,21.18,24.3,30.52],  53.58%) 
(heap_entail_one_context_struc#4,6.97,181,0.03,[],  2.72%) 
(heap_entail_one_context_struc#fold,26.73,47,0.56,[0.56,0.69,0.78,0.79,0.87,0.88,0.9,0.96,1.06,1.31,1.35,1.58,1.69,1.71,1.73,2.21,2.33],  10.44%) 
(imply,213.97,10105,0.02,[0.52,0.53,0.56,0.65,0.79,0.8,0.82,0.84,0.92,1.01,1.02,1.03,1.08,1.15,1.4,1.56,1.58,1.59,1.73,1.81,1.83,1.96,2.1,2.17,2.19,2.22,2.26,2.37,2.51,2.66,2.86,2.98,3.19,3.66,3.82,4.04,4.89,5.13,5.28,5.39,6.41,6.52,8.,8.01,8.46,8.71,10.32,11.01,11.02],  83.6%) 
(imply_proc_one_full,4.26,619,0.,[],  1.66%) 
(imply_proc_one_ncplx,12.66,2370,0.,[1.81,2.51],  4.94%) 
(is_sat,12.75,7035,0.,[],  4.98%) 
(memo_imply,175.87,241,0.72,[0.52,0.53,0.56,0.65,0.79,0.8,0.82,0.84,0.92,1.01,1.02,1.03,1.08,1.15,1.4,1.56,1.58,1.59,1.73,1.83,1.96,2.1,2.17,2.19,2.22,2.26,2.37,2.66,2.86,2.98,3.19,3.66,3.82,4.04,4.89,5.13,5.28,5.39,6.41,6.52,8.,8.01,8.46,8.71,10.32,11.01,11.02],  68.71%) 
(memo_norm,0.,10806,0.,[],  0.%) 
(merge_mems_r_dups,0.,9466,0.,[],  0.%) 
(method delete$node~int,148.35,1,148.35,[148.35],  57.96%) 
(method delete_top$node,36.78,1,36.78,[36.78],  14.37%) 
(method get_max$int~int,0.01,1,0.01,[],  0.%) 
(method height$node,0.27,1,0.27,[],  0.1%) 
(method insert$node~int,9.21,1,9.21,[9.21],  3.6%) 
(method main$,1.15,1,1.15,[1.15],  0.44%) 
(method remove_max_add$node~myint,12.94,1,12.94,[12.94],  5.05%) 
(method remove_min$node~myint,3.37,1,3.37,[3.37],  1.32%) 
(method remove_min_add$node~myint,13.29,1,13.29,[13.29],  5.19%) 
(method rotate_double_left$node~node~node~node~int~int~int,3.31,1,3.31,[3.31],  1.29%) 
(method rotate_double_right$node~node~node~node~int~int~int,3.3,1,3.3,[3.3],  1.29%) 
(method rotate_left$node~node~node~int~int,0.4,1,0.4,[],  0.15%) 
(method rotate_right$node~node~node~int~int,0.39,1,0.39,[],  0.15%) 
(normalize_max_renaming_list_failesc_context,0.16,935,0.,[],  0.06%) 
(pred_inference,0.88,1,0.88,[0.88],  0.34%) 
(proof_after_base_case,7.01,49,0.14,[0.51],  2.74%) 
(prune_imply,0.02,6638,0.,[],  0.%) 
(prune_preds,21.24,1533,0.01,[],  8.29%) 
(prune_preds_filter,0.,1533,0.,[],  0.%) 
(simplify,0.,98,0.,[],  0.%) 
(slow_imply,0.21,221,0.,[],  0.08%) 
(unfold_unsat,0.,367,0.,[],  0.%)
