/usr/local/bin/mona
/usr/local/bin/oc

Processing file "avl_size_height_bal_6_links.ss"
Parsing...
Parsing...
Starting Omega... 
Translating global variables to procedure parameters...
Translating to core language...

 warning avl_size_height_bal_6_links.ss_155_9 quantifying: resl resr resll reslr tmp1 resn tmp2 resln

 warning avl_size_height_bal_6_links.ss_129_9 quantifying: resl resr resrl resrr tmp1 resn tmp2 resrn

 warning avl_size_height_bal_6_links.ss_116_9 quantifying: ss1 bb1 ss3 bb2 h t h1 t1 h2 t2

 warning avl_size_height_bal_6_links.ss_99_9 quantifying: ss1 bb1 ss2 bb2 h t h1 t1 h2 t2

 warning avl_size_height_bal_6_links.ss_45_10 quantifying: resn resb
Checking procedure rotate_right_child$node... 
Procedure rotate_right_child$node SUCCESS
Checking procedure rotate_left_child$node... 
Procedure rotate_left_child$node SUCCESS
Checking procedure double_right_child$node... 
Procedure double_right_child$node SUCCESS
Checking procedure double_left_child$node... 
Procedure double_left_child$node SUCCESS
Checking procedure insert$node~int... [omega.ml]Timeout when checking sat!13. Restarting Omega after ... 2034 invocations Stop Omega... 2034 invocations Starting Omega... 
IMPLY : End_of_file when checking 
 Restarting Omega after ... 2423 invocations Stop Omega... 2423 invocations Starting Omega... 
IMPLY : End_of_file when checking 
 Restarting Omega after ... 2717 invocations Stop Omega... 2717 invocations Starting Omega... 

Procedure insert$node~int SUCCESS
Checking procedure get_max$int~int... 
Procedure get_max$int~int SUCCESS
Checking procedure height$node... 
Procedure height$node SUCCESS
Stop Omega... 3073 invocations 
0 false contexts at: ()

Total verification time: 238.9 second(s)
	Time spent in main process: 19.41 second(s)
	Time spent in child processes: 219.49 second(s)
Counters: 
 cnt_Overall = 1
cnt_Parsing = 2
cnt_Preprocessing = 1
cnt_TP.imply_timeout = 3258
cnt_Translating global var = 1
cnt_Translating to Core = 1
cnt_add_pure = 2441
cnt_elim_exists = 120
cnt_elim_redundant_ctr = 16
cnt_empty_predicate_testing = 147
cnt_entail_prune = 52
cnt_erc_imply = 280
cnt_fast_imply = 3638
cnt_filter_dupl_memo = 5409
cnt_heap_entail_one_context_struc#2 = 66
cnt_heap_entail_one_context_struc#4 = 92
cnt_heap_entail_one_context_struc#fold = 38
cnt_imply = 3258
cnt_imply_proc_one_full = 143
cnt_imply_proc_one_ncplx = 924
cnt_is_sat = 1890
cnt_memo_imply = 147
cnt_memo_norm = 2553
cnt_merge_mems_r_dups = 2167
cnt_method double_left_child$node = 1
cnt_method double_right_child$node = 1
cnt_method get_max$int~int = 1
cnt_method height$node = 1
cnt_method insert$node~int = 1
cnt_method rotate_left_child$node = 1
cnt_method rotate_right_child$node = 1
cnt_normalize_max_renaming_list_failesc_context = 118
cnt_pred_inference = 1
cnt_proof_after_base_case = 3
cnt_prune_imply = 1737
cnt_prune_preds = 362
cnt_prune_preds_filter = 362
cnt_simplify = 155
cnt_slow_imply = 280
cnt_unfold_unsat = 89
consumed_nodes_counter = 279
consumed_specialized_nodes = 99
dropped_branches = 42
false_imply_count = 2221
fast_imply_success = 107
impl_cache_count = 3054
impl_conseq_count = 1076
impl_proof_count = 2458
imply_sem_prun_false = 1701
imply_sem_prun_true = 36
need_split = 16
prune_cnt = 42
sat_cache_count = 1890
sat_proof_count = 468
saved_unfolds = 24
stat_count_imply = 3258
stat_count_sat = 1890
stat_disj_count_imply = 9259
stat_disj_count_sat = 5062
stat_size_count_imply = 159760
stat_size_count_sat = 34505
syn_memo_count = 1844
syn_memo_hit = 107
total_unfold_disjs = 45
true_imply_count = 1037
with_disj_cnt_0_s = 781
with_disj_cnt_2_f = 44
with_disj_cnt_2_s = 99
z_stat_disj_imply = 3911
z_stat_disj_sat = 2639

 profile results: there where 40 keys 
 
(Overall,238.89,1,238.89,[238.89],  100.%) 
(Parsing,0.01,2,0.,[],  0.%) 
(Preprocessing,0.32,1,0.32,[],  0.13%) 
(TP.imply_timeout,0.,3258,0.,[],  0.%) 
(Translating global var,0.,1,0.,[],  0.%) 
(Translating to Core,0.3,1,0.3,[],  0.12%) 
(add_pure,0.01,2441,0.,[],  0.%) 
(elim_exists,0.23,120,0.,[],  0.1%) 
(elim_redundant_ctr,0.12,16,0.,[],  0.05%) 
(empty_predicate_testing,46.89,147,0.31,[44.86],  19.62%) 
(entail_prune,1.46,52,0.02,[],  0.61%) 
(erc_imply,0.12,280,0.,[],  0.05%) 
(fast_imply,0.,3638,0.,[],  0.%) 
(filter_dupl_memo,0.06,5409,0.,[],  0.02%) 
(heap_entail_one_context_struc#2,53.2,66,0.8,[0.87,0.88,44.94],  22.27%) 
(heap_entail_one_context_struc#4,3.98,92,0.04,[],  1.66%) 
(heap_entail_one_context_struc#fold,4.76,32,0.14,[],  1.99%) 
(imply,191.6,3258,0.05,[44.86,55.56,78.7],  80.2%) 
(imply_proc_one_full,136.05,143,0.95,[55.56,78.7],  56.95%) 
(imply_proc_one_ncplx,3.61,924,0.,[],  1.51%) 
(is_sat,3.21,1890,0.,[],  1.34%) 
(memo_imply,46.86,147,0.31,[44.86],  19.61%) 
(memo_norm,0.,2553,0.,[],  0.%) 
(merge_mems_r_dups,0.,2167,0.,[],  0.%) 
(method double_left_child$node,0.74,1,0.74,[0.74],  0.3%) 
(method double_right_child$node,0.75,1,0.75,[0.75],  0.31%) 
(method get_max$int~int,0.,1,0.,[],  0.%) 
(method height$node,0.08,1,0.08,[],  0.03%) 
(method insert$node~int,194.92,1,194.92,[194.92],  81.59%) 
(method rotate_left_child$node,0.76,1,0.76,[0.76],  0.31%) 
(method rotate_right_child$node,0.74,1,0.74,[0.74],  0.3%) 
(normalize_max_renaming_list_failesc_context,0.04,118,0.,[],  0.01%) 
(pred_inference,0.24,1,0.24,[],  0.1%) 
(proof_after_base_case,0.07,3,0.02,[],  0.02%) 
(prune_imply,0.,1737,0.,[],  0.%) 
(prune_preds,5.1,362,0.01,[],  2.13%) 
(prune_preds_filter,0.,362,0.,[],  0.%) 
(simplify,0.38,155,0.,[],  0.16%) 
(slow_imply,0.12,280,0.,[],  0.05%) 
(unfold_unsat,0.05,89,0.,[],  0.02%)
