/usr/local/bin/mona
/usr/local/bin/oc

Processing file "avl_size_height_bags_1_link.ss"
Parsing...
Parsing...
Starting Omega... 
Translating global variables to procedure parameters...
Translating to core language...

 warning avl_size_height_bags_1_link.ss_440_10 quantifying: nn mm Sn

 warning avl_size_height_bags_1_link.ss_402_10 quantifying: Sn nn

 warning avl_size_height_bags_1_link.ss_371_12 quantifying: nn Sn r

 warning avl_size_height_bags_1_link.ss_296_10 quantifying: Sn r

 warning avl_size_height_bags_1_link.ss_215_10 quantifying: Sn r

 warning avl_size_height_bags_1_link.ss_147_10 quantifying: nn Sn

 warning avl_size_height_bags_1_link.ss_123_10 quantifying: S

 warning avl_size_height_bags_1_link.ss_97_10 quantifying: S

 warning avl_size_height_bags_1_link.ss_67_10 quantifying: S

 warning avl_size_height_bags_1_link.ss_50_10 quantifying: S
Checking procedure main$... 
Procedure main$ SUCCESS
Checking procedure delete$node~int... 
[MONA.ml]:Timeout exception IMPLY no :3409

Procedure delete$node~int SUCCESS
Checking procedure delete_top$node... 
Procedure delete_top$node SUCCESS
Checking procedure remove_min$node~myint... 
Procedure remove_min$node~myint SUCCESS
Checking procedure remove_max_add$node~myint... 
Procedure remove_max_add$node~myint SUCCESS
Checking procedure remove_min_add$node~myint... 
Procedure remove_min_add$node~myint SUCCESS
Checking procedure insert$node~int... 
Procedure insert$node~int SUCCESS
Checking procedure rotate_double_right$node~node~node~node~int~int~int... 
Procedure rotate_double_right$node~node~node~node~int~int~int SUCCESS
Checking procedure rotate_double_left$node~node~node~node~int~int~int... 
Procedure rotate_double_left$node~node~node~node~int~int~int SUCCESS
Checking procedure get_max$int~int... 
Procedure get_max$int~int SUCCESS
Checking procedure rotate_right$node~node~node~int~int... 
Procedure rotate_right$node~node~node~int~int SUCCESS
Checking procedure rotate_left$node~node~node~int~int... 
Procedure rotate_left$node~node~node~int~int SUCCESS
Checking procedure height$node... 
Procedure height$node SUCCESS
Stop Omega... 4745 invocations 
0 false contexts at: ()

Total verification time: 175.81 second(s)
	Time spent in main process: 30.13 second(s)
	Time spent in child processes: 145.68 second(s)
Counters: 
 cnt_--opt-imply 2 = 3110
cnt_Overall = 1
cnt_Parsing = 2
cnt_Preprocessing = 1
cnt_TP.imply_timeout = 10220
cnt_Translating global var = 1
cnt_Translating to Core = 1
cnt_add_pure = 10612
cnt_elim_exists = 1128
cnt_elim_redundant_ctr = 25
cnt_empty_predicate_testing = 241
cnt_entail_prune = 380
cnt_erc_imply = 221
cnt_fast_imply = 13531
cnt_filter_dupl_memo = 23200
cnt_heap_entail_one_context_struc#2 = 186
cnt_heap_entail_one_context_struc#4 = 181
cnt_heap_entail_one_context_struc#fold = 137
cnt_imply = 10220
cnt_imply_proc_one_full = 581
cnt_imply_proc_one_ncplx = 2529
cnt_is_sat = 10973
cnt_memo_imply = 241
cnt_memo_norm = 10779
cnt_merge_mems_r_dups = 9981
cnt_method delete$node~int = 1
cnt_method delete_top$node = 1
cnt_method get_max$int~int = 1
cnt_method height$node = 1
cnt_method insert$node~int = 1
cnt_method main$ = 1
cnt_method remove_max_add$node~myint = 1
cnt_method remove_min$node~myint = 1
cnt_method remove_min_add$node~myint = 1
cnt_method rotate_double_left$node~node~node~node~int~int~int = 1
cnt_method rotate_double_right$node~node~node~node~int~int~int = 1
cnt_method rotate_left$node~node~node~int~int = 1
cnt_method rotate_right$node~node~node~int~int = 1
cnt_normalize_max_renaming_list_failesc_context = 935
cnt_pred_inference = 1
cnt_proof_after_base_case = 59
cnt_prune_imply = 6632
cnt_prune_preds = 1533
cnt_prune_preds_filter = 1533
cnt_push_exists_slicing = 1366
cnt_simplify = 98
cnt_slow_imply = 221
cnt_unfold_unsat = 367
consumed_nodes_counter = 1067
consumed_specialized_nodes = 420
dropped_branches = 95
false_imply_count = 7703
fast_imply_success = 176
impl_cache_count = 9204
impl_conseq_count = 2822
impl_proof_count = 5344
imply_sem_prun_false = 6590
imply_sem_prun_true = 42
prune_cnt = 95
sat_cache_count = 10973
sat_proof_count = 2310
saved_unfolds = 15
stat_count_imply = 10220
stat_count_sat = 10973
stat_disj_count_imply = 5197593
stat_disj_count_sat = 5461099
stat_size_count_imply = 277030
stat_size_count_sat = 61882
syn_memo_count = 6808
syn_memo_hit = 176
total_unfold_disjs = 181
true_imply_count = 2517
with_disj_cnt_0_s = 1948
with_disj_cnt_2_f = 136
with_disj_cnt_2_s = 445
z_stat_disj_imply = 17087
z_stat_disj_sat = 18118

 profile results: there where 48 keys 
 
(--opt-imply 2,0.02,3110,0.,[],  0.01%) 
(Overall,175.8,1,175.8,[175.8],  100.%) 
(Parsing,0.03,2,0.01,[],  0.01%) 
(Preprocessing,1.75,1,1.75,[1.75],  0.99%) 
(TP.imply_timeout,0.,10220,0.,[],  0.%) 
(Translating global var,0.01,1,0.01,[],  0.%) 
(Translating to Core,1.71,1,1.71,[1.71],  0.97%) 
(add_pure,0.15,10612,0.,[],  0.08%) 
(elim_exists,0.02,1128,0.,[],  0.01%) 
(elim_redundant_ctr,0.27,25,0.01,[],  0.15%) 
(empty_predicate_testing,113.16,241,0.46,[0.5,0.52,0.53,0.57,0.58,0.67,0.68,0.68,0.75,0.76,0.79,0.8,0.84,0.96,1.03,1.08,1.25,1.26,1.27,1.44,1.74,2.23,3.39,3.99,4.07,4.9,5.17,5.19,5.45,5.47,5.56,5.73,7.29,8.54,11.],  64.36%) 
(entail_prune,9.47,380,0.02,[],  5.39%) 
(erc_imply,0.27,221,0.,[],  0.15%) 
(fast_imply,0.02,13531,0.,[],  0.01%) 
(filter_dupl_memo,0.01,23200,0.,[],  0.01%) 
(heap_entail_one_context_struc#2,89.75,186,0.48,[0.53,0.54,0.58,0.85,1.04,1.13,1.16,1.34,2.47,2.72,3.97,4.04,7.34,19.71,25.05],  51.05%) 
(heap_entail_one_context_struc#4,6.14,181,0.03,[],  3.49%) 
(heap_entail_one_context_struc#fold,29.31,47,0.62,[0.63,0.68,0.77,0.9,1.08,1.37,1.37,1.42,1.46,1.48,1.54,2.3,2.38,3.16,3.21],  16.67%) 
(imply,147.32,10220,0.01,[0.5,0.52,0.53,0.57,0.58,0.67,0.68,0.68,0.75,0.76,0.79,0.8,0.84,0.96,1.03,1.08,1.19,1.21,1.25,1.26,1.27,1.44,1.74,2.23,3.39,3.99,4.06,4.9,5.17,5.19,5.45,5.46,5.56,5.73,7.29,8.54,11.],  83.8%) 
(imply_proc_one_full,6.88,581,0.01,[],  3.91%) 
(imply_proc_one_ncplx,13.16,2529,0.,[1.19,1.21],  7.49%) 
(is_sat,16.33,10973,0.,[],  9.28%) 
(memo_imply,111.55,241,0.46,[0.5,0.52,0.53,0.57,0.58,0.67,0.68,0.68,0.75,0.76,0.79,0.8,0.84,0.96,1.03,1.08,1.25,1.26,1.27,1.44,1.74,2.23,3.39,3.99,4.06,4.9,5.17,5.19,5.45,5.46,5.56,5.73,7.29,8.54,11.],  63.45%) 
(memo_norm,0.,10779,0.,[],  0.%) 
(merge_mems_r_dups,0.,9981,0.,[],  0.%) 
(method delete$node~int,105.65,1,105.65,[105.65],  60.09%) 
(method delete_top$node,13.88,1,13.88,[13.88],  7.89%) 
(method get_max$int~int,0.,1,0.,[],  0.%) 
(method height$node,0.27,1,0.27,[],  0.15%) 
(method insert$node~int,11.38,1,11.38,[11.38],  6.47%) 
(method main$,0.97,1,0.97,[0.97],  0.55%) 
(method remove_max_add$node~myint,16.12,1,16.12,[16.12],  9.16%) 
(method remove_min$node~myint,3.62,1,3.62,[3.62],  2.06%) 
(method remove_min_add$node~myint,16.44,1,16.44,[16.44],  9.35%) 
(method rotate_double_left$node~node~node~node~int~int~int,1.31,1,1.31,[1.31],  0.75%) 
(method rotate_double_right$node~node~node~node~int~int~int,1.33,1,1.33,[1.33],  0.75%) 
(method rotate_left$node~node~node~int~int,0.36,1,0.36,[],  0.2%) 
(method rotate_right$node~node~node~int~int,0.35,1,0.35,[],  0.19%) 
(normalize_max_renaming_list_failesc_context,0.2,935,0.,[],  0.11%) 
(pred_inference,0.93,1,0.93,[0.93],  0.52%) 
(proof_after_base_case,10.2,49,0.2,[0.5,0.57,0.57,0.59,0.64,0.98,0.98],  5.8%) 
(prune_imply,0.,6632,0.,[],  0.%) 
(prune_preds,15.8,1533,0.01,[],  8.99%) 
(prune_preds_filter,0.01,1533,0.,[],  0.%) 
(push_exists_slicing,0.02,1366,0.,[],  0.01%) 
(simplify,0.,98,0.,[],  0.%) 
(slow_imply,0.27,221,0.,[],  0.15%) 
(unfold_unsat,0.,367,0.,[],  0.%)
