/usr/local/bin/mona
/usr/local/bin/oc

Processing file "avl_size_height_bal_1_link.ss"
Parsing...
Parsing...
Starting Omega... 
Translating global variables to procedure parameters...
Translating to core language...

 warning avl_size_height_bal_1_link.ss_224_9 quantifying: resl resr resll reslr tmp1 resn tmp2 resln

 warning avl_size_height_bal_1_link.ss_198_9 quantifying: resl resr resrl resrr tmp1 resn tmp2 resrn

 warning avl_size_height_bal_1_link.ss_178_9 quantifying: ss1 ss3 h t h1 t1 h2 t2

 warning avl_size_height_bal_1_link.ss_141_9 quantifying: ss1 ss2 h t h1 t1 h2 t2

 warning avl_size_height_bal_1_link.ss_78_10 quantifying: resn resb
Checking procedure rotate_right_child$node... 
Procedure rotate_right_child$node SUCCESS
Checking procedure rotate_left_child$node... 
Procedure rotate_left_child$node SUCCESS
Checking procedure double_right_child$node... 
Procedure double_right_child$node SUCCESS
Checking procedure double_left_child$node... 
Procedure double_left_child$node SUCCESS
Checking procedure insert$node~int... 
Procedure insert$node~int SUCCESS
Checking procedure get_max$int~int... 
Procedure get_max$int~int SUCCESS
Checking procedure height$node... 
Procedure height$node SUCCESS
Stop Omega... 2651 invocations 
0 false contexts at: ()

Total verification time: 9.12 second(s)
	Time spent in main process: 6.58 second(s)
	Time spent in child processes: 2.54 second(s)
Counters: 
 cnt_--opt-imply 2 = 1032
cnt_Overall = 1
cnt_Parsing = 2
cnt_Preprocessing = 1
cnt_TP.imply_timeout = 2995
cnt_Translating global var = 1
cnt_Translating to Core = 1
cnt_add_pure = 2438
cnt_elim_exists = 238
cnt_elim_redundant_ctr = 16
cnt_empty_predicate_testing = 147
cnt_entail_prune = 52
cnt_erc_imply = 134
cnt_fast_imply = 3490
cnt_filter_dupl_memo = 5938
cnt_heap_entail_one_context_struc#2 = 66
cnt_heap_entail_one_context_struc#4 = 91
cnt_heap_entail_one_context_struc#fold = 38
cnt_imply = 2995
cnt_imply_proc_one_full = 160
cnt_imply_proc_one_ncplx = 872
cnt_is_sat = 2989
cnt_memo_imply = 147
cnt_memo_norm = 2539
cnt_merge_mems_r_dups = 2570
cnt_method double_left_child$node = 1
cnt_method double_right_child$node = 1
cnt_method get_max$int~int = 1
cnt_method height$node = 1
cnt_method insert$node~int = 1
cnt_method rotate_left_child$node = 1
cnt_method rotate_right_child$node = 1
cnt_normalize_max_renaming_list_failesc_context = 118
cnt_pred_inference = 1
cnt_proof_after_base_case = 3
cnt_prune_imply = 1665
cnt_prune_preds = 360
cnt_prune_preds_filter = 360
cnt_push_exists_slicing = 446
cnt_simplify = 162
cnt_slow_imply = 134
cnt_unfold_unsat = 89
consumed_nodes_counter = 279
consumed_specialized_nodes = 99
dropped_branches = 42
false_imply_count = 2119
fast_imply_success = 105
impl_cache_count = 2656
impl_conseq_count = 812
impl_proof_count = 1669
imply_sem_prun_false = 1640
imply_sem_prun_true = 25
need_split = 18
prune_cnt = 42
sat_cache_count = 2989
sat_proof_count = 828
saved_unfolds = 24
stat_count_imply = 2995
stat_count_sat = 2989
stat_disj_count_imply = 7997
stat_disj_count_sat = 5764
stat_size_count_imply = 77636
stat_size_count_sat = 24534
syn_memo_count = 1770
syn_memo_hit = 105
total_unfold_disjs = 45
true_imply_count = 876
with_disj_cnt_0_s = 712
with_disj_cnt_2_f = 44
with_disj_cnt_2_s = 116
z_stat_disj_imply = 3490
z_stat_disj_sat = 3684

 profile results: there where 42 keys 
 
(--opt-imply 2,0.,1032,0.,[],  0.%) 
(Overall,9.11,1,9.11,[9.11],  100.%) 
(Parsing,0.01,2,0.,[],  0.21%) 
(Preprocessing,0.13,1,0.13,[],  1.42%) 
(TP.imply_timeout,0.,2995,0.,[],  0.%) 
(Translating global var,0.,1,0.,[],  0.%) 
(Translating to Core,0.1,1,0.1,[],  1.09%) 
(add_pure,0.03,2438,0.,[],  0.43%) 
(elim_exists,0.22,238,0.,[],  2.41%) 
(elim_redundant_ctr,0.02,16,0.,[],  0.21%) 
(empty_predicate_testing,0.72,147,0.,[],  7.9%) 
(entail_prune,0.32,52,0.,[],  3.51%) 
(erc_imply,0.01,134,0.,[],  0.1%) 
(fast_imply,0.,3490,0.,[],  0.1%) 
(filter_dupl_memo,0.02,5938,0.,[],  0.21%) 
(heap_entail_one_context_struc#2,2.12,66,0.03,[],  23.38%) 
(heap_entail_one_context_struc#4,0.68,91,0.,[],  7.46%) 
(heap_entail_one_context_struc#fold,1.69,32,0.05,[],  18.55%) 
(imply,3.06,2995,0.,[],  33.58%) 
(imply_proc_one_full,0.75,160,0.,[],  8.23%) 
(imply_proc_one_ncplx,1.,872,0.,[],  11.08%) 
(is_sat,1.12,2989,0.,[],  12.29%) 
(memo_imply,0.7,147,0.,[],  7.68%) 
(memo_norm,0.,2539,0.,[],  0.%) 
(merge_mems_r_dups,0.,2570,0.,[],  0.%) 
(method double_left_child$node,0.46,1,0.46,[],  5.04%) 
(method double_right_child$node,0.39,1,0.39,[],  4.28%) 
(method get_max$int~int,0.,1,0.,[],  0.%) 
(method height$node,0.06,1,0.06,[],  0.76%) 
(method insert$node~int,5.02,1,5.02,[5.02],  55.1%) 
(method rotate_left_child$node,0.25,1,0.25,[],  2.74%) 
(method rotate_right_child$node,0.24,1,0.24,[],  2.63%) 
(normalize_max_renaming_list_failesc_context,0.02,118,0.,[],  0.32%) 
(pred_inference,0.05,1,0.05,[],  0.54%) 
(proof_after_base_case,0.06,3,0.02,[],  0.65%) 
(prune_imply,0.,1665,0.,[],  0.%) 
(prune_preds,0.65,360,0.,[],  7.13%) 
(prune_preds_filter,0.,360,0.,[],  0.%) 
(push_exists_slicing,0.22,446,0.,[],  2.41%) 
(simplify,0.33,162,0.,[],  3.62%) 
(slow_imply,0.01,134,0.,[],  0.1%) 
(unfold_unsat,0.01,89,0.,[],  0.1%)
