/usr/local/bin/mona
/usr/local/bin/oc

Processing file "avl_size_height_bal_5_links.ss"
Parsing...
Parsing...
Starting Omega... 
Translating global variables to procedure parameters...
Translating to core language...

 warning avl_size_height_bal_5_links.ss_155_9 quantifying: resl resr resll reslr tmp1 resn tmp2 resln

 warning avl_size_height_bal_5_links.ss_129_9 quantifying: resl resr resrl resrr tmp1 resn tmp2 resrn

 warning avl_size_height_bal_5_links.ss_116_9 quantifying: ss1 bb1 ss3 bb2 h t h1 t1 h2 t2

 warning avl_size_height_bal_5_links.ss_99_9 quantifying: ss1 bb1 ss2 bb2 h t h1 t1 h2 t2

 warning avl_size_height_bal_5_links.ss_45_10 quantifying: resn resb
Checking procedure rotate_right_child$node... 
Procedure rotate_right_child$node SUCCESS
Checking procedure rotate_left_child$node... 
Procedure rotate_left_child$node SUCCESS
Checking procedure double_right_child$node... 
Procedure double_right_child$node SUCCESS
Checking procedure double_left_child$node... 
Procedure double_left_child$node SUCCESS
Checking procedure insert$node~int... 
Procedure insert$node~int SUCCESS
Checking procedure get_max$int~int... 
Procedure get_max$int~int SUCCESS
Checking procedure height$node... 
Procedure height$node SUCCESS
Stop Omega... 3319 invocations 
0 false contexts at: ()

Total verification time: 33.82 second(s)
	Time spent in main process: 9.76 second(s)
	Time spent in child processes: 24.06 second(s)
Counters: 
 cnt_Overall = 1
cnt_Parsing = 2
cnt_Preprocessing = 1
cnt_TP.imply_timeout = 3668
cnt_Translating global var = 1
cnt_Translating to Core = 1
cnt_add_pure = 2436
cnt_elim_exists = 214
cnt_elim_redundant_ctr = 16
cnt_empty_predicate_testing = 147
cnt_entail_prune = 52
cnt_erc_imply = 250
cnt_fast_imply = 3616
cnt_filter_dupl_memo = 6110
cnt_heap_entail_one_context_struc#2 = 66
cnt_heap_entail_one_context_struc#4 = 91
cnt_heap_entail_one_context_struc#fold = 38
cnt_imply = 3668
cnt_imply_proc_one_full = 140
cnt_imply_proc_one_ncplx = 1334
cnt_is_sat = 6403
cnt_memo_imply = 147
cnt_memo_norm = 2535
cnt_merge_mems_r_dups = 2616
cnt_method double_left_child$node = 1
cnt_method double_right_child$node = 1
cnt_method get_max$int~int = 1
cnt_method height$node = 1
cnt_method insert$node~int = 1
cnt_method rotate_left_child$node = 1
cnt_method rotate_right_child$node = 1
cnt_normalize_max_renaming_list_failesc_context = 118
cnt_pred_inference = 1
cnt_proof_after_base_case = 3
cnt_prune_imply = 1772
cnt_prune_preds = 360
cnt_prune_preds_filter = 360
cnt_push_exists_slicing = 446
cnt_simplify = 155
cnt_slow_imply = 250
cnt_unfold_unsat = 89
consumed_nodes_counter = 279
consumed_specialized_nodes = 99
dropped_branches = 42
false_imply_count = 2307
fast_imply_success = 47
impl_cache_count = 3115
impl_conseq_count = 1214
impl_proof_count = 1907
imply_sem_prun_false = 1749
imply_sem_prun_true = 23
need_split = 14
prune_cnt = 42
sat_cache_count = 6403
sat_proof_count = 1265
saved_unfolds = 24
stat_count_imply = 3668
stat_count_sat = 6403
stat_disj_count_imply = 9387
stat_disj_count_sat = 9954
stat_size_count_imply = 44295
stat_size_count_sat = 40276
syn_memo_count = 1819
syn_memo_hit = 47
total_unfold_disjs = 45
true_imply_count = 1361
with_disj_cnt_0_s = 1194
with_disj_cnt_2_f = 44
with_disj_cnt_2_s = 96
z_stat_disj_imply = 4155
z_stat_disj_sat = 7210

 profile results: there where 41 keys 
 
(Overall,33.81,1,33.81,[33.81],  100.%) 
(Parsing,0.01,2,0.,[],  0.05%) 
(Preprocessing,0.19,1,0.19,[],  0.56%) 
(TP.imply_timeout,0.,3668,0.,[],  0.%) 
(Translating global var,0.,1,0.,[],  0.%) 
(Translating to Core,0.17,1,0.17,[],  0.5%) 
(add_pure,0.05,2436,0.,[],  0.17%) 
(elim_exists,0.16,214,0.,[],  0.5%) 
(elim_redundant_ctr,0.04,16,0.,[],  0.14%) 
(empty_predicate_testing,0.97,147,0.,[],  2.86%) 
(entail_prune,0.21,52,0.,[],  0.65%) 
(erc_imply,0.04,250,0.,[],  0.14%) 
(fast_imply,0.,3616,0.,[],  0.%) 
(filter_dupl_memo,0.,6110,0.,[],  0.%) 
(heap_entail_one_context_struc#2,2.51,66,0.03,[],  7.42%) 
(heap_entail_one_context_struc#4,0.92,91,0.01,[],  2.75%) 
(heap_entail_one_context_struc#fold,1.8,32,0.05,[],  5.35%) 
(imply,2.35,3668,0.,[],  6.95%) 
(imply_proc_one_full,0.08,140,0.,[],  0.26%) 
(imply_proc_one_ncplx,0.84,1334,0.,[],  2.48%) 
(is_sat,3.13,6403,0.,[],  9.28%) 
(memo_imply,0.92,147,0.,[],  2.72%) 
(memo_norm,0.,2535,0.,[],  0.%) 
(merge_mems_r_dups,0.,2616,0.,[],  0.%) 
(method double_left_child$node,0.31,1,0.31,[],  0.91%) 
(method double_right_child$node,0.32,1,0.32,[],  0.97%) 
(method get_max$int~int,0.,1,0.,[],  0.%) 
(method height$node,0.06,1,0.06,[],  0.17%) 
(method insert$node~int,8.09,1,8.09,[8.09],  23.92%) 
(method rotate_left_child$node,0.34,1,0.34,[],  1.%) 
(method rotate_right_child$node,0.4,1,0.4,[],  1.18%) 
(normalize_max_renaming_list_failesc_context,0.05,118,0.,[],  0.17%) 
(pred_inference,0.08,1,0.08,[],  0.23%) 
(proof_after_base_case,0.05,3,0.01,[],  0.14%) 
(prune_imply,0.,1772,0.,[],  0.%) 
(prune_preds,0.47,360,0.,[],  1.41%) 
(prune_preds_filter,0.,360,0.,[],  0.%) 
(push_exists_slicing,0.17,446,0.,[],  0.53%) 
(simplify,0.3,155,0.,[],  0.91%) 
(slow_imply,0.04,250,0.,[],  0.14%) 
(unfold_unsat,0.02,89,0.,[],  0.05%)
