/usr/local/bin/mona
/usr/local/bin/oc

Processing file "avl_size_height_bags_0_link.ss"
Parsing...
Parsing...
Starting Omega... 
Translating global variables to procedure parameters...
Translating to core language...

 warning avl_size_height_bags_0_link.ss_440_10 quantifying: nn mm Sn

 warning avl_size_height_bags_0_link.ss_402_10 quantifying: Sn nn

 warning avl_size_height_bags_0_link.ss_371_12 quantifying: nn Sn r

 warning avl_size_height_bags_0_link.ss_296_10 quantifying: Sn r

 warning avl_size_height_bags_0_link.ss_215_10 quantifying: Sn r

 warning avl_size_height_bags_0_link.ss_147_10 quantifying: nn Sn

 warning avl_size_height_bags_0_link.ss_123_10 quantifying: S

 warning avl_size_height_bags_0_link.ss_97_10 quantifying: S

 warning avl_size_height_bags_0_link.ss_67_10 quantifying: S

 warning avl_size_height_bags_0_link.ss_50_10 quantifying: S
Checking procedure main$... 
Procedure main$ SUCCESS
Checking procedure delete$node~int... 
Procedure delete$node~int SUCCESS
Checking procedure delete_top$node... 
Procedure delete_top$node SUCCESS
Checking procedure remove_min$node~myint... 
Procedure remove_min$node~myint SUCCESS
Checking procedure remove_max_add$node~myint... 
Procedure remove_max_add$node~myint SUCCESS
Checking procedure remove_min_add$node~myint... 
Procedure remove_min_add$node~myint SUCCESS
Checking procedure insert$node~int... 
Procedure insert$node~int SUCCESS
Checking procedure rotate_double_right$node~node~node~node~int~int~int... 
Procedure rotate_double_right$node~node~node~node~int~int~int SUCCESS
Checking procedure rotate_double_left$node~node~node~node~int~int~int... 
Procedure rotate_double_left$node~node~node~node~int~int~int SUCCESS
Checking procedure get_max$int~int... 
Procedure get_max$int~int SUCCESS
Checking procedure rotate_right$node~node~node~int~int... 
Procedure rotate_right$node~node~node~int~int SUCCESS
Checking procedure rotate_left$node~node~node~int~int... 
Procedure rotate_left$node~node~node~int~int SUCCESS
Checking procedure height$node... 
Procedure height$node SUCCESS
Stop Omega... 4272 invocations 
0 false contexts at: ()

Total verification time: 144.89 second(s)
	Time spent in main process: 20.81 second(s)
	Time spent in child processes: 124.08 second(s)
Counters: 
 cnt_Overall = 1
cnt_Parsing = 2
cnt_Preprocessing = 1
cnt_TP.imply_timeout = 10072
cnt_Translating global var = 1
cnt_Translating to Core = 1
cnt_add_pure = 10612
cnt_elim_exists = 1128
cnt_elim_redundant_ctr = 25
cnt_empty_predicate_testing = 241
cnt_entail_prune = 380
cnt_erc_imply = 184
cnt_fast_imply = 13413
cnt_filter_dupl_memo = 23221
cnt_heap_entail_one_context_struc#2 = 186
cnt_heap_entail_one_context_struc#4 = 181
cnt_heap_entail_one_context_struc#fold = 137
cnt_imply = 10072
cnt_imply_proc_one_full = 602
cnt_imply_proc_one_ncplx = 2521
cnt_is_sat = 7651
cnt_memo_imply = 241
cnt_memo_norm = 10795
cnt_merge_mems_r_dups = 10023
cnt_method delete$node~int = 1
cnt_method delete_top$node = 1
cnt_method get_max$int~int = 1
cnt_method height$node = 1
cnt_method insert$node~int = 1
cnt_method main$ = 1
cnt_method remove_max_add$node~myint = 1
cnt_method remove_min$node~myint = 1
cnt_method remove_min_add$node~myint = 1
cnt_method rotate_double_left$node~node~node~node~int~int~int = 1
cnt_method rotate_double_right$node~node~node~node~int~int~int = 1
cnt_method rotate_left$node~node~node~int~int = 1
cnt_method rotate_right$node~node~node~int~int = 1
cnt_normalize_max_renaming_list_failesc_context = 935
cnt_pred_inference = 1
cnt_proof_after_base_case = 59
cnt_prune_imply = 6510
cnt_prune_preds = 1533
cnt_prune_preds_filter = 1533
cnt_simplify = 99
cnt_slow_imply = 184
cnt_unfold_unsat = 367
consumed_nodes_counter = 1067
consumed_specialized_nodes = 439
dropped_branches = 99
false_imply_count = 7552
fast_imply_success = 260
impl_cache_count = 9087
impl_conseq_count = 2650
impl_proof_count = 5397
imply_sem_prun_false = 6456
imply_sem_prun_true = 54
prune_cnt = 99
sat_cache_count = 7651
sat_proof_count = 1608
saved_unfolds = 15
stat_count_imply = 10072
stat_count_sat = 7651
stat_disj_count_imply = 5119775
stat_disj_count_sat = 5457777
stat_size_count_imply = 168611
stat_size_count_sat = 56529
syn_memo_count = 6770
syn_memo_hit = 260
total_unfold_disjs = 181
true_imply_count = 2520
with_disj_cnt_0_s = 1919
with_disj_cnt_2_f = 136
with_disj_cnt_2_s = 466
z_stat_disj_imply = 15709
z_stat_disj_sat = 14796

 profile results: there where 46 keys 
 
(Overall,144.88,1,144.88,[144.88],  100.%) 
(Parsing,0.01,2,0.,[],  0.01%) 
(Preprocessing,1.34,1,1.34,[1.34],  0.92%) 
(TP.imply_timeout,0.,10072,0.,[],  0.%) 
(Translating global var,0.01,1,0.01,[],  0.%) 
(Translating to Core,1.3,1,1.3,[1.3],  0.89%) 
(add_pure,0.18,10612,0.,[],  0.13%) 
(elim_exists,0.,1128,0.,[],  0.%) 
(elim_redundant_ctr,0.16,25,0.,[],  0.11%) 
(empty_predicate_testing,97.68,241,0.4,[0.54,0.58,0.59,0.61,0.62,0.66,0.71,0.79,0.84,1.05,1.08,1.14,1.47,2.75,2.83,3.03,3.58,3.6,3.66,4.18,4.78,5.13,5.54,5.54,6.19,8.2,10.16],  67.42%) 
(entail_prune,9.17,380,0.02,[],  6.33%) 
(erc_imply,0.15,184,0.,[],  0.1%) 
(fast_imply,0.,13413,0.,[],  0.%) 
(filter_dupl_memo,0.04,23221,0.,[],  0.02%) 
(heap_entail_one_context_struc#2,75.71,186,0.4,[0.52,0.52,0.62,0.76,0.8,0.94,0.94,1.05,1.16,2.84,4.59,7.,15.73,21.79],  52.25%) 
(heap_entail_one_context_struc#4,6.13,181,0.03,[],  4.23%) 
(heap_entail_one_context_struc#fold,20.42,47,0.43,[0.57,0.64,0.66,0.69,0.78,0.9,0.98,1.05,1.11,1.15,1.48,1.62,2.01,2.1],  14.1%) 
(imply,123.65,10072,0.01,[0.54,0.58,0.59,0.61,0.62,0.66,0.71,0.79,0.84,1.05,1.08,1.14,1.47,2.75,2.83,3.03,3.58,3.6,3.66,4.18,4.78,5.13,5.54,5.54,6.19,8.2,10.16],  85.35%) 
(imply_proc_one_full,3.67,602,0.,[],  2.53%) 
(imply_proc_one_ncplx,7.98,2521,0.,[],  5.51%) 
(is_sat,11.41,7651,0.,[],  7.87%) 
(memo_imply,96.22,241,0.39,[0.54,0.58,0.59,0.61,0.62,0.66,0.71,0.79,0.84,1.05,1.08,1.14,1.47,2.75,2.83,3.03,3.58,3.6,3.66,4.18,4.78,5.13,5.54,5.54,6.19,8.2,10.16],  66.42%) 
(memo_norm,0.,10795,0.,[],  0.%) 
(merge_mems_r_dups,0.,10023,0.,[],  0.%) 
(method delete$node~int,88.67,1,88.67,[88.67],  61.2%) 
(method delete_top$node,12.64,1,12.64,[12.64],  8.73%) 
(method get_max$int~int,0.,1,0.,[],  0.%) 
(method height$node,0.25,1,0.25,[],  0.17%) 
(method insert$node~int,8.64,1,8.64,[8.64],  5.97%) 
(method main$,0.89,1,0.89,[0.89],  0.61%) 
(method remove_max_add$node~myint,12.12,1,12.12,[12.12],  8.36%) 
(method remove_min$node~myint,2.75,1,2.75,[2.75],  1.89%) 
(method remove_min_add$node~myint,12.51,1,12.51,[12.51],  8.63%) 
(method rotate_double_left$node~node~node~node~int~int~int,1.03,1,1.03,[1.03],  0.71%) 
(method rotate_double_right$node~node~node~node~int~int~int,1.06,1,1.06,[1.06],  0.73%) 
(method rotate_left$node~node~node~int~int,0.33,1,0.33,[],  0.22%) 
(method rotate_right$node~node~node~int~int,0.29,1,0.29,[],  0.2%) 
(normalize_max_renaming_list_failesc_context,0.12,935,0.,[],  0.08%) 
(pred_inference,0.84,1,0.84,[0.84],  0.57%) 
(proof_after_base_case,6.86,49,0.14,[],  4.74%) 
(prune_imply,0.01,6510,0.,[],  0.%) 
(prune_preds,15.8,1533,0.01,[],  10.91%) 
(prune_preds_filter,0.,1533,0.,[],  0.%) 
(simplify,0.01,99,0.,[],  0.%) 
(slow_imply,0.15,184,0.,[],  0.1%) 
(unfold_unsat,0.,367,0.,[],  0.%)
