/usr/local/bin/mona
/usr/local/bin/oc

Processing file "avl_size_height_bags_0_link.ss"
Parsing...
Parsing...
Starting Omega... 
Translating global variables to procedure parameters...
Translating to core language...

 warning avl_size_height_bags_0_link.ss_440_10 quantifying: nn mm Sn

 warning avl_size_height_bags_0_link.ss_402_10 quantifying: Sn nn

 warning avl_size_height_bags_0_link.ss_371_12 quantifying: nn Sn r

 warning avl_size_height_bags_0_link.ss_296_10 quantifying: Sn r

 warning avl_size_height_bags_0_link.ss_215_10 quantifying: Sn r

 warning avl_size_height_bags_0_link.ss_147_10 quantifying: nn Sn

 warning avl_size_height_bags_0_link.ss_123_10 quantifying: S

 warning avl_size_height_bags_0_link.ss_97_10 quantifying: S

 warning avl_size_height_bags_0_link.ss_67_10 quantifying: S

 warning avl_size_height_bags_0_link.ss_50_10 quantifying: S
Checking procedure main$... 
Procedure main$ SUCCESS
Checking procedure delete$node~int... 
Procedure delete$node~int SUCCESS
Checking procedure delete_top$node... 
Procedure delete_top$node SUCCESS
Checking procedure remove_min$node~myint... 
Procedure remove_min$node~myint SUCCESS
Checking procedure remove_max_add$node~myint... 
Procedure remove_max_add$node~myint SUCCESS
Checking procedure remove_min_add$node~myint... 
Procedure remove_min_add$node~myint SUCCESS
Checking procedure insert$node~int... 
Procedure insert$node~int SUCCESS
Checking procedure rotate_double_right$node~node~node~node~int~int~int... 
Procedure rotate_double_right$node~node~node~node~int~int~int SUCCESS
Checking procedure rotate_double_left$node~node~node~node~int~int~int... 
Procedure rotate_double_left$node~node~node~node~int~int~int SUCCESS
Checking procedure get_max$int~int... 
Procedure get_max$int~int SUCCESS
Checking procedure rotate_right$node~node~node~int~int... 
Procedure rotate_right$node~node~node~int~int SUCCESS
Checking procedure rotate_left$node~node~node~int~int... 
Procedure rotate_left$node~node~node~int~int SUCCESS
Checking procedure height$node... 
Procedure height$node SUCCESS
Stop Omega... 4507 invocations 
0 false contexts at: ()

Total verification time: 150.22 second(s)
	Time spent in main process: 23.71 second(s)
	Time spent in child processes: 126.51 second(s)
Counters: 
 cnt_--opt-imply 3 = 2987
cnt_Overall = 1
cnt_Parsing = 2
cnt_Preprocessing = 1
cnt_TP.imply_timeout = 9936
cnt_Translating global var = 1
cnt_Translating to Core = 1
cnt_add_pure = 10612
cnt_elim_exists = 1128
cnt_elim_redundant_ctr = 25
cnt_empty_predicate_testing = 241
cnt_entail_prune = 380
cnt_erc_imply = 184
cnt_fast_imply = 13413
cnt_filter_dupl_memo = 23221
cnt_heap_entail_one_context_struc#2 = 186
cnt_heap_entail_one_context_struc#4 = 181
cnt_heap_entail_one_context_struc#fold = 137
cnt_imply = 9936
cnt_imply_proc_one_full = 594
cnt_imply_proc_one_ncplx = 2393
cnt_is_sat = 7651
cnt_memo_imply = 241
cnt_memo_norm = 10795
cnt_merge_mems_r_dups = 10023
cnt_method delete$node~int = 1
cnt_method delete_top$node = 1
cnt_method get_max$int~int = 1
cnt_method height$node = 1
cnt_method insert$node~int = 1
cnt_method main$ = 1
cnt_method remove_max_add$node~myint = 1
cnt_method remove_min$node~myint = 1
cnt_method remove_min_add$node~myint = 1
cnt_method rotate_double_left$node~node~node~node~int~int~int = 1
cnt_method rotate_double_right$node~node~node~node~int~int~int = 1
cnt_method rotate_left$node~node~node~int~int = 1
cnt_method rotate_right$node~node~node~int~int = 1
cnt_normalize_max_renaming_list_failesc_context = 935
cnt_pred_inference = 1
cnt_proof_after_base_case = 59
cnt_prune_imply = 6510
cnt_prune_preds = 1533
cnt_prune_preds_filter = 1533
cnt_push_exists_slicing = 1366
cnt_simplify = 99
cnt_slow_imply = 184
cnt_unfold_unsat = 367
consumed_nodes_counter = 1067
consumed_specialized_nodes = 439
dropped_branches = 99
false_imply_count = 7544
fast_imply_success = 260
impl_cache_count = 9055
impl_conseq_count = 2674
impl_proof_count = 5435
imply_sem_prun_false = 6456
imply_sem_prun_true = 54
prune_cnt = 99
sat_cache_count = 7651
sat_proof_count = 1942
saved_unfolds = 15
stat_count_imply = 9936
stat_count_sat = 7651
stat_disj_count_imply = 4955655
stat_disj_count_sat = 5457777
stat_size_count_imply = 166463
stat_size_count_sat = 56529
syn_memo_count = 6770
syn_memo_hit = 260
total_unfold_disjs = 181
true_imply_count = 2392
with_disj_cnt_0_s = 1799
with_disj_cnt_2_f = 136
with_disj_cnt_2_s = 458
z_stat_disj_imply = 15449
z_stat_disj_sat = 14796

 profile results: there where 48 keys 
 
(--opt-imply 3,0.,2987,0.,[],  0.%) 
(Overall,150.21,1,150.21,[150.21],  100.%) 
(Parsing,0.03,2,0.01,[],  0.01%) 
(Preprocessing,1.44,1,1.44,[1.44],  0.95%) 
(TP.imply_timeout,0.,9936,0.,[],  0.%) 
(Translating global var,0.01,1,0.01,[],  0.01%) 
(Translating to Core,1.39,1,1.39,[1.39],  0.92%) 
(add_pure,0.21,10612,0.,[],  0.14%) 
(elim_exists,0.,1128,0.,[],  0.%) 
(elim_redundant_ctr,0.24,25,0.,[],  0.16%) 
(empty_predicate_testing,97.8,241,0.4,[0.55,0.58,0.59,0.6,0.62,0.67,0.73,0.78,0.85,1.03,1.09,1.16,1.46,2.75,2.83,3.02,3.59,3.59,3.66,4.16,4.81,5.15,5.53,5.54,6.2,8.21,10.16],  65.1%) 
(entail_prune,9.39,380,0.02,[],  6.25%) 
(erc_imply,0.24,184,0.,[],  0.16%) 
(fast_imply,0.01,13413,0.,[],  0.%) 
(filter_dupl_memo,0.03,23221,0.,[],  0.01%) 
(heap_entail_one_context_struc#2,76.26,186,0.41,[0.52,0.53,0.64,0.76,0.81,0.93,0.94,1.04,1.18,2.83,4.58,7.02,15.72,21.78],  50.76%) 
(heap_entail_one_context_struc#4,6.17,181,0.03,[],  4.11%) 
(heap_entail_one_context_struc#fold,23.44,47,0.49,[0.6,0.65,0.66,0.7,0.79,0.95,1.16,1.21,1.23,1.24,2.01,2.09,2.55,2.68],  15.6%) 
(imply,124.29,9936,0.01,[0.55,0.58,0.59,0.6,0.62,0.67,0.73,0.78,0.85,1.03,1.09,1.16,1.46,2.75,2.83,3.02,3.59,3.59,3.64,4.16,4.81,5.15,5.53,5.54,6.2,8.21,10.16],  82.74%) 
(imply_proc_one_full,4.02,594,0.,[],  2.68%) 
(imply_proc_one_ncplx,8.09,2393,0.,[],  5.38%) 
(is_sat,14.72,7651,0.,[],  9.8%) 
(memo_imply,96.21,241,0.39,[0.55,0.58,0.59,0.6,0.62,0.67,0.73,0.78,0.85,1.03,1.09,1.16,1.46,2.75,2.83,3.02,3.59,3.59,3.64,4.16,4.81,5.15,5.53,5.54,6.2,8.21,10.16],  64.05%) 
(memo_norm,0.,10795,0.,[],  0.%) 
(merge_mems_r_dups,0.,10023,0.,[],  0.%) 
(method delete$node~int,89.19,1,89.19,[89.19],  59.38%) 
(method delete_top$node,12.81,1,12.81,[12.81],  8.53%) 
(method get_max$int~int,0.,1,0.,[],  0.%) 
(method height$node,0.27,1,0.27,[],  0.18%) 
(method insert$node~int,8.93,1,8.93,[8.93],  5.94%) 
(method main$,0.95,1,0.95,[0.95],  0.63%) 
(method remove_max_add$node~myint,14.06,1,14.06,[14.06],  9.36%) 
(method remove_min$node~myint,2.84,1,2.84,[2.84],  1.89%) 
(method remove_min_add$node~myint,14.41,1,14.41,[14.41],  9.59%) 
(method rotate_double_left$node~node~node~node~int~int~int,1.1,1,1.1,[1.1],  0.73%) 
(method rotate_double_right$node~node~node~node~int~int~int,1.13,1,1.13,[1.13],  0.75%) 
(method rotate_left$node~node~node~int~int,0.32,1,0.32,[],  0.21%) 
(method rotate_right$node~node~node~int~int,0.32,1,0.32,[],  0.21%) 
(normalize_max_renaming_list_failesc_context,0.12,935,0.,[],  0.08%) 
(pred_inference,0.93,1,0.93,[0.93],  0.61%) 
(proof_after_base_case,8.39,49,0.17,[0.5,0.5,0.51,0.53,0.6,0.61],  5.59%) 
(prune_imply,0.03,6510,0.,[],  0.01%) 
(prune_preds,16.05,1533,0.01,[],  10.68%) 
(prune_preds_filter,0.02,1533,0.,[],  0.01%) 
(push_exists_slicing,0.,1366,0.,[],  0.%) 
(simplify,0.01,99,0.,[],  0.01%) 
(slow_imply,0.24,184,0.,[],  0.16%) 
(unfold_unsat,0.,367,0.,[],  0.%)
