/usr/local/bin/mona
/usr/local/bin/oc

Processing file "bubble_size_bags_0_link.ss"
Parsing...
Parsing...
Starting Omega... 
Translating global variables to procedure parameters...
Translating to core language...

 warning bubble_size_bags_0_link.ss_35_9 quantifying: sm lg
Checking procedure bsort$node... 
Procedure bsort$node SUCCESS
Checking procedure bubble$node... !!! do_coercion should try directly lemma: lem_33
!!! do_coercion should try directly lemma: lem_33

Procedure bubble$node SUCCESS
Stop Omega... 379 invocations 
0 false contexts at: ()

Total verification time: 2.43 second(s)
	Time spent in main process: 0.82 second(s)
	Time spent in child processes: 1.61 second(s)
Counters: 
 cnt_--opt-imply 3 = 296
cnt_Overall = 1
cnt_Parsing = 2
cnt_Preprocessing = 1
cnt_TP.imply_timeout = 542
cnt_Translating global var = 1
cnt_Translating to Core = 1
cnt_add_pure = 929
cnt_elim_exists = 151
cnt_elim_redundant_ctr = 17
cnt_empty_predicate_testing = 17
cnt_entail_prune = 13
cnt_erc_imply = 57
cnt_fast_imply = 319
cnt_filter_dupl_memo = 1767
cnt_heap_entail_one_context_struc#2 = 7
cnt_heap_entail_one_context_struc#4 = 8
cnt_heap_entail_one_context_struc#fold = 29
cnt_imply = 542
cnt_imply_proc_one_full = 70
cnt_imply_proc_one_ncplx = 226
cnt_is_sat = 759
cnt_memo_imply = 11
cnt_memo_norm = 956
cnt_merge_mems_r_dups = 696
cnt_method bsort$node = 1
cnt_method bubble$node = 1
cnt_normalize_max_renaming_list_failesc_context = 32
cnt_pred_inference = 1
cnt_proof_after_base_case = 2
cnt_prune_imply = 146
cnt_prune_preds = 103
cnt_prune_preds_filter = 103
cnt_push_exists_slicing = 205
cnt_simplify = 42
cnt_slow_imply = 57
cnt_unfold_unsat = 26
consumed_nodes_counter = 27
consumed_specialized_nodes = 4
dropped_branches = 6
false_imply_count = 346
fast_imply_success = 18
impl_cache_count = 429
impl_conseq_count = 141
impl_proof_count = 211
imply_sem_prun_false = 145
imply_sem_prun_true = 1
prune_cnt = 6
sat_cache_count = 759
sat_proof_count = 317
stat_count_imply = 542
stat_count_sat = 759
stat_disj_count_imply = 1110
stat_disj_count_sat = 843
stat_size_count_imply = 2451
stat_size_count_sat = 2194
syn_memo_count = 164
syn_memo_hit = 18
total_unfold_disjs = 55
true_imply_count = 196
with_disj_cnt_0_s = 156
with_disj_cnt_2_f = 58
with_disj_cnt_2_s = 12
z_stat_disj_imply = 546
z_stat_disj_sat = 843

 profile results: there where 37 keys 
 
(--opt-imply 3,0.,296,0.,[],  0.%) 
(Overall,2.42,1,2.42,[2.42],  100.%) 
(Parsing,0.01,2,0.,[],  0.41%) 
(Preprocessing,0.68,1,0.68,[0.68],  28.09%) 
(TP.imply_timeout,0.,542,0.,[],  0.%) 
(Translating global var,0.,1,0.,[],  0.%) 
(Translating to Core,0.66,1,0.66,[0.66],  27.27%) 
(add_pure,0.01,929,0.,[],  0.41%) 
(elim_exists,0.,151,0.,[],  0.%) 
(elim_redundant_ctr,0.1,17,0.,[],  4.54%) 
(empty_predicate_testing,0.16,17,0.,[],  7.02%) 
(entail_prune,0.18,13,0.01,[],  7.43%) 
(erc_imply,0.1,57,0.,[],  4.54%) 
(fast_imply,0.,319,0.,[],  0.%) 
(filter_dupl_memo,0.,1767,0.,[],  0.%) 
(heap_entail_one_context_struc#2,0.45,7,0.06,[],  18.59%) 
(heap_entail_one_context_struc#4,0.12,8,0.01,[],  4.95%) 
(heap_entail_one_context_struc#fold,0.46,14,0.03,[],  19.%) 
(imply,0.94,542,0.,[],  38.84%) 
(imply_proc_one_full,0.03,70,0.,[],  1.23%) 
(imply_proc_one_ncplx,0.16,226,0.,[],  6.61%) 
(is_sat,1.01,759,0.,[],  42.14%) 
(memo_imply,0.14,11,0.01,[],  6.19%) 
(memo_norm,0.,956,0.,[],  0.%) 
(merge_mems_r_dups,0.,696,0.,[],  0.%) 
(method bsort$node,0.04,1,0.04,[],  1.65%) 
(method bubble$node,1.61,1,1.61,[1.61],  66.52%) 
(normalize_max_renaming_list_failesc_context,0.01,32,0.,[],  0.41%) 
(pred_inference,0.43,1,0.43,[],  17.76%) 
(proof_after_base_case,0.,2,0.,[],  0.%) 
(prune_imply,0.01,146,0.,[],  0.41%) 
(prune_preds,0.52,103,0.,[],  21.48%) 
(prune_preds_filter,0.,103,0.,[],  0.%) 
(push_exists_slicing,0.,205,0.,[],  0.%) 
(simplify,0.,42,0.,[],  0.%) 
(slow_imply,0.1,57,0.,[],  4.54%) 
(unfold_unsat,0.03,26,0.,[],  1.65%)
