/usr/local/bin/mona
/usr/local/bin/oc

Processing file "bubble_size_bags_0_link.ss"
Parsing...
Parsing...
Starting Omega... 
Translating global variables to procedure parameters...
Translating to core language...

 warning bubble_size_bags_0_link.ss_35_9 quantifying: sm lg
Checking procedure bsort$node... 
Procedure bsort$node SUCCESS
Checking procedure bubble$node... !!! do_coercion should try directly lemma: lem_11
!!! do_coercion should try directly lemma: lem_11

Procedure bubble$node SUCCESS
Stop Omega... 265 invocations 
0 false contexts at: ()

Total verification time: 2.31 second(s)
	Time spent in main process: 0.75 second(s)
	Time spent in child processes: 1.56 second(s)
Counters: 
 cnt_Overall = 1
cnt_Parsing = 2
cnt_Preprocessing = 1
cnt_TP.imply_timeout = 494
cnt_Translating global var = 1
cnt_Translating to Core = 1
cnt_add_pure = 929
cnt_elim_exists = 151
cnt_elim_redundant_ctr = 17
cnt_empty_predicate_testing = 17
cnt_entail_prune = 13
cnt_erc_imply = 57
cnt_fast_imply = 319
cnt_filter_dupl_memo = 1767
cnt_heap_entail_one_context_struc#2 = 7
cnt_heap_entail_one_context_struc#4 = 8
cnt_heap_entail_one_context_struc#fold = 29
cnt_imply = 494
cnt_imply_proc_one_full = 70
cnt_imply_proc_one_ncplx = 178
cnt_is_sat = 759
cnt_memo_imply = 11
cnt_memo_norm = 956
cnt_merge_mems_r_dups = 696
cnt_method bsort$node = 1
cnt_method bubble$node = 1
cnt_normalize_max_renaming_list_failesc_context = 32
cnt_pred_inference = 1
cnt_proof_after_base_case = 2
cnt_prune_imply = 146
cnt_prune_preds = 103
cnt_prune_preds_filter = 103
cnt_simplify = 42
cnt_slow_imply = 57
cnt_unfold_unsat = 26
consumed_nodes_counter = 27
consumed_specialized_nodes = 4
dropped_branches = 6
false_imply_count = 346
fast_imply_success = 18
impl_cache_count = 429
impl_conseq_count = 132
impl_proof_count = 204
imply_sem_prun_false = 145
imply_sem_prun_true = 1
prune_cnt = 6
sat_cache_count = 759
sat_proof_count = 206
stat_count_imply = 494
stat_count_sat = 759
stat_disj_count_imply = 1014
stat_disj_count_sat = 843
stat_size_count_imply = 2355
stat_size_count_sat = 2194
syn_memo_count = 164
syn_memo_hit = 18
total_unfold_disjs = 55
true_imply_count = 148
with_disj_cnt_0_s = 108
with_disj_cnt_2_f = 58
with_disj_cnt_2_s = 12
z_stat_disj_imply = 498
z_stat_disj_sat = 843

 profile results: there where 35 keys 
 
(Overall,2.3,1,2.3,[2.3],  100.%) 
(Parsing,0.01,2,0.,[],  0.43%) 
(Preprocessing,0.64,1,0.64,[0.64],  27.82%) 
(TP.imply_timeout,0.,494,0.,[],  0.%) 
(Translating global var,0.,1,0.,[],  0.%) 
(Translating to Core,0.62,1,0.62,[0.62],  26.95%) 
(add_pure,0.01,929,0.,[],  0.43%) 
(elim_exists,0.,151,0.,[],  0.%) 
(elim_redundant_ctr,0.13,17,0.,[],  5.65%) 
(empty_predicate_testing,0.17,17,0.01,[],  7.39%) 
(entail_prune,0.17,13,0.01,[],  7.82%) 
(erc_imply,0.13,57,0.,[],  5.65%) 
(fast_imply,0.,319,0.,[],  0.%) 
(filter_dupl_memo,0.,1767,0.,[],  0.%) 
(heap_entail_one_context_struc#2,0.45,7,0.06,[],  19.99%) 
(heap_entail_one_context_struc#4,0.12,8,0.01,[],  5.21%) 
(heap_entail_one_context_struc#fold,0.33,14,0.02,[],  14.34%) 
(imply,0.92,494,0.,[],  40.%) 
(imply_proc_one_full,0.,70,0.,[],  0.%) 
(imply_proc_one_ncplx,0.17,178,0.,[],  7.82%) 
(is_sat,0.97,759,0.,[],  42.6%) 
(memo_imply,0.15,11,0.01,[],  6.52%) 
(memo_norm,0.,956,0.,[],  0.%) 
(merge_mems_r_dups,0.,696,0.,[],  0.%) 
(method bsort$node,0.04,1,0.04,[],  1.73%) 
(method bubble$node,1.54,1,1.54,[1.54],  66.95%) 
(normalize_max_renaming_list_failesc_context,0.,32,0.,[],  0.%) 
(pred_inference,0.41,1,0.41,[],  17.82%) 
(proof_after_base_case,0.01,2,0.,[],  0.43%) 
(prune_imply,0.,146,0.,[],  0.%) 
(prune_preds,0.51,103,0.,[],  22.6%) 
(prune_preds_filter,0.,103,0.,[],  0.%) 
(simplify,0.,42,0.,[],  0.%) 
(slow_imply,0.13,57,0.,[],  5.65%) 
(unfold_unsat,0.02,26,0.,[],  0.86%)
