/usr/local/bin/mona
/usr/local/bin/oc

Processing file "complete_size_minheight_1_link.ss"
Parsing...
Parsing...
Starting Omega... 
Translating global variables to procedure parameters...
Translating to core language...

 warning complete_size_minheight_1_link.ss_77_9 quantifying: nmin1

 warning complete_size_minheight_1_link.ss_79_9 quantifying: nmin1
Checking procedure insert$node2~int... 
Procedure insert$node2~int SUCCESS
Checking procedure min_height$node2... 
Procedure min_height$node2 SUCCESS
Checking procedure height$node2... 
Procedure height$node2 SUCCESS
Checking procedure minim$int~int... 
Procedure minim$int~int SUCCESS
Checking procedure maxim$int~int... 
Procedure maxim$int~int SUCCESS
Stop Omega... 1196 invocations 
30 false contexts at: ( (113,5)  (112,10)  (111,5)  (110,16)  (110,10)  (110,10)  (99,4)  (98,4)  (97,4)  (96,14)  (96,8)  (96,8)  (92,3)  (91,3)  (90,3)  (89,12)  (89,6)  (89,6)  (107,5)  (106,5)  (105,5)  (104,11)  (104,5)  (104,5)  (85,2)  (84,25)  (84,19)  (84,6)  (84,2)  (84,2) )

Total verification time: 2.47 second(s)
	Time spent in main process: 1.51 second(s)
	Time spent in child processes: 0.96 second(s)
Counters: 
 cnt_Overall = 1
cnt_Parsing = 2
cnt_Preprocessing = 1
cnt_TP.imply_timeout = 1079
cnt_Translating global var = 1
cnt_Translating to Core = 1
cnt_add_pure = 1221
cnt_elim_exists = 58
cnt_elim_redundant_ctr = 13
cnt_empty_predicate_testing = 78
cnt_entail_prune = 40
cnt_erc_imply = 58
cnt_fast_imply = 1374
cnt_filter_dupl_memo = 2459
cnt_heap_entail_one_context_struc#2 = 40
cnt_heap_entail_one_context_struc#4 = 45
cnt_heap_entail_one_context_struc#fold = 16
cnt_imply = 1079
cnt_imply_proc_one_full = 74
cnt_imply_proc_one_ncplx = 210
cnt_is_sat = 951
cnt_memo_imply = 78
cnt_memo_norm = 1284
cnt_merge_mems_r_dups = 938
cnt_method height$node2 = 1
cnt_method insert$node2~int = 2
cnt_method maxim$int~int = 1
cnt_method min_height$node2 = 1
cnt_method minim$int~int = 1
cnt_normalize_max_renaming_list_failesc_context = 92
cnt_pred_inference = 1
cnt_proof_after_base_case = 2
cnt_prune_imply = 635
cnt_prune_preds = 229
cnt_prune_preds_filter = 229
cnt_simplify = 99
cnt_slow_imply = 58
cnt_unfold_unsat = 39
consumed_nodes_counter = 99
consumed_specialized_nodes = 55
dropped_branches = 31
false_imply_count = 885
fast_imply_success = 69
impl_cache_count = 1011
impl_conseq_count = 433
impl_proof_count = 783
imply_sem_prun_false = 623
imply_sem_prun_true = 12
need_split = 10
prune_cnt = 28
sat_cache_count = 951
sat_proof_count = 290
saved_unfolds = 1
stat_count_imply = 1079
stat_count_sat = 951
stat_disj_count_imply = 2962
stat_disj_count_sat = 1387
stat_size_count_imply = 17437
stat_size_count_sat = 7713
syn_memo_count = 704
syn_memo_hit = 69
total_unfold_disjs = 37
true_imply_count = 194
with_disj_cnt_0_s = 136
with_disj_cnt_2_f = 54
with_disj_cnt_2_s = 20
z_stat_disj_imply = 1341
z_stat_disj_sat = 1285

 profile results: there where 38 keys 
 
(Overall,2.46,1,2.46,[2.46],  100.%) 
(Parsing,0.01,2,0.,[],  0.4%) 
(Preprocessing,0.09,1,0.09,[],  3.65%) 
(TP.imply_timeout,0.,1079,0.,[],  0.%) 
(Translating global var,0.,1,0.,[],  0.%) 
(Translating to Core,0.07,1,0.07,[],  2.84%) 
(add_pure,0.02,1221,0.,[],  1.21%) 
(elim_exists,0.03,58,0.,[],  1.21%) 
(elim_redundant_ctr,0.,13,0.,[],  0.4%) 
(empty_predicate_testing,0.28,78,0.,[],  11.78%) 
(entail_prune,0.1,40,0.,[],  4.06%) 
(erc_imply,0.,58,0.,[],  0.%) 
(fast_imply,0.,1374,0.,[],  0.%) 
(filter_dupl_memo,0.01,2459,0.,[],  0.4%) 
(heap_entail_one_context_struc#2,0.57,40,0.01,[],  23.57%) 
(heap_entail_one_context_struc#4,0.24,45,0.,[],  10.16%) 
(heap_entail_one_context_struc#fold,0.42,13,0.03,[],  17.47%) 
(imply,0.63,1079,0.,[],  26.01%) 
(imply_proc_one_full,0.01,74,0.,[],  0.4%) 
(imply_proc_one_ncplx,0.09,210,0.,[],  4.06%) 
(is_sat,0.43,951,0.,[],  17.47%) 
(memo_imply,0.28,78,0.,[],  11.78%) 
(memo_norm,0.,1284,0.,[],  0.%) 
(merge_mems_r_dups,0.,938,0.,[],  0.%) 
(method height$node2,0.21,1,0.21,[],  8.94%) 
(method insert$node2~int,0.97,2,0.48,[0.68],  39.43%) 
(method maxim$int~int,0.,1,0.,[],  0.%) 
(method min_height$node2,0.19,1,0.19,[],  8.13%) 
(method minim$int~int,0.01,1,0.01,[],  0.4%) 
(normalize_max_renaming_list_failesc_context,0.,92,0.,[],  0.%) 
(pred_inference,0.03,1,0.03,[],  1.21%) 
(proof_after_base_case,0.,2,0.,[],  0.%) 
(prune_imply,0.,635,0.,[],  0.%) 
(prune_preds,0.25,229,0.,[],  10.16%) 
(prune_preds_filter,0.,229,0.,[],  0.%) 
(simplify,0.09,99,0.,[],  3.65%) 
(slow_imply,0.,58,0.,[],  0.%) 
(unfold_unsat,0.,39,0.,[],  0.%)
