/usr/local/bin/mona
/usr/local/bin/oc

Processing file "qsort_size_bags_0_link.ss"
Parsing...
Parsing...
Starting Omega... 
Translating global variables to procedure parameters...
Translating to core language...

 warning qsort_size_bags_0_link.ss_65_9 quantifying: S3 n3

 warning qsort_size_bags_0_link.ss_19_12 quantifying: S1 S2 n1 n2
Checking procedure qsort1$node... 
Procedure qsort1$node SUCCESS
Checking procedure append_bll1$node~node... 
Procedure append_bll1$node~node SUCCESS
Checking procedure partition1$node~node~node~int... 
Procedure partition1$node~node~node~int SUCCESS
Stop Omega... 315 invocations 
1 false contexts at: ( (91,1) )

Total verification time: 2.24 second(s)
	Time spent in main process: 0.64 second(s)
	Time spent in child processes: 1.6 second(s)
Counters: 
 cnt_Overall = 1
cnt_Parsing = 2
cnt_Preprocessing = 1
cnt_TP.imply_timeout = 421
cnt_Translating global var = 1
cnt_Translating to Core = 1
cnt_add_pure = 687
cnt_elim_exists = 65
cnt_elim_redundant_ctr = 13
cnt_empty_predicate_testing = 22
cnt_entail_prune = 16
cnt_erc_imply = 42
cnt_fast_imply = 439
cnt_filter_dupl_memo = 1350
cnt_heap_entail_one_context_struc#2 = 14
cnt_heap_entail_one_context_struc#4 = 20
cnt_heap_entail_one_context_struc#fold = 10
cnt_imply = 421
cnt_imply_proc_one_full = 26
cnt_imply_proc_one_ncplx = 110
cnt_is_sat = 702
cnt_memo_imply = 12
cnt_memo_norm = 723
cnt_merge_mems_r_dups = 512
cnt_method append_bll1$node~node = 1
cnt_method partition1$node~node~node~int = 1
cnt_method qsort1$node = 1
cnt_normalize_max_renaming_list_failesc_context = 40
cnt_pred_inference = 1
cnt_proof_after_base_case = 2
cnt_prune_imply = 212
cnt_prune_preds = 103
cnt_prune_preds_filter = 103
cnt_simplify = 35
cnt_slow_imply = 42
cnt_unfold_unsat = 15
consumed_nodes_counter = 40
consumed_specialized_nodes = 13
dropped_branches = 12
false_imply_count = 301
fast_imply_success = 10
impl_cache_count = 363
impl_conseq_count = 188
impl_proof_count = 244
imply_sem_prun_false = 205
imply_sem_prun_true = 7
need_split = 2
prune_cnt = 12
sat_cache_count = 702
sat_proof_count = 200
stat_count_imply = 421
stat_count_sat = 702
stat_disj_count_imply = 985
stat_disj_count_sat = 971
stat_size_count_imply = 2454
stat_size_count_sat = 2000
syn_memo_count = 222
syn_memo_hit = 10
total_unfold_disjs = 18
true_imply_count = 120
with_disj_cnt_0_s = 84
with_disj_cnt_2_f = 12
with_disj_cnt_2_s = 14
z_stat_disj_imply = 477
z_stat_disj_sat = 897

 profile results: there where 36 keys 
 
(Overall,2.23,1,2.23,[2.23],  100.%) 
(Parsing,0.01,2,0.,[],  0.89%) 
(Preprocessing,0.43,1,0.43,[],  19.28%) 
(TP.imply_timeout,0.,421,0.,[],  0.%) 
(Translating global var,0.,1,0.,[],  0.%) 
(Translating to Core,0.41,1,0.41,[],  18.38%) 
(add_pure,0.,687,0.,[],  0.%) 
(elim_exists,0.,65,0.,[],  0.44%) 
(elim_redundant_ctr,0.08,13,0.,[],  3.58%) 
(empty_predicate_testing,0.19,22,0.,[],  8.96%) 
(entail_prune,0.2,16,0.01,[],  8.96%) 
(erc_imply,0.08,42,0.,[],  3.58%) 
(fast_imply,0.,439,0.,[],  0.%) 
(filter_dupl_memo,0.,1350,0.,[],  0.%) 
(heap_entail_one_context_struc#2,0.86,14,0.06,[],  39.01%) 
(heap_entail_one_context_struc#4,0.34,20,0.01,[],  15.24%) 
(heap_entail_one_context_struc#fold,0.26,10,0.02,[],  12.1%) 
(imply,1.24,421,0.,[],  56.05%) 
(imply_proc_one_full,0.11,26,0.,[],  5.38%) 
(imply_proc_one_ncplx,0.29,110,0.,[],  13.%) 
(is_sat,0.7,702,0.,[],  31.39%) 
(memo_imply,0.16,12,0.01,[],  7.62%) 
(memo_norm,0.,723,0.,[],  0.%) 
(merge_mems_r_dups,0.,512,0.,[],  0.%) 
(method append_bll1$node~node,0.22,1,0.22,[],  9.86%) 
(method partition1$node~node~node~int,0.62,1,0.62,[0.62],  27.8%) 
(method qsort1$node,0.85,1,0.85,[0.85],  38.11%) 
(normalize_max_renaming_list_failesc_context,0.,40,0.,[],  0.%) 
(pred_inference,0.27,1,0.27,[],  12.1%) 
(proof_after_base_case,0.,2,0.,[],  0.%) 
(prune_imply,0.,212,0.,[],  0.%) 
(prune_preds,0.61,103,0.,[],  27.35%) 
(prune_preds_filter,0.,103,0.,[],  0.%) 
(simplify,0.,35,0.,[],  0.44%) 
(slow_imply,0.08,42,0.,[],  3.58%) 
(unfold_unsat,0.03,15,0.,[],  1.34%)
