/usr/local/bin/mona
/usr/local/bin/oc

Processing file "qsort_size_bags_0_link.ss"
Parsing...
Parsing...
Starting Omega... 
Translating global variables to procedure parameters...
Translating to core language...

 warning qsort_size_bags_0_link.ss_65_9 quantifying: S3 n3

 warning qsort_size_bags_0_link.ss_19_12 quantifying: S1 S2 n1 n2
Checking procedure qsort1$node... 
WARNING: File "", line 0, col 0: WARNING: FreeVars unused :[r_901] 

WARNING: File "", line 0, col 0: WARNING: FreeVars unused :[r_901] 

WARNING: File "", line 0, col 0: WARNING: FreeVars unused :[r_901,tmp1_57'] 

WARNING: File "", line 0, col 0: WARNING: FreeVars unused :[r_901] 

WARNING: File "", line 0, col 0: WARNING: FreeVars unused :[r_901] 

WARNING: File "", line 0, col 0: WARNING: FreeVars unused :[r_901] 

WARNING: File "", line 0, col 0: WARNING: FreeVars unused :[r_901] 

WARNING: File "", line 0, col 0: WARNING: FreeVars unused :[r_901] 

WARNING: File "", line 0, col 0: WARNING: FreeVars unused :[r_901] 

WARNING: File "", line 0, col 0: WARNING: FreeVars unused :[r_901] 

WARNING: File "", line 0, col 0: WARNING: FreeVars unused :[r_901] 

WARNING: File "", line 0, col 0: WARNING: FreeVars unused :[r_901] 

WARNING: File "", line 0, col 0: WARNING: FreeVars unused :[r_901] 

WARNING: File "", line 0, col 0: WARNING: FreeVars unused :[r_901] 

WARNING: File "", line 0, col 0: WARNING: FreeVars unused :[r_901] 

WARNING: File "", line 0, col 0: WARNING: FreeVars unused :[r_901] 

WARNING: File "", line 0, col 0: WARNING: FreeVars unused :[r_901] 

WARNING: File "", line 0, col 0: WARNING: FreeVars unused :[r_901] 

WARNING: File "", line 0, col 0: WARNING: FreeVars unused :[r_901] 

WARNING: File "", line 0, col 0: WARNING: FreeVars unused :[r_901] 

WARNING: File "", line 0, col 0: WARNING: FreeVars unused :[r_901] 

WARNING: File "", line 0, col 0: WARNING: FreeVars unused :[r_901] 

WARNING: File "", line 0, col 0: WARNING: FreeVars unused :[r_901] 

WARNING: File "", line 0, col 0: WARNING: FreeVars unused :[r_901] 

WARNING: File "", line 0, col 0: WARNING: FreeVars unused :[r_901] 

WARNING: File "", line 0, col 0: WARNING: FreeVars unused :[r_901] 

WARNING: File "", line 0, col 0: WARNING: FreeVars unused :[r_901] 

WARNING: File "", line 0, col 0: WARNING: FreeVars unused :[r_901] 

WARNING: File "", line 0, col 0: WARNING: FreeVars unused :[r_901] 

WARNING: File "", line 0, col 0: WARNING: FreeVars unused :[r_901] 

WARNING: File "", line 0, col 0: WARNING: FreeVars unused :[r_901] 

WARNING: File "", line 0, col 0: WARNING: FreeVars unused :[r_901] 

WARNING: File "", line 0, col 0: WARNING: FreeVars unused :[r_901] 

WARNING: File "", line 0, col 0: WARNING: FreeVars unused :[r_901] 

WARNING: File "", line 0, col 0: WARNING: FreeVars unused :[r_901] 

WARNING: File "", line 0, col 0: WARNING: FreeVars unused :[r_901] 

WARNING: File "", line 0, col 0: WARNING: FreeVars unused :[r_901] 

WARNING: File "", line 0, col 0: WARNING: FreeVars unused :[r_901] 

WARNING: File "", line 0, col 0: WARNING: FreeVars unused :[r_901] 

WARNING: File "", line 0, col 0: WARNING: FreeVars unused :[r_901] 

WARNING: File "", line 0, col 0: WARNING: FreeVars unused :[r_901] 

WARNING: File "", line 0, col 0: WARNING: FreeVars unused :[r_901] 

WARNING: File "", line 0, col 0: WARNING: FreeVars unused :[r_901] 

WARNING: File "", line 0, col 0: WARNING: FreeVars unused :[r_901] 

WARNING: File "", line 0, col 0: WARNING: FreeVars unused :[r_901] 

WARNING: File "", line 0, col 0: WARNING: FreeVars unused :[r_901] 

WARNING: File "", line 0, col 0: WARNING: FreeVars unused :[r_901] 

WARNING: File "", line 0, col 0: WARNING: FreeVars unused :[r_901] 

WARNING: File "", line 0, col 0: WARNING: FreeVars unused :[r_901] 

WARNING: File "", line 0, col 0: WARNING: FreeVars unused :[r_901] 

WARNING: File "", line 0, col 0: WARNING: FreeVars unused :[r_901] 

WARNING: File "", line 0, col 0: WARNING: FreeVars unused :[r_901] 

WARNING: File "", line 0, col 0: WARNING: FreeVars unused :[r_901] 

WARNING: File "", line 0, col 0: WARNING: FreeVars unused :[r_901] 

WARNING: File "", line 0, col 0: WARNING: FreeVars unused :[r_901] 

WARNING: File "", line 0, col 0: WARNING: FreeVars unused :[r_901] 

WARNING: File "", line 0, col 0: WARNING: FreeVars unused :[r_901] 

WARNING: File "", line 0, col 0: WARNING: FreeVars unused :[r_901] 

WARNING: File "", line 0, col 0: WARNING: FreeVars unused :[r_901] 

WARNING: File "", line 0, col 0: WARNING: FreeVars unused :[r_901] 

WARNING: File "", line 0, col 0: WARNING: FreeVars unused :[r_901] 

WARNING: File "", line 0, col 0: WARNING: FreeVars unused :[r_901] 

WARNING: File "", line 0, col 0: WARNING: FreeVars unused :[r_901] 

WARNING: File "", line 0, col 0: WARNING: FreeVars unused :[r_901] 

WARNING: File "", line 0, col 0: WARNING: FreeVars unused :[r_901] 

WARNING: File "", line 0, col 0: WARNING: FreeVars unused :[r_901] 

WARNING: File "", line 0, col 0: WARNING: FreeVars unused :[r_901] 

WARNING: File "", line 0, col 0: WARNING: FreeVars unused :[r_901] 

WARNING: File "", line 0, col 0: WARNING: FreeVars unused :[r_901] 

WARNING: File "", line 0, col 0: WARNING: FreeVars unused :[r_901] 

WARNING: File "", line 0, col 0: WARNING: FreeVars unused :[r_901] 

WARNING: File "", line 0, col 0: WARNING: FreeVars unused :[r_901] 

WARNING: File "", line 0, col 0: WARNING: FreeVars unused :[r_901] 

WARNING: File "", line 0, col 0: WARNING: FreeVars unused :[r_901] 

WARNING: File "", line 0, col 0: WARNING: FreeVars unused :[r_901] 

WARNING: File "", line 0, col 0: WARNING: FreeVars unused :[r_901] 

WARNING: File "", line 0, col 0: WARNING: FreeVars unused :[r_901] 

WARNING: File "", line 0, col 0: WARNING: FreeVars unused :[r_901] 

WARNING: File "", line 0, col 0: WARNING: FreeVars unused :[r_901] 

WARNING: File "", line 0, col 0: WARNING: FreeVars unused :[r_901] 

WARNING: File "", line 0, col 0: WARNING: FreeVars unused :[r_901] 

WARNING: File "", line 0, col 0: WARNING: FreeVars unused :[r_901] 

WARNING: File "", line 0, col 0: WARNING: FreeVars unused :[r_901] 

WARNING: File "", line 0, col 0: WARNING: FreeVars unused :[r_901] 

WARNING: File "", line 0, col 0: WARNING: FreeVars unused :[r_901] 

WARNING: File "", line 0, col 0: WARNING: FreeVars unused :[r_901] 

WARNING: File "", line 0, col 0: WARNING: FreeVars unused :[r_901] 

WARNING: File "", line 0, col 0: WARNING: FreeVars unused :[r_901] 

WARNING: File "", line 0, col 0: WARNING: FreeVars unused :[r_901] 

WARNING: File "", line 0, col 0: WARNING: FreeVars unused :[r_901] 

WARNING: File "", line 0, col 0: WARNING: FreeVars unused :[r_901] 

WARNING: File "", line 0, col 0: WARNING: FreeVars unused :[r_901] 

WARNING: File "", line 0, col 0: WARNING: FreeVars unused :[r_901] 

WARNING: File "", line 0, col 0: WARNING: FreeVars unused :[r_901] 

WARNING: File "", line 0, col 0: WARNING: FreeVars unused :[r_901] 

WARNING: File "", line 0, col 0: WARNING: FreeVars unused :[r_901] 

WARNING: File "", line 0, col 0: WARNING: FreeVars unused :[r_901] 

WARNING: File "", line 0, col 0: WARNING: FreeVars unused :[r_901] 

WARNING: File "", line 0, col 0: WARNING: FreeVars unused :[r_901] 

WARNING: File "", line 0, col 0: WARNING: FreeVars unused :[r_901] 

WARNING: File "", line 0, col 0: WARNING: FreeVars unused :[r_901] 

WARNING: File "", line 0, col 0: WARNING: FreeVars unused :[r_901] 

WARNING: File "", line 0, col 0: WARNING: FreeVars unused :[r_901] 

WARNING: File "", line 0, col 0: WARNING: FreeVars unused :[r_901] 

WARNING: File "", line 0, col 0: WARNING: FreeVars unused :[r_901] 

WARNING: File "", line 0, col 0: WARNING: FreeVars unused :[r_901] 

WARNING: File "", line 0, col 0: WARNING: FreeVars unused :[r_901] 

WARNING: File "", line 0, col 0: WARNING: FreeVars unused :[r_901] 

WARNING: File "", line 0, col 0: WARNING: FreeVars unused :[r_901] 

WARNING: File "", line 0, col 0: WARNING: FreeVars unused :[r_901] 

WARNING: File "", line 0, col 0: WARNING: FreeVars unused :[r_901] 

WARNING: File "", line 0, col 0: WARNING: FreeVars unused :[r_901] 

WARNING: File "", line 0, col 0: WARNING: FreeVars unused :[r_901] 

WARNING: File "", line 0, col 0: WARNING: FreeVars unused :[r_901] 

WARNING: File "", line 0, col 0: WARNING: FreeVars unused :[r_901] 

WARNING: File "", line 0, col 0: WARNING: FreeVars unused :[r_901] 

WARNING: File "", line 0, col 0: WARNING: FreeVars unused :[r_901] 

WARNING: File "", line 0, col 0: WARNING: FreeVars unused :[r_901] 

WARNING: File "", line 0, col 0: WARNING: FreeVars unused :[r_901] 

WARNING: File "", line 0, col 0: WARNING: FreeVars unused :[r_901] 

WARNING: File "", line 0, col 0: WARNING: FreeVars unused :[r_901] 

WARNING: File "", line 0, col 0: WARNING: FreeVars unused :[r_901] 

WARNING: File "", line 0, col 0: WARNING: FreeVars unused :[r_901] 

WARNING: File "", line 0, col 0: WARNING: FreeVars unused :[r_901] 

WARNING: File "", line 0, col 0: WARNING: FreeVars unused :[r_901] 

WARNING: File "", line 0, col 0: WARNING: FreeVars unused :[r_901] 

WARNING: File "", line 0, col 0: WARNING: FreeVars unused :[r_901] 

WARNING: File "", line 0, col 0: WARNING: FreeVars unused :[r_901] 

WARNING: File "", line 0, col 0: WARNING: FreeVars unused :[r_901] 

WARNING: File "", line 0, col 0: WARNING: FreeVars unused :[r_901] 

WARNING: File "", line 0, col 0: WARNING: FreeVars unused :[r_901] 

WARNING: File "", line 0, col 0: WARNING: FreeVars unused :[r_901] 

WARNING: File "", line 0, col 0: WARNING: FreeVars unused :[r_901] 

WARNING: File "", line 0, col 0: WARNING: FreeVars unused :[r_901] 

WARNING: File "", line 0, col 0: WARNING: FreeVars unused :[r_901] 

WARNING: File "", line 0, col 0: WARNING: FreeVars unused :[r_901] 

WARNING: File "", line 0, col 0: WARNING: FreeVars unused :[r_901] 

WARNING: File "", line 0, col 0: WARNING: FreeVars unused :[r_901] 

WARNING: File "", line 0, col 0: WARNING: FreeVars unused :[r_901] 

WARNING: File "", line 0, col 0: WARNING: FreeVars unused :[r_901] 

WARNING: File "", line 0, col 0: WARNING: FreeVars unused :[r_901] 

WARNING: File "", line 0, col 0: WARNING: FreeVars unused :[r_901] 

WARNING: File "", line 0, col 0: WARNING: FreeVars unused :[r_901] 

WARNING: File "", line 0, col 0: WARNING: FreeVars unused :[r_901] 

WARNING: File "", line 0, col 0: WARNING: FreeVars unused :[r_901] 

WARNING: File "", line 0, col 0: WARNING: FreeVars unused :[r_901] 

WARNING: File "", line 0, col 0: WARNING: FreeVars unused :[r_901] 

WARNING: File "", line 0, col 0: WARNING: FreeVars unused :[r_901] 

WARNING: File "", line 0, col 0: WARNING: FreeVars unused :[r_901] 

WARNING: File "", line 0, col 0: WARNING: FreeVars unused :[r_901] 

WARNING: File "", line 0, col 0: WARNING: FreeVars unused :[r_901] 

WARNING: File "", line 0, col 0: WARNING: FreeVars unused :[r_901] 

WARNING: File "", line 0, col 0: WARNING: FreeVars unused :[r_901] 

WARNING: File "", line 0, col 0: WARNING: FreeVars unused :[r_901] 

WARNING: File "", line 0, col 0: WARNING: FreeVars unused :[r_901] 

WARNING: File "", line 0, col 0: WARNING: FreeVars unused :[r_901] 

WARNING: File "", line 0, col 0: WARNING: FreeVars unused :[r_901] 

WARNING: File "", line 0, col 0: WARNING: FreeVars unused :[r_901] 

WARNING: File "", line 0, col 0: WARNING: FreeVars unused :[r_901] 

WARNING: File "", line 0, col 0: WARNING: FreeVars unused :[r_901] 

WARNING: File "", line 0, col 0: WARNING: FreeVars unused :[r_901] 

WARNING: File "", line 0, col 0: WARNING: FreeVars unused :[r_901] 

WARNING: File "", line 0, col 0: WARNING: FreeVars unused :[r_901] 

WARNING: File "", line 0, col 0: WARNING: FreeVars unused :[r_901] 

WARNING: File "", line 0, col 0: WARNING: FreeVars unused :[r_901] 

WARNING: File "", line 0, col 0: WARNING: FreeVars unused :[r_901] 

WARNING: File "", line 0, col 0: WARNING: FreeVars unused :[r_901] 

WARNING: File "", line 0, col 0: WARNING: FreeVars unused :[r_901] 

WARNING: File "", line 0, col 0: WARNING: FreeVars unused :[r_901] 

WARNING: File "", line 0, col 0: WARNING: FreeVars unused :[r_901] 

WARNING: File "", line 0, col 0: WARNING: FreeVars unused :[r_901] 

WARNING: File "", line 0, col 0: WARNING: FreeVars unused :[tmp_56',r_1064] 

WARNING: File "", line 0, col 0: WARNING: FreeVars unused :[r_901] 

WARNING: File "", line 0, col 0: WARNING: FreeVars unused :[r_901] 

WARNING: File "", line 0, col 0: WARNING: FreeVars unused :[r_901] 

WARNING: File "", line 0, col 0: WARNING: FreeVars unused :[r_901] 

WARNING: File "", line 0, col 0: WARNING: FreeVars unused :[r_901] 

WARNING: File "", line 0, col 0: WARNING: FreeVars unused :[r_901] 

WARNING: File "", line 0, col 0: WARNING: FreeVars unused :[r_901] 

WARNING: File "", line 0, col 0: WARNING: FreeVars unused :[r_901] 

WARNING: File "", line 0, col 0: WARNING: FreeVars unused :[r_901] 

WARNING: File "", line 0, col 0: WARNING: FreeVars unused :[r_901] 

WARNING: File "", line 0, col 0: WARNING: FreeVars unused :[r_901] 

WARNING: File "", line 0, col 0: WARNING: FreeVars unused :[r_901] 

WARNING: File "", line 0, col 0: WARNING: FreeVars unused :[r_901] 

WARNING: File "", line 0, col 0: WARNING: FreeVars unused :[r_901] 

WARNING: File "", line 0, col 0: WARNING: FreeVars unused :[r_901] 

WARNING: File "", line 0, col 0: WARNING: FreeVars unused :[r_901] 

WARNING: File "", line 0, col 0: WARNING: FreeVars unused :[r_901] 

WARNING: File "", line 0, col 0: WARNING: FreeVars unused :[tmp_56'] 

WARNING: File "", line 0, col 0: WARNING: FreeVars unused :[r_901] 

WARNING: File "", line 0, col 0: WARNING: FreeVars unused :[r_901] 

WARNING: File "", line 0, col 0: WARNING: FreeVars unused :[r_901] 

WARNING: File "", line 0, col 0: WARNING: FreeVars unused :[r_901] 

WARNING: File "", line 0, col 0: WARNING: FreeVars unused :[r_901] 

WARNING: File "", line 0, col 0: WARNING: FreeVars unused :[r_901] 

WARNING: File "", line 0, col 0: WARNING: FreeVars unused :[r_901] 

WARNING: File "", line 0, col 0: WARNING: FreeVars unused :[r_901] 

WARNING: File "", line 0, col 0: WARNING: FreeVars unused :[r_901] 

WARNING: File "", line 0, col 0: WARNING: FreeVars unused :[r_901] 

WARNING: File "", line 0, col 0: WARNING: FreeVars unused :[r_901] 

WARNING: File "", line 0, col 0: WARNING: FreeVars unused :[r_901] 

WARNING: File "", line 0, col 0: WARNING: FreeVars unused :[r_901] 

WARNING: File "", line 0, col 0: WARNING: FreeVars unused :[r_901] 

WARNING: File "", line 0, col 0: WARNING: FreeVars unused :[r_901] 

WARNING: File "", line 0, col 0: WARNING: FreeVars unused :[r_901] 

WARNING: File "", line 0, col 0: WARNING: FreeVars unused :[xs',r_1127] 

WARNING: File "", line 0, col 0: WARNING: FreeVars unused :[r_901] 

WARNING: File "", line 0, col 0: WARNING: FreeVars unused :[r_901] 

WARNING: File "", line 0, col 0: WARNING: FreeVars unused :[r_901] 

WARNING: File "", line 0, col 0: WARNING: FreeVars unused :[r_901] 

WARNING: File "", line 0, col 0: WARNING: FreeVars unused :[r_901] 

WARNING: File "", line 0, col 0: WARNING: FreeVars unused :[r_901] 

WARNING: File "", line 0, col 0: WARNING: FreeVars unused :[r_901] 

WARNING: File "", line 0, col 0: WARNING: FreeVars unused :[r_901] 

WARNING: File "", line 0, col 0: WARNING: FreeVars unused :[r_901] 

WARNING: File "", line 0, col 0: WARNING: FreeVars unused :[r_901] 

WARNING: File "", line 0, col 0: WARNING: FreeVars unused :[r_901] 

WARNING: File "", line 0, col 0: WARNING: FreeVars unused :[r_901] 

WARNING: File "", line 0, col 0: WARNING: FreeVars unused :[r_901] 

WARNING: File "", line 0, col 0: WARNING: FreeVars unused :[r_901] 

WARNING: File "", line 0, col 0: WARNING: FreeVars unused :[r_901] 

WARNING: File "", line 0, col 0: WARNING: FreeVars unused :[r_901] 

WARNING: File "", line 0, col 0: WARNING: FreeVars unused :[r_901] 

WARNING: File "", line 0, col 0: WARNING: FreeVars unused :[r_901] 

WARNING: File "", line 0, col 0: WARNING: FreeVars unused :[r_901] 

WARNING: File "", line 0, col 0: WARNING: FreeVars unused :[r_901] 

WARNING: File "", line 0, col 0: WARNING: FreeVars unused :[r_901] 

WARNING: File "", line 0, col 0: WARNING: FreeVars unused :[r_901] 

WARNING: File "", line 0, col 0: WARNING: FreeVars unused :[r_901] 

WARNING: File "", line 0, col 0: WARNING: FreeVars unused :[r_901] 

WARNING: File "", line 0, col 0: WARNING: FreeVars unused :[r_901] 

WARNING: File "", line 0, col 0: WARNING: FreeVars unused :[r_901] 

WARNING: File "", line 0, col 0: WARNING: FreeVars unused :[r_901] 

WARNING: File "", line 0, col 0: WARNING: FreeVars unused :[r_901] 

WARNING: File "", line 0, col 0: WARNING: FreeVars unused :[r_901] 

WARNING: File "", line 0, col 0: WARNING: FreeVars unused :[r_901] 

WARNING: File "", line 0, col 0: WARNING: FreeVars unused :[r_901] 

WARNING: File "", line 0, col 0: WARNING: FreeVars unused :[xs'] 

WARNING: File "", line 0, col 0: WARNING: FreeVars unused :[r_901] 

WARNING: File "", line 0, col 0: WARNING: FreeVars unused :[r_901] 

WARNING: File "", line 0, col 0: WARNING: FreeVars unused :[r_901] 

WARNING: File "", line 0, col 0: WARNING: FreeVars unused :[r_901] 

WARNING: File "", line 0, col 0: WARNING: FreeVars unused :[r_901] 

WARNING: File "", line 0, col 0: WARNING: FreeVars unused :[r_901] 

WARNING: File "", line 0, col 0: WARNING: FreeVars unused :[r_901] 

WARNING: File "", line 0, col 0: WARNING: FreeVars unused :[r_901] 

Procedure qsort1$node SUCCESS
Checking procedure append_bll1$node~node... 
WARNING: File "", line 0, col 0: WARNING: FreeVars unused :[res,r_1258] 

WARNING: File "", line 0, col 0: WARNING: FreeVars unused :[res,r_1279] 

Procedure append_bll1$node~node SUCCESS
Checking procedure partition1$node~node~node~int... 
WARNING: File "", line 0, col 0: WARNING: FreeVars unused :[y] 

WARNING: File "", line 0, col 0: WARNING: FreeVars unused :[y] 

WARNING: File "", line 0, col 0: WARNING: FreeVars unused :[z,y,r_1321] 

WARNING: File "", line 0, col 0: WARNING: FreeVars unused :[z,y] 

WARNING: File "", line 0, col 0: WARNING: FreeVars unused :[z,y] 

WARNING: File "", line 0, col 0: WARNING: FreeVars unused :[z,y] 

WARNING: File "", line 0, col 0: WARNING: FreeVars unused :[z,y] 

WARNING: File "", line 0, col 0: WARNING: FreeVars unused :[z,y] 

WARNING: File "", line 0, col 0: WARNING: FreeVars unused :[z,y] 

WARNING: File "", line 0, col 0: WARNING: FreeVars unused :[z,y,r_1321] 

WARNING: File "", line 0, col 0: WARNING: FreeVars unused :[z,y,r_1321] 

WARNING: File "", line 0, col 0: WARNING: FreeVars unused :[z,y,r_1321] 

WARNING: File "", line 0, col 0: WARNING: FreeVars unused :[z,y,r_1321] 

WARNING: File "", line 0, col 0: WARNING: FreeVars unused :[z,y,r_1321] 

WARNING: File "", line 0, col 0: WARNING: FreeVars unused :[z,y,r_1321] 

WARNING: File "", line 0, col 0: WARNING: FreeVars unused :[z,y,r_1321] 

WARNING: File "", line 0, col 0: WARNING: FreeVars unused :[z,y,r_1321] 

WARNING: File "", line 0, col 0: WARNING: FreeVars unused :[z,y,r_1321] 

WARNING: File "", line 0, col 0: WARNING: FreeVars unused :[z,y,r_1321] 

WARNING: File "", line 0, col 0: WARNING: FreeVars unused :[z,y,r_1321] 

WARNING: File "", line 0, col 0: WARNING: FreeVars unused :[z,y,r_1321] 

WARNING: File "", line 0, col 0: WARNING: FreeVars unused :[z,y,r_1321] 

WARNING: File "", line 0, col 0: WARNING: FreeVars unused :[z,y,r_1321] 

WARNING: File "", line 0, col 0: WARNING: FreeVars unused :[z,y,r_1321] 

WARNING: File "", line 0, col 0: WARNING: FreeVars unused :[z,y,r_1321] 

WARNING: File "", line 0, col 0: WARNING: FreeVars unused :[z,y,r_1321] 

WARNING: File "", line 0, col 0: WARNING: FreeVars unused :[z,y,r_1321] 

WARNING: File "", line 0, col 0: WARNING: FreeVars unused :[z,y,r_1321] 

WARNING: File "", line 0, col 0: WARNING: FreeVars unused :[z,y,r_1321] 

WARNING: File "", line 0, col 0: WARNING: FreeVars unused :[z,y] 

WARNING: File "", line 0, col 0: WARNING: FreeVars unused :[z,y] 

WARNING: File "", line 0, col 0: WARNING: FreeVars unused :[z,y] 

WARNING: File "", line 0, col 0: WARNING: FreeVars unused :[z,y] 

WARNING: File "", line 0, col 0: WARNING: FreeVars unused :[z,y] 

WARNING: File "", line 0, col 0: WARNING: FreeVars unused :[z,y] 

WARNING: File "", line 0, col 0: WARNING: FreeVars unused :[z,y,r_1321] 

WARNING: File "", line 0, col 0: WARNING: FreeVars unused :[z,y,r_1321] 

WARNING: File "", line 0, col 0: WARNING: FreeVars unused :[z,y,r_1321] 

WARNING: File "", line 0, col 0: WARNING: FreeVars unused :[z,y,r_1321] 

WARNING: File "", line 0, col 0: WARNING: FreeVars unused :[z,y] 

WARNING: File "", line 0, col 0: WARNING: FreeVars unused :[z,y] 

WARNING: File "", line 0, col 0: WARNING: FreeVars unused :[z,y] 

WARNING: File "", line 0, col 0: WARNING: FreeVars unused :[z,y] 

WARNING: File "", line 0, col 0: WARNING: FreeVars unused :[z,y] 

WARNING: File "", line 0, col 0: WARNING: FreeVars unused :[z,y] 

WARNING: File "", line 0, col 0: WARNING: FreeVars unused :[z,y,r_1321] 

WARNING: File "", line 0, col 0: WARNING: FreeVars unused :[z,y,r_1321] 

WARNING: File "", line 0, col 0: WARNING: FreeVars unused :[z,y,r_1321] 

WARNING: File "", line 0, col 0: WARNING: FreeVars unused :[c,z,y] 

WARNING: File "", line 0, col 0: WARNING: FreeVars unused :[c,z,y] 

WARNING: File "", line 0, col 0: WARNING: FreeVars unused :[c,z,y] 

WARNING: File "", line 0, col 0: WARNING: FreeVars unused :[c,z,y] 

WARNING: File "", line 0, col 0: WARNING: FreeVars unused :[c,z,y] 

WARNING: File "", line 0, col 0: WARNING: FreeVars unused :[c,z,y] 

WARNING: File "", line 0, col 0: WARNING: FreeVars unused :[c,z,y] 

WARNING: File "", line 0, col 0: WARNING: FreeVars unused :[c,z,y] 

WARNING: File "", line 0, col 0: WARNING: FreeVars unused :[c,z,y] 

WARNING: File "", line 0, col 0: WARNING: FreeVars unused :[c,z,y] 

WARNING: File "", line 0, col 0: WARNING: FreeVars unused :[c,z,y] 

WARNING: File "", line 0, col 0: WARNING: FreeVars unused :[c,z,y] 

WARNING: File "", line 0, col 0: WARNING: FreeVars unused :[c,z,y] 

WARNING: File "", line 0, col 0: WARNING: FreeVars unused :[c,z,y] 

WARNING: File "", line 0, col 0: WARNING: FreeVars unused :[c,z,y] 

WARNING: File "", line 0, col 0: WARNING: FreeVars unused :[c,z,y] 

WARNING: File "", line 0, col 0: WARNING: FreeVars unused :[c,z,y] 

WARNING: File "", line 0, col 0: WARNING: FreeVars unused :[c,z,y] 

WARNING: File "", line 0, col 0: WARNING: FreeVars unused :[c,z,y] 

WARNING: File "", line 0, col 0: WARNING: FreeVars unused :[c,z,y] 

WARNING: File "", line 0, col 0: WARNING: FreeVars unused :[c,z,y] 

WARNING: File "", line 0, col 0: WARNING: FreeVars unused :[c,z,y] 

WARNING: File "", line 0, col 0: WARNING: FreeVars unused :[z,y,r_1321] 

WARNING: File "", line 0, col 0: WARNING: FreeVars unused :[z,y,r_1321] 

WARNING: File "", line 0, col 0: WARNING: FreeVars unused :[z,y,r_1321] 

WARNING: File "", line 0, col 0: WARNING: FreeVars unused :[z,y,r_1321] 

WARNING: File "", line 0, col 0: WARNING: FreeVars unused :[z,y,r_1321] 

WARNING: File "", line 0, col 0: WARNING: FreeVars unused :[y'] 

WARNING: File "", line 0, col 0: WARNING: FreeVars unused :[z,y,r_1321] 

WARNING: File "", line 0, col 0: WARNING: FreeVars unused :[z,y,r_1321] 

WARNING: File "", line 0, col 0: WARNING: FreeVars unused :[z,y,r_1321] 

WARNING: File "", line 0, col 0: WARNING: FreeVars unused :[z,y,r_1321] 

WARNING: File "", line 0, col 0: WARNING: FreeVars unused :[z,y,r_1321] 

WARNING: File "", line 0, col 0: WARNING: FreeVars unused :[z,y,r_1321] 

WARNING: File "", line 0, col 0: WARNING: FreeVars unused :[z,y,r_1321] 

WARNING: File "", line 0, col 0: WARNING: FreeVars unused :[z,y,r_1321] 

WARNING: File "", line 0, col 0: WARNING: FreeVars unused :[z,y,r_1321] 

WARNING: File "", line 0, col 0: WARNING: FreeVars unused :[z,y,r_1321] 

WARNING: File "", line 0, col 0: WARNING: FreeVars unused :[z,y,r_1321] 

WARNING: File "", line 0, col 0: WARNING: FreeVars unused :[z,y,r_1321] 

WARNING: File "", line 0, col 0: WARNING: FreeVars unused :[z,y,r_1321] 

WARNING: File "", line 0, col 0: WARNING: FreeVars unused :[z'] 

WARNING: File "", line 0, col 0: WARNING: FreeVars unused :[z,y,r_1321] 

WARNING: File "", line 0, col 0: WARNING: FreeVars unused :[z,y,r_1321] 

WARNING: File "", line 0, col 0: WARNING: FreeVars unused :[z,y,r_1321] 

WARNING: File "", line 0, col 0: WARNING: FreeVars unused :[z,y,r_1321] 

WARNING: File "", line 0, col 0: WARNING: FreeVars unused :[z,y,r_1321] 

WARNING: File "", line 0, col 0: WARNING: FreeVars unused :[z,y,r_1321] 

WARNING: File "", line 0, col 0: WARNING: FreeVars unused :[z,y,r_1321] 

WARNING: File "", line 0, col 0: WARNING: FreeVars unused :[z,y,r_1321] 

Procedure partition1$node~node~node~int SUCCESS
Stop Omega... 235 invocations 
1 false contexts at: ( (91,1) )

Total verification time: 6.56 second(s)
	Time spent in main process: 0.86 second(s)
	Time spent in child processes: 5.7 second(s)
Counters: 
 cnt_Overall = 1
cnt_Parsing = 2
cnt_Preprocessing = 1
cnt_TP.imply_timeout = 441
cnt_Translating global var = 1
cnt_Translating to Core = 1
cnt_add_pure = 700
cnt_elim_exists = 48
cnt_elim_redundant_ctr = 13
cnt_empty_predicate_testing = 25
cnt_entail_prune = 16
cnt_erc_imply = 42
cnt_fast_imply = 543
cnt_filter_dupl_memo = 1312
cnt_heap_entail_one_context_struc#2 = 14
cnt_heap_entail_one_context_struc#4 = 20
cnt_heap_entail_one_context_struc#fold = 11
cnt_imply = 441
cnt_imply_proc_one_full = 26
cnt_imply_proc_one_ncplx = 75
cnt_is_sat = 231
cnt_memo_imply = 15
cnt_memo_norm = 736
cnt_method append_bll1$node~node = 1
cnt_method partition1$node~node~node~int = 1
cnt_method qsort1$node = 1
cnt_normalize_max_renaming_list_failesc_context = 40
cnt_pred_inference = 1
cnt_proof_after_base_case = 5
cnt_prune_imply = 264
cnt_prune_preds = 103
cnt_prune_preds_filter = 103
cnt_simplify = 38
cnt_slow_imply = 42
cnt_unfold_unsat = 15
consumed_nodes_counter = 40
consumed_specialized_nodes = 13
dropped_branches = 12
false_imply_count = 353
fast_imply_success = 10
impl_cache_count = 419
impl_conseq_count = 193
impl_proof_count = 298
imply_sem_prun_false = 257
imply_sem_prun_true = 7
prune_cnt = 12
sat_cache_count = 231
sat_proof_count = 128
stat_count_imply = 441
stat_count_sat = 231
stat_disj_count_imply = 1099
stat_disj_count_sat = 593
stat_size_count_imply = 7054
stat_size_count_sat = 2383
syn_memo_count = 274
syn_memo_hit = 10
total_unfold_disjs = 19
true_imply_count = 88
with_disj_cnt_0_s = 49
with_disj_cnt_2_f = 12
with_disj_cnt_2_s = 14
z_stat_disj_imply = 535
z_stat_disj_sat = 455

 profile results: there where 35 keys 
 
(Overall,6.55,1,6.55,[6.55],  100.%) 
(Parsing,0.01,2,0.,[],  0.15%) 
(Preprocessing,0.43,1,0.43,[],  6.56%) 
(TP.imply_timeout,0.,441,0.,[],  0.%) 
(Translating global var,0.,1,0.,[],  0.%) 
(Translating to Core,0.41,1,0.41,[],  6.25%) 
(add_pure,0.,700,0.,[],  0.%) 
(elim_exists,0.01,48,0.,[],  0.3%) 
(elim_redundant_ctr,0.07,13,0.,[],  1.06%) 
(empty_predicate_testing,0.26,25,0.01,[],  3.96%) 
(entail_prune,0.37,16,0.02,[],  5.64%) 
(erc_imply,0.07,42,0.,[],  1.06%) 
(fast_imply,0.,543,0.,[],  0.%) 
(filter_dupl_memo,0.01,1312,0.,[],  0.15%) 
(heap_entail_one_context_struc#2,4.49,14,0.32,[3.07],  68.7%) 
(heap_entail_one_context_struc#4,3.81,20,0.19,[3.],  58.32%) 
(heap_entail_one_context_struc#fold,0.31,11,0.02,[],  4.73%) 
(imply,1.66,441,0.,[],  25.34%) 
(imply_proc_one_full,0.13,26,0.,[],  1.98%) 
(imply_proc_one_ncplx,0.33,75,0.,[],  5.19%) 
(is_sat,4.59,231,0.01,[3.],  70.22%) 
(memo_imply,0.2,15,0.01,[],  3.05%) 
(memo_norm,0.,736,0.,[],  0.%) 
(method append_bll1$node~node,0.29,1,0.29,[],  4.42%) 
(method partition1$node~node~node~int,0.86,1,0.86,[0.86],  13.28%) 
(method qsort1$node,4.86,1,4.86,[4.86],  74.19%) 
(normalize_max_renaming_list_failesc_context,0.,40,0.,[],  0.15%) 
(pred_inference,0.27,1,0.27,[],  4.12%) 
(proof_after_base_case,0.09,3,0.03,[],  1.37%) 
(prune_imply,0.,264,0.,[],  0.%) 
(prune_preds,0.94,103,0.,[],  14.35%) 
(prune_preds_filter,0.,103,0.,[],  0.%) 
(simplify,0.02,38,0.,[],  0.45%) 
(slow_imply,0.07,42,0.,[],  1.06%) 
(unfold_unsat,0.01,15,0.,[],  0.3%)
