+++ Transcript to reduce.log started at Sat Jul 16 16:32:34 2011 +++
Reduce (Free CSL version), 12-Jan-11 ...

off nat;

linelength 10000;
t$


load_package redlog;

rlset ofsf;
{}$


on rlnzden;

rlqe rlex(((flted_13_82 = 1.) and (((x = p) and (7 = 0)) or (((x <= (0 + -1)) or (x >= (0 + 1))) and (1 <= 7)))));
true$


rlqe rlex((((flted_18_116 = 1.) and (10 <= (n + -1))) and (((x = p) and (n = 0)) or (((x <= (0 + -1)) or (x >= (0 + 1))) and (1 <= n)))));
true$


rlqe rlex((((flted_26_188 = 1.) and (9 <= (n + -1))) and (((x = p) and (n = 0)) or (((x <= (0 + -1)) or (x >= (0 + 1))) and (1 <= n)))));
true$


rlqe rlex((((flted_31_222 = 1.) and (1000 <= (n + -1))) and (((x = p) and (n = 0)) or (((x <= (0 + -1)) or (x >= (0 + 1))) and (1 <= n)))));
true$


rlqe rlex(((flted_48_403 = 1.) and (((x = p) and (7 = 0)) or (((x <= (0 + -1)) or (x >= (0 + 1))) and (1 <= 7)))));
true$


rlqe rlex(((flted_52_437 = 1.) and (((x = p) and (7 = 0)) or (((x <= (0 + -1)) or (x >= (0 + 1))) and (1 <= 7)))));
true$


