/usr/local/bin/mona
/usr/local/bin/oc

Processing file "avl_size_height_bags_0_link.ss"
Parsing...
Parsing...
Starting Omega... 
Translating global variables to procedure parameters...
Translating to core language...

 warning avl_size_height_bags_0_link.ss_440_10 quantifying: nn mm Sn

 warning avl_size_height_bags_0_link.ss_402_10 quantifying: Sn nn

 warning avl_size_height_bags_0_link.ss_371_12 quantifying: nn Sn r

 warning avl_size_height_bags_0_link.ss_296_10 quantifying: Sn r

 warning avl_size_height_bags_0_link.ss_215_10 quantifying: Sn r

 warning avl_size_height_bags_0_link.ss_147_10 quantifying: nn Sn

 warning avl_size_height_bags_0_link.ss_123_10 quantifying: S

 warning avl_size_height_bags_0_link.ss_97_10 quantifying: S

 warning avl_size_height_bags_0_link.ss_67_10 quantifying: S

 warning avl_size_height_bags_0_link.ss_50_10 quantifying: S
Checking procedure main$... 
Procedure main$ SUCCESS
Checking procedure delete$node~int... 
Procedure delete$node~int SUCCESS
Checking procedure delete_top$node... 
Procedure delete_top$node SUCCESS
Checking procedure remove_min$node~myint... 
Procedure remove_min$node~myint SUCCESS
Checking procedure remove_max_add$node~myint... 
Procedure remove_max_add$node~myint SUCCESS
Checking procedure remove_min_add$node~myint... 
Procedure remove_min_add$node~myint SUCCESS
Checking procedure insert$node~int... 
Procedure insert$node~int SUCCESS
Checking procedure rotate_double_right$node~node~node~node~int~int~int... 
Procedure rotate_double_right$node~node~node~node~int~int~int SUCCESS
Checking procedure rotate_double_left$node~node~node~node~int~int~int... 
Procedure rotate_double_left$node~node~node~node~int~int~int SUCCESS
Checking procedure get_max$int~int... 
Procedure get_max$int~int SUCCESS
Checking procedure rotate_right$node~node~node~int~int... 
Procedure rotate_right$node~node~node~int~int SUCCESS
Checking procedure rotate_left$node~node~node~int~int... 
Procedure rotate_left$node~node~node~int~int SUCCESS
Checking procedure height$node... 
Procedure height$node SUCCESS
Stop Omega... 4507 invocations 
0 false contexts at: ()

Total verification time: 149.73 second(s)
	Time spent in main process: 23.91 second(s)
	Time spent in child processes: 125.82 second(s)
Counters: 
 cnt_--opt-imply 3 = 2987
cnt_Overall = 1
cnt_Parsing = 2
cnt_Preprocessing = 1
cnt_TP.imply_timeout = 9936
cnt_Translating global var = 1
cnt_Translating to Core = 1
cnt_add_pure = 10612
cnt_elim_exists = 1128
cnt_elim_redundant_ctr = 25
cnt_empty_predicate_testing = 241
cnt_entail_prune = 380
cnt_erc_imply = 184
cnt_fast_imply = 13413
cnt_filter_dupl_memo = 23221
cnt_heap_entail_one_context_struc#2 = 186
cnt_heap_entail_one_context_struc#4 = 181
cnt_heap_entail_one_context_struc#fold = 137
cnt_imply = 9936
cnt_imply_proc_one_full = 594
cnt_imply_proc_one_ncplx = 2393
cnt_is_sat = 7651
cnt_memo_imply = 241
cnt_memo_norm = 10795
cnt_merge_mems_r_dups = 10023
cnt_method delete$node~int = 1
cnt_method delete_top$node = 1
cnt_method get_max$int~int = 1
cnt_method height$node = 1
cnt_method insert$node~int = 1
cnt_method main$ = 1
cnt_method remove_max_add$node~myint = 1
cnt_method remove_min$node~myint = 1
cnt_method remove_min_add$node~myint = 1
cnt_method rotate_double_left$node~node~node~node~int~int~int = 1
cnt_method rotate_double_right$node~node~node~node~int~int~int = 1
cnt_method rotate_left$node~node~node~int~int = 1
cnt_method rotate_right$node~node~node~int~int = 1
cnt_normalize_max_renaming_list_failesc_context = 935
cnt_pred_inference = 1
cnt_proof_after_base_case = 59
cnt_prune_imply = 6510
cnt_prune_preds = 1533
cnt_prune_preds_filter = 1533
cnt_push_exists_slicing = 1366
cnt_simplify = 99
cnt_slow_imply = 184
cnt_unfold_unsat = 367
consumed_nodes_counter = 1067
consumed_specialized_nodes = 439
dropped_branches = 99
false_imply_count = 7544
fast_imply_success = 260
impl_cache_count = 9055
impl_conseq_count = 2674
impl_proof_count = 5435
imply_sem_prun_false = 6456
imply_sem_prun_true = 54
prune_cnt = 99
sat_cache_count = 7651
sat_proof_count = 1942
saved_unfolds = 15
stat_count_imply = 9936
stat_count_sat = 7651
stat_disj_count_imply = 4955655
stat_disj_count_sat = 5457777
stat_size_count_imply = 166463
stat_size_count_sat = 56529
syn_memo_count = 6770
syn_memo_hit = 260
total_unfold_disjs = 181
true_imply_count = 2392
with_disj_cnt_0_s = 1799
with_disj_cnt_2_f = 136
with_disj_cnt_2_s = 458
z_stat_disj_imply = 15449
z_stat_disj_sat = 14796

 profile results: there where 48 keys 
 
(--opt-imply 3,0.04,2987,0.,[],  0.03%) 
(Overall,149.72,1,149.72,[149.72],  100.%) 
(Parsing,0.01,2,0.,[],  0.01%) 
(Preprocessing,1.43,1,1.43,[1.43],  0.95%) 
(TP.imply_timeout,0.,9936,0.,[],  0.%) 
(Translating global var,0.01,1,0.01,[],  0.%) 
(Translating to Core,1.39,1,1.39,[1.39],  0.92%) 
(add_pure,0.23,10612,0.,[],  0.15%) 
(elim_exists,0.,1128,0.,[],  0.%) 
(elim_redundant_ctr,0.27,25,0.01,[],  0.18%) 
(empty_predicate_testing,97.2,241,0.4,[0.5,0.55,0.57,0.59,0.61,0.61,0.67,0.71,0.75,0.83,1.03,1.08,1.15,1.43,2.74,2.8,2.98,3.53,3.59,3.64,4.1,4.73,5.14,5.46,5.55,6.19,8.14,10.12],  64.92%) 
(entail_prune,9.35,380,0.02,[],  6.25%) 
(erc_imply,0.27,184,0.,[],  0.18%) 
(fast_imply,0.,13413,0.,[],  0.%) 
(filter_dupl_memo,0.03,23221,0.,[],  0.02%) 
(heap_entail_one_context_struc#2,75.77,186,0.4,[0.52,0.55,0.63,0.75,0.8,0.91,0.93,1.04,1.17,2.81,4.51,7.,15.65,21.61],  50.61%) 
(heap_entail_one_context_struc#4,6.18,181,0.03,[],  4.12%) 
(heap_entail_one_context_struc#fold,23.4,47,0.49,[0.59,0.64,0.66,0.7,0.78,0.92,1.16,1.21,1.25,1.27,2.02,2.09,2.56,2.64],  15.62%) 
(imply,123.75,9936,0.01,[0.5,0.53,0.57,0.59,0.61,0.61,0.67,0.71,0.75,0.83,1.03,1.08,1.15,1.43,2.74,2.8,2.98,3.53,3.59,3.64,4.1,4.73,5.14,5.46,5.55,6.19,8.14,10.12],  82.66%) 
(imply_proc_one_full,4.14,594,0.,[],  2.76%) 
(imply_proc_one_ncplx,7.97,2393,0.,[],  5.32%) 
(is_sat,14.57,7651,0.,[],  9.73%) 
(memo_imply,95.62,241,0.39,[0.5,0.53,0.57,0.59,0.61,0.61,0.67,0.71,0.75,0.83,1.03,1.08,1.15,1.43,2.74,2.8,2.98,3.53,3.59,3.64,4.1,4.73,5.14,5.46,5.55,6.19,8.14,10.12],  63.87%) 
(memo_norm,0.,10795,0.,[],  0.%) 
(merge_mems_r_dups,0.01,10023,0.,[],  0.01%) 
(method delete$node~int,88.64,1,88.64,[88.64],  59.2%) 
(method delete_top$node,12.82,1,12.82,[12.82],  8.56%) 
(method get_max$int~int,0.,1,0.,[],  0.%) 
(method height$node,0.27,1,0.27,[],  0.18%) 
(method insert$node~int,8.9,1,8.9,[8.9],  5.95%) 
(method main$,0.96,1,0.96,[0.96],  0.64%) 
(method remove_max_add$node~myint,14.13,1,14.13,[14.13],  9.43%) 
(method remove_min$node~myint,2.84,1,2.84,[2.84],  1.9%) 
(method remove_min_add$node~myint,14.5,1,14.5,[14.5],  9.68%) 
(method rotate_double_left$node~node~node~node~int~int~int,1.09,1,1.09,[1.09],  0.72%) 
(method rotate_double_right$node~node~node~node~int~int~int,1.08,1,1.08,[1.08],  0.72%) 
(method rotate_left$node~node~node~int~int,0.33,1,0.33,[],  0.22%) 
(method rotate_right$node~node~node~int~int,0.3,1,0.3,[],  0.2%) 
(normalize_max_renaming_list_failesc_context,0.07,935,0.,[],  0.05%) 
(pred_inference,0.93,1,0.93,[0.93],  0.62%) 
(proof_after_base_case,8.34,49,0.17,[0.52,0.52,0.53,0.6,0.6],  5.57%) 
(prune_imply,0.,6510,0.,[],  0.%) 
(prune_preds,16.09,1533,0.01,[],  10.74%) 
(prune_preds_filter,0.01,1533,0.,[],  0.%) 
(push_exists_slicing,0.01,1366,0.,[],  0.01%) 
(simplify,0.,99,0.,[],  0.%) 
(slow_imply,0.27,184,0.,[],  0.18%) 
(unfold_unsat,0.,367,0.,[],  0.%)
