/usr/local/bin/mona
/usr/local/bin/oc

Processing file "avl_size_height_bags_1_link.ss"
Parsing...
Parsing...
Starting Omega... 
Translating global variables to procedure parameters...
Translating to core language...

 warning avl_size_height_bags_1_link.ss_440_10 quantifying: nn mm Sn

 warning avl_size_height_bags_1_link.ss_402_10 quantifying: Sn nn

 warning avl_size_height_bags_1_link.ss_371_12 quantifying: nn Sn r

 warning avl_size_height_bags_1_link.ss_296_10 quantifying: Sn r

 warning avl_size_height_bags_1_link.ss_215_10 quantifying: Sn r

 warning avl_size_height_bags_1_link.ss_147_10 quantifying: nn Sn

 warning avl_size_height_bags_1_link.ss_123_10 quantifying: S

 warning avl_size_height_bags_1_link.ss_97_10 quantifying: S

 warning avl_size_height_bags_1_link.ss_67_10 quantifying: S

 warning avl_size_height_bags_1_link.ss_50_10 quantifying: S
Checking procedure main$... 
Procedure main$ SUCCESS
Checking procedure delete$node~int... 
[MONA.ml]:Timeout exception IMPLY no :3409

Procedure delete$node~int SUCCESS
Checking procedure delete_top$node... 
Procedure delete_top$node SUCCESS
Checking procedure remove_min$node~myint... 
Procedure remove_min$node~myint SUCCESS
Checking procedure remove_max_add$node~myint... 
Procedure remove_max_add$node~myint SUCCESS
Checking procedure remove_min_add$node~myint... 
Procedure remove_min_add$node~myint SUCCESS
Checking procedure insert$node~int... 
Procedure insert$node~int SUCCESS
Checking procedure rotate_double_right$node~node~node~node~int~int~int... 
Procedure rotate_double_right$node~node~node~node~int~int~int SUCCESS
Checking procedure rotate_double_left$node~node~node~node~int~int~int... 
Procedure rotate_double_left$node~node~node~node~int~int~int SUCCESS
Checking procedure get_max$int~int... 
Procedure get_max$int~int SUCCESS
Checking procedure rotate_right$node~node~node~int~int... 
Procedure rotate_right$node~node~node~int~int SUCCESS
Checking procedure rotate_left$node~node~node~int~int... 
Procedure rotate_left$node~node~node~int~int SUCCESS
Checking procedure height$node... 
Procedure height$node SUCCESS
Stop Omega... 4745 invocations 
0 false contexts at: ()

Total verification time: 169.95 second(s)
	Time spent in main process: 25.06 second(s)
	Time spent in child processes: 144.89 second(s)
Counters: 
 cnt_--opt-imply 3 = 3110
cnt_Overall = 1
cnt_Parsing = 2
cnt_Preprocessing = 1
cnt_TP.imply_timeout = 10220
cnt_Translating global var = 1
cnt_Translating to Core = 1
cnt_add_pure = 10612
cnt_elim_exists = 1128
cnt_elim_redundant_ctr = 25
cnt_empty_predicate_testing = 241
cnt_entail_prune = 380
cnt_erc_imply = 221
cnt_fast_imply = 13531
cnt_filter_dupl_memo = 23200
cnt_heap_entail_one_context_struc#2 = 186
cnt_heap_entail_one_context_struc#4 = 181
cnt_heap_entail_one_context_struc#fold = 137
cnt_imply = 10220
cnt_imply_proc_one_full = 581
cnt_imply_proc_one_ncplx = 2529
cnt_is_sat = 10973
cnt_memo_imply = 241
cnt_memo_norm = 10779
cnt_merge_mems_r_dups = 9981
cnt_method delete$node~int = 1
cnt_method delete_top$node = 1
cnt_method get_max$int~int = 1
cnt_method height$node = 1
cnt_method insert$node~int = 1
cnt_method main$ = 1
cnt_method remove_max_add$node~myint = 1
cnt_method remove_min$node~myint = 1
cnt_method remove_min_add$node~myint = 1
cnt_method rotate_double_left$node~node~node~node~int~int~int = 1
cnt_method rotate_double_right$node~node~node~node~int~int~int = 1
cnt_method rotate_left$node~node~node~int~int = 1
cnt_method rotate_right$node~node~node~int~int = 1
cnt_normalize_max_renaming_list_failesc_context = 935
cnt_pred_inference = 1
cnt_proof_after_base_case = 59
cnt_prune_imply = 6632
cnt_prune_preds = 1533
cnt_prune_preds_filter = 1533
cnt_push_exists_slicing = 1366
cnt_simplify = 98
cnt_slow_imply = 221
cnt_unfold_unsat = 367
consumed_nodes_counter = 1067
consumed_specialized_nodes = 420
dropped_branches = 95
false_imply_count = 7703
fast_imply_success = 176
impl_cache_count = 9204
impl_conseq_count = 2822
impl_proof_count = 5344
imply_sem_prun_false = 6590
imply_sem_prun_true = 42
prune_cnt = 95
sat_cache_count = 10973
sat_proof_count = 2310
saved_unfolds = 15
stat_count_imply = 10220
stat_count_sat = 10973
stat_disj_count_imply = 4953029
stat_disj_count_sat = 5461099
stat_size_count_imply = 142226
stat_size_count_sat = 61882
syn_memo_count = 6808
syn_memo_hit = 176
total_unfold_disjs = 181
true_imply_count = 2517
with_disj_cnt_0_s = 1948
with_disj_cnt_2_f = 136
with_disj_cnt_2_s = 445
z_stat_disj_imply = 15624
z_stat_disj_sat = 18118

 profile results: there where 48 keys 
 
(--opt-imply 3,0.01,3110,0.,[],  0.%) 
(Overall,169.94,1,169.94,[169.94],  100.%) 
(Parsing,0.01,2,0.,[],  0.01%) 
(Preprocessing,1.76,1,1.76,[1.76],  1.03%) 
(TP.imply_timeout,0.,10220,0.,[],  0.%) 
(Translating global var,0.01,1,0.01,[],  0.%) 
(Translating to Core,1.72,1,1.72,[1.72],  1.01%) 
(add_pure,0.23,10612,0.,[],  0.14%) 
(elim_exists,0.02,1128,0.,[],  0.01%) 
(elim_redundant_ctr,0.26,25,0.01,[],  0.15%) 
(empty_predicate_testing,112.33,241,0.46,[0.5,0.51,0.53,0.57,0.58,0.65,0.66,0.66,0.73,0.76,0.78,0.8,0.84,0.95,1.03,1.05,1.25,1.25,1.27,1.43,1.72,2.21,3.34,3.94,3.99,4.87,5.14,5.16,5.41,5.42,5.52,5.73,7.2,8.5,11.],  66.1%) 
(entail_prune,9.6,380,0.02,[],  5.64%) 
(erc_imply,0.26,221,0.,[],  0.15%) 
(fast_imply,0.02,13531,0.,[],  0.01%) 
(filter_dupl_memo,0.03,23200,0.,[],  0.02%) 
(heap_entail_one_context_struc#2,87.84,186,0.47,[0.51,0.57,0.84,1.02,1.11,1.14,1.34,2.35,2.6,3.83,3.9,7.12,19.36,24.65],  51.68%) 
(heap_entail_one_context_struc#4,6.07,181,0.03,[],  3.57%) 
(heap_entail_one_context_struc#fold,26.78,47,0.56,[0.59,0.62,0.72,0.86,1.,1.24,1.25,1.28,1.29,1.33,1.48,2.19,2.22,3.06,3.08],  15.76%) 
(imply,141.27,10220,0.01,[0.5,0.51,0.53,0.57,0.58,0.65,0.66,0.66,0.73,0.76,0.78,0.8,0.84,0.95,1.03,1.05,1.19,1.2,1.25,1.25,1.27,1.43,1.72,2.21,3.34,3.94,3.99,4.87,5.14,5.16,5.41,5.42,5.52,5.73,7.2,8.5,11.],  83.12%) 
(imply_proc_one_full,4.31,581,0.,[],  2.53%) 
(imply_proc_one_ncplx,10.45,2529,0.,[1.19,1.2],  6.15%) 
(is_sat,16.29,10973,0.,[],  9.59%) 
(memo_imply,110.7,241,0.45,[0.5,0.51,0.53,0.57,0.58,0.65,0.66,0.66,0.73,0.76,0.78,0.8,0.84,0.95,1.03,1.05,1.25,1.25,1.27,1.43,1.72,2.21,3.34,3.94,3.99,4.87,5.14,5.16,5.41,5.42,5.52,5.73,7.2,8.5,11.],  65.14%) 
(memo_norm,0.03,10779,0.,[],  0.01%) 
(merge_mems_r_dups,0.02,9981,0.,[],  0.01%) 
(method delete$node~int,103.54,1,103.54,[103.54],  60.92%) 
(method delete_top$node,13.35,1,13.35,[13.35],  7.85%) 
(method get_max$int~int,0.,1,0.,[],  0.%) 
(method height$node,0.28,1,0.28,[],  0.16%) 
(method insert$node~int,10.71,1,10.71,[10.71],  6.3%) 
(method main$,0.94,1,0.94,[0.94],  0.55%) 
(method remove_max_add$node~myint,15.21,1,15.21,[15.21],  8.95%) 
(method remove_min$node~myint,3.48,1,3.48,[3.48],  2.05%) 
(method remove_min_add$node~myint,15.33,1,15.33,[15.33],  9.02%) 
(method rotate_double_left$node~node~node~node~int~int~int,1.13,1,1.13,[1.13],  0.67%) 
(method rotate_double_right$node~node~node~node~int~int~int,1.15,1,1.15,[1.15],  0.67%) 
(method rotate_left$node~node~node~int~int,0.32,1,0.32,[],  0.19%) 
(method rotate_right$node~node~node~int~int,0.33,1,0.33,[],  0.19%) 
(normalize_max_renaming_list_failesc_context,0.16,935,0.,[],  0.1%) 
(pred_inference,0.93,1,0.93,[0.93],  0.54%) 
(proof_after_base_case,9.51,49,0.19,[0.52,0.53,0.53,0.53,0.62,0.93,1.02],  5.59%) 
(prune_imply,0.01,6632,0.,[],  0.01%) 
(prune_preds,15.88,1533,0.01,[],  9.34%) 
(prune_preds_filter,0.01,1533,0.,[],  0.%) 
(push_exists_slicing,0.05,1366,0.,[],  0.02%) 
(simplify,0.01,98,0.,[],  0.%) 
(slow_imply,0.26,221,0.,[],  0.15%) 
(unfold_unsat,0.,367,0.,[],  0.%)
