/usr/local/bin/mona
/usr/local/bin/oc

Processing file "avl_size_height_bal_5_links.ss"
Parsing...
Parsing...
Starting Omega... 
Translating global variables to procedure parameters...
Translating to core language...

 warning avl_size_height_bal_5_links.ss_155_9 quantifying: resl resr resll reslr tmp1 resn tmp2 resln

 warning avl_size_height_bal_5_links.ss_129_9 quantifying: resl resr resrl resrr tmp1 resn tmp2 resrn

 warning avl_size_height_bal_5_links.ss_116_9 quantifying: ss1 bb1 ss3 bb2 h t h1 t1 h2 t2

 warning avl_size_height_bal_5_links.ss_99_9 quantifying: ss1 bb1 ss2 bb2 h t h1 t1 h2 t2

 warning avl_size_height_bal_5_links.ss_45_10 quantifying: resn resb
Checking procedure rotate_right_child$node... 
Procedure rotate_right_child$node SUCCESS
Checking procedure rotate_left_child$node... 
Procedure rotate_left_child$node SUCCESS
Checking procedure double_right_child$node... 
Procedure double_right_child$node SUCCESS
Checking procedure double_left_child$node... 
Procedure double_left_child$node SUCCESS
Checking procedure insert$node~int... 
Procedure insert$node~int SUCCESS
Checking procedure get_max$int~int... 
Procedure get_max$int~int SUCCESS
Checking procedure height$node... 
Procedure height$node SUCCESS
Stop Omega... 3289 invocations 
0 false contexts at: ()

Total verification time: 32.65 second(s)
	Time spent in main process: 9.89 second(s)
	Time spent in child processes: 22.76 second(s)
Counters: 
 cnt_--opt-imply 2 = 1474
cnt_Overall = 1
cnt_Parsing = 2
cnt_Preprocessing = 1
cnt_TP.imply_timeout = 3668
cnt_Translating global var = 1
cnt_Translating to Core = 1
cnt_add_pure = 2436
cnt_elim_exists = 214
cnt_elim_redundant_ctr = 16
cnt_empty_predicate_testing = 147
cnt_entail_prune = 52
cnt_erc_imply = 250
cnt_fast_imply = 3616
cnt_filter_dupl_memo = 6110
cnt_heap_entail_one_context_struc#2 = 66
cnt_heap_entail_one_context_struc#4 = 91
cnt_heap_entail_one_context_struc#fold = 38
cnt_imply = 3668
cnt_imply_proc_one_full = 140
cnt_imply_proc_one_ncplx = 1334
cnt_is_sat = 6403
cnt_memo_imply = 147
cnt_memo_norm = 2535
cnt_merge_mems_r_dups = 2616
cnt_method double_left_child$node = 1
cnt_method double_right_child$node = 1
cnt_method get_max$int~int = 1
cnt_method height$node = 1
cnt_method insert$node~int = 1
cnt_method rotate_left_child$node = 1
cnt_method rotate_right_child$node = 1
cnt_normalize_max_renaming_list_failesc_context = 118
cnt_pred_inference = 1
cnt_proof_after_base_case = 3
cnt_prune_imply = 1772
cnt_prune_preds = 360
cnt_prune_preds_filter = 360
cnt_push_exists_slicing = 446
cnt_simplify = 155
cnt_slow_imply = 250
cnt_unfold_unsat = 89
consumed_nodes_counter = 279
consumed_specialized_nodes = 99
dropped_branches = 42
false_imply_count = 2307
fast_imply_success = 47
impl_cache_count = 3115
impl_conseq_count = 1214
impl_proof_count = 1877
imply_sem_prun_false = 1749
imply_sem_prun_true = 23
need_split = 14
prune_cnt = 42
sat_cache_count = 6403
sat_proof_count = 1265
saved_unfolds = 24
stat_count_imply = 3668
stat_count_sat = 6403
stat_disj_count_imply = 9387
stat_disj_count_sat = 9954
stat_size_count_imply = 43203
stat_size_count_sat = 40276
syn_memo_count = 1819
syn_memo_hit = 47
total_unfold_disjs = 45
true_imply_count = 1361
with_disj_cnt_0_s = 1194
with_disj_cnt_2_f = 44
with_disj_cnt_2_s = 96
z_stat_disj_imply = 4155
z_stat_disj_sat = 7210

 profile results: there where 42 keys 
 
(--opt-imply 2,0.,1474,0.,[],  0.%) 
(Overall,32.64,1,32.64,[32.64],  100.%) 
(Parsing,0.01,2,0.,[],  0.06%) 
(Preprocessing,0.18,1,0.18,[],  0.55%) 
(TP.imply_timeout,0.,3668,0.,[],  0.03%) 
(Translating global var,0.,1,0.,[],  0.%) 
(Translating to Core,0.16,1,0.16,[],  0.49%) 
(add_pure,0.01,2436,0.,[],  0.06%) 
(elim_exists,0.16,214,0.,[],  0.52%) 
(elim_redundant_ctr,0.02,16,0.,[],  0.06%) 
(empty_predicate_testing,0.87,147,0.,[],  2.66%) 
(entail_prune,0.21,52,0.,[],  0.64%) 
(erc_imply,0.02,250,0.,[],  0.06%) 
(fast_imply,0.,3616,0.,[],  0.%) 
(filter_dupl_memo,0.,6110,0.,[],  0.%) 
(heap_entail_one_context_struc#2,2.53,66,0.03,[],  7.75%) 
(heap_entail_one_context_struc#4,0.8,91,0.,[],  2.48%) 
(heap_entail_one_context_struc#fold,1.94,32,0.06,[],  5.94%) 
(imply,2.18,3668,0.,[],  6.7%) 
(imply_proc_one_full,0.18,140,0.,[],  0.58%) 
(imply_proc_one_ncplx,0.79,1334,0.,[],  2.45%) 
(is_sat,3.07,6403,0.,[],  9.43%) 
(memo_imply,0.81,147,0.,[],  2.48%) 
(memo_norm,0.,2535,0.,[],  0.%) 
(merge_mems_r_dups,0.,2616,0.,[],  0.%) 
(method double_left_child$node,0.3,1,0.3,[],  0.91%) 
(method double_right_child$node,0.3,1,0.3,[],  0.94%) 
(method get_max$int~int,0.,1,0.,[],  0.03%) 
(method height$node,0.05,1,0.05,[],  0.15%) 
(method insert$node~int,8.3,1,8.3,[8.3],  25.42%) 
(method rotate_left_child$node,0.34,1,0.34,[],  1.04%) 
(method rotate_right_child$node,0.36,1,0.36,[],  1.1%) 
(normalize_max_renaming_list_failesc_context,0.05,118,0.,[],  0.15%) 
(pred_inference,0.08,1,0.08,[],  0.24%) 
(proof_after_base_case,0.05,3,0.01,[],  0.15%) 
(prune_imply,0.,1772,0.,[],  0.03%) 
(prune_preds,0.43,360,0.,[],  1.31%) 
(prune_preds_filter,0.01,360,0.,[],  0.03%) 
(push_exists_slicing,0.16,446,0.,[],  0.52%) 
(simplify,0.32,155,0.,[],  0.98%) 
(slow_imply,0.02,250,0.,[],  0.06%) 
(unfold_unsat,0.02,89,0.,[],  0.06%)
