/usr/local/bin/mona
/usr/local/bin/oc

Processing file "avl_size_height_bags_1_link.ss"
Parsing...
Parsing...
Starting Omega... 
Translating global variables to procedure parameters...
Translating to core language...

 warning avl_size_height_bags_1_link.ss_440_10 quantifying: nn mm Sn

 warning avl_size_height_bags_1_link.ss_402_10 quantifying: Sn nn

 warning avl_size_height_bags_1_link.ss_371_12 quantifying: nn Sn r

 warning avl_size_height_bags_1_link.ss_296_10 quantifying: Sn r

 warning avl_size_height_bags_1_link.ss_215_10 quantifying: Sn r

 warning avl_size_height_bags_1_link.ss_147_10 quantifying: nn Sn

 warning avl_size_height_bags_1_link.ss_123_10 quantifying: S

 warning avl_size_height_bags_1_link.ss_97_10 quantifying: S

 warning avl_size_height_bags_1_link.ss_67_10 quantifying: S

 warning avl_size_height_bags_1_link.ss_50_10 quantifying: S
Checking procedure main$... 
Procedure main$ SUCCESS
Checking procedure delete$node~int... 
[MONA.ml]:Timeout exception IMPLY no :3409

Procedure delete$node~int SUCCESS
Checking procedure delete_top$node... 
Procedure delete_top$node SUCCESS
Checking procedure remove_min$node~myint... 
Procedure remove_min$node~myint SUCCESS
Checking procedure remove_max_add$node~myint... 
Procedure remove_max_add$node~myint SUCCESS
Checking procedure remove_min_add$node~myint... 
Procedure remove_min_add$node~myint SUCCESS
Checking procedure insert$node~int... 
Procedure insert$node~int SUCCESS
Checking procedure rotate_double_right$node~node~node~node~int~int~int... 
Procedure rotate_double_right$node~node~node~node~int~int~int SUCCESS
Checking procedure rotate_double_left$node~node~node~node~int~int~int... 
Procedure rotate_double_left$node~node~node~node~int~int~int SUCCESS
Checking procedure get_max$int~int... 
Procedure get_max$int~int SUCCESS
Checking procedure rotate_right$node~node~node~int~int... 
Procedure rotate_right$node~node~node~int~int SUCCESS
Checking procedure rotate_left$node~node~node~int~int... 
Procedure rotate_left$node~node~node~int~int SUCCESS
Checking procedure height$node... 
Procedure height$node SUCCESS
Stop Omega... 4745 invocations 
0 false contexts at: ()

Total verification time: 170.16 second(s)
	Time spent in main process: 25.25 second(s)
	Time spent in child processes: 144.91 second(s)
Counters: 
 cnt_--opt-imply 2 = 3110
cnt_Overall = 1
cnt_Parsing = 2
cnt_Preprocessing = 1
cnt_TP.imply_timeout = 10220
cnt_Translating global var = 1
cnt_Translating to Core = 1
cnt_add_pure = 10612
cnt_elim_exists = 1128
cnt_elim_redundant_ctr = 25
cnt_empty_predicate_testing = 241
cnt_entail_prune = 380
cnt_erc_imply = 221
cnt_fast_imply = 13531
cnt_filter_dupl_memo = 23200
cnt_heap_entail_one_context_struc#2 = 186
cnt_heap_entail_one_context_struc#4 = 181
cnt_heap_entail_one_context_struc#fold = 137
cnt_imply = 10220
cnt_imply_proc_one_full = 581
cnt_imply_proc_one_ncplx = 2529
cnt_is_sat = 10973
cnt_memo_imply = 241
cnt_memo_norm = 10779
cnt_merge_mems_r_dups = 9981
cnt_method delete$node~int = 1
cnt_method delete_top$node = 1
cnt_method get_max$int~int = 1
cnt_method height$node = 1
cnt_method insert$node~int = 1
cnt_method main$ = 1
cnt_method remove_max_add$node~myint = 1
cnt_method remove_min$node~myint = 1
cnt_method remove_min_add$node~myint = 1
cnt_method rotate_double_left$node~node~node~node~int~int~int = 1
cnt_method rotate_double_right$node~node~node~node~int~int~int = 1
cnt_method rotate_left$node~node~node~int~int = 1
cnt_method rotate_right$node~node~node~int~int = 1
cnt_normalize_max_renaming_list_failesc_context = 935
cnt_pred_inference = 1
cnt_proof_after_base_case = 59
cnt_prune_imply = 6632
cnt_prune_preds = 1533
cnt_prune_preds_filter = 1533
cnt_push_exists_slicing = 1366
cnt_simplify = 98
cnt_slow_imply = 221
cnt_unfold_unsat = 367
consumed_nodes_counter = 1067
consumed_specialized_nodes = 420
dropped_branches = 95
false_imply_count = 7703
fast_imply_success = 176
impl_cache_count = 9204
impl_conseq_count = 2822
impl_proof_count = 5344
imply_sem_prun_false = 6590
imply_sem_prun_true = 42
prune_cnt = 95
sat_cache_count = 10973
sat_proof_count = 2310
saved_unfolds = 15
stat_count_imply = 10220
stat_count_sat = 10973
stat_disj_count_imply = 4953029
stat_disj_count_sat = 5461099
stat_size_count_imply = 142226
stat_size_count_sat = 61882
syn_memo_count = 6808
syn_memo_hit = 176
total_unfold_disjs = 181
true_imply_count = 2517
with_disj_cnt_0_s = 1948
with_disj_cnt_2_f = 136
with_disj_cnt_2_s = 445
z_stat_disj_imply = 15624
z_stat_disj_sat = 18118

 profile results: there where 48 keys 
 
(--opt-imply 2,0.,3110,0.,[],  0.%) 
(Overall,170.15,1,170.15,[170.15],  100.%) 
(Parsing,0.03,2,0.01,[],  0.01%) 
(Preprocessing,1.77,1,1.77,[1.77],  1.04%) 
(TP.imply_timeout,0.,10220,0.,[],  0.%) 
(Translating global var,0.01,1,0.01,[],  0.%) 
(Translating to Core,1.73,1,1.73,[1.73],  1.01%) 
(add_pure,0.17,10612,0.,[],  0.09%) 
(elim_exists,0.,1128,0.,[],  0.%) 
(elim_redundant_ctr,0.27,25,0.01,[],  0.16%) 
(empty_predicate_testing,112.32,241,0.46,[0.5,0.5,0.52,0.59,0.59,0.66,0.67,0.68,0.75,0.76,0.79,0.79,0.85,0.94,1.03,1.06,1.25,1.25,1.26,1.42,1.73,2.18,3.35,3.96,4.,4.84,5.12,5.16,5.4,5.42,5.53,5.73,7.24,8.5,11.01],  66.01%) 
(entail_prune,9.45,380,0.02,[],  5.55%) 
(erc_imply,0.27,221,0.,[],  0.16%) 
(fast_imply,0.,13531,0.,[],  0.%) 
(filter_dupl_memo,0.,23200,0.,[],  0.%) 
(heap_entail_one_context_struc#2,87.66,186,0.47,[0.54,0.57,0.82,1.02,1.1,1.14,1.34,2.34,2.58,3.83,3.9,7.11,19.35,24.68],  51.51%) 
(heap_entail_one_context_struc#4,6.04,181,0.03,[],  3.54%) 
(heap_entail_one_context_struc#fold,26.89,47,0.57,[0.63,0.65,0.7,0.84,1.01,1.24,1.26,1.29,1.31,1.32,1.53,2.18,2.23,3.02,3.04],  15.8%) 
(imply,140.96,10220,0.01,[0.5,0.5,0.52,0.59,0.59,0.66,0.67,0.68,0.75,0.76,0.79,0.79,0.85,0.94,1.03,1.06,1.19,1.2,1.25,1.25,1.25,1.42,1.73,2.18,3.35,3.96,4.,4.84,5.12,5.16,5.4,5.42,5.53,5.73,7.23,8.5,11.01],  82.84%) 
(imply_proc_one_full,4.07,581,0.,[],  2.39%) 
(imply_proc_one_ncplx,10.54,2529,0.,[1.19,1.2],  6.19%) 
(is_sat,16.31,10973,0.,[],  9.59%) 
(memo_imply,110.73,241,0.45,[0.5,0.5,0.52,0.59,0.59,0.66,0.67,0.68,0.75,0.76,0.79,0.79,0.85,0.94,1.03,1.06,1.25,1.25,1.25,1.42,1.73,2.18,3.35,3.96,4.,4.84,5.12,5.16,5.4,5.42,5.53,5.73,7.23,8.5,11.01],  65.07%) 
(memo_norm,0.02,10779,0.,[],  0.01%) 
(merge_mems_r_dups,0.01,9981,0.,[],  0.01%) 
(method delete$node~int,103.58,1,103.58,[103.58],  60.87%) 
(method delete_top$node,13.33,1,13.33,[13.33],  7.84%) 
(method get_max$int~int,0.,1,0.,[],  0.%) 
(method height$node,0.28,1,0.28,[],  0.16%) 
(method insert$node~int,10.86,1,10.86,[10.86],  6.38%) 
(method main$,0.94,1,0.94,[0.94],  0.55%) 
(method remove_max_add$node~myint,15.26,1,15.26,[15.26],  8.96%) 
(method remove_min$node~myint,3.44,1,3.44,[3.44],  2.02%) 
(method remove_min_add$node~myint,15.28,1,15.28,[15.28],  8.98%) 
(method rotate_double_left$node~node~node~node~int~int~int,1.15,1,1.15,[1.15],  0.67%) 
(method rotate_double_right$node~node~node~node~int~int~int,1.18,1,1.18,[1.18],  0.69%) 
(method rotate_left$node~node~node~int~int,0.34,1,0.34,[],  0.2%) 
(method rotate_right$node~node~node~int~int,0.32,1,0.32,[],  0.18%) 
(normalize_max_renaming_list_failesc_context,0.2,935,0.,[],  0.11%) 
(pred_inference,0.94,1,0.94,[0.94],  0.55%) 
(proof_after_base_case,9.43,49,0.19,[0.5,0.52,0.53,0.53,0.64,0.93,0.98],  5.54%) 
(prune_imply,0.01,6632,0.,[],  0.01%) 
(prune_preds,15.63,1533,0.01,[],  9.18%) 
(prune_preds_filter,0.02,1533,0.,[],  0.01%) 
(push_exists_slicing,0.02,1366,0.,[],  0.01%) 
(simplify,0.,98,0.,[],  0.%) 
(slow_imply,0.27,221,0.,[],  0.16%) 
(unfold_unsat,0.,367,0.,[],  0.%)
