#h_formula_2_mem
#get_spec_baga,Trace
#lookup_view_baga_with_subs
#merge_alias_nodes_formula
#heap_entail_empty_rhs_heap,Trace
#do_match,Trace
#subs_to_inst_vars
#do_match_inst_perm_vars,Trace
#process_action
#imm_split_lhs_node
#update_ann
#replace_list_ann
#subtract_ann
#heap_entail_conjunct
#heap_entail_conjunct_helper,Trace
#extract_hrel_head
#infer_collect_hp_rel_empty_rhs,Trace
#infer_collect_hp_rel,Trace
#check_guard
#rm_htrue_heap,Trace
#process_action
case_normalize_helper2
case_normalize_struc_formula
case_normalize_renamed_formula
normalize_h_formula
