+++ Transcript to reduce.log started at Fri Jul 15 14:25:01 2011 +++
Reduce (Free CSL version), 12-Jan-11 ...

off nat;

linelength 10000;
t$


load_package redlog;

rlset ofsf;
{}$


on rlnzden;

rlqe rlex(((0 <= n) and ((x_44 * x_44) <= n)));
true$


rlqe rlex((((0 <= n) and ((x_44 * x_44) <= n)) and (res = (1 + x_44))));
true$


rlqe rlex(((((0 <= n) and ((x_44 * x_44) <= n)) and (v_int_11_623PRMD = (1 + x_44))) and (res = (1 + x_44))));
true$


rlqe rlex((((((0 <= n) and ((x_44 * x_44) <= n)) and (v_int_11_623PRMD = (1 + x_44))) and (v_int_11_622PRMD = (1 + x_44))) and (res = (v_int_11_623PRMD * v_int_11_622PRMD))));
true$


rlqe rlex(((((0 <= n) and ((x_44 * x_44) <= n)) and (v_int_11_624PRMD = ((1 + x_44) * (1 + x_44)))) and (v_int_11_624PRMD <= n)));
true$


rlqe rlex((((((0 <= n) and ((x_44 * x_44) <= n)) and (v_int_11_624PRMD = ((1 + x_44) * (1 + x_44)))) and (v_int_11_624PRMD <= n)) and ((res > 0) and (v_int_11_624PRMD <= n))));
true$


rlqe rlex(((((0 <= n) and ((x_44 * x_44) <= n)) and (v_int_11_624PRMD = ((1 + x_44) * (1 + x_44)))) and (n <= (v_int_11_624PRMD + -1))));
true$


rlqe rlex((((((0 <= n) and ((x_44 * x_44) <= n)) and (v_int_11_624PRMD = ((1 + x_44) * (1 + x_44)))) and (n <= (v_int_11_624PRMD + -1))) and ((not (res > 0)) and (n <= (v_int_11_624PRMD + -1)))));
true$


rlqe rlex((((((0 <= n) and ((x_44 * x_44) <= n)) and (n <= (((1 + x_44) * (1 + x_44)) + -1))) and ((not (v_bool_11_626PRMD > 0)) and (n <= (((1 + x_44) * (1 + x_44)) + -1)))) and (v_bool_11_626PRMD > 0)));
false$


rlqe rlex((((((0 <= n) and ((x_44 * x_44) <= n)) and (((1 + x_44) * (1 + x_44)) <= n)) and ((v_bool_11_626PRMD > 0) and (((1 + x_44) * (1 + x_44)) <= n))) and (v_bool_11_626PRMD > 0)));
true$


rlqe rlex((((((0 <= n) and ((x_44 * x_44) <= n)) and (n <= (((1 + x_44) * (1 + x_44)) + -1))) and ((not (v_bool_11_626PRMD > 0)) and (n <= (((1 + x_44) * (1 + x_44)) + -1)))) and (not (v_bool_11_626PRMD > 0))));
true$


rlqe rlex((((((0 <= n) and ((x_44 * x_44) <= n)) and (((1 + x_44) * (1 + x_44)) <= n)) and ((v_bool_11_626PRMD > 0) and (((1 + x_44) * (1 + x_44)) <= n))) and (not (v_bool_11_626PRMD > 0))));
false$


rlqe rlex(((((((0 <= n) and ((x_44 * x_44) <= n)) and (((1 + x_44) * (1 + x_44)) <= n)) and ((v_bool_11_626PRMD > 0) and (((1 + x_44) * (1 + x_44)) <= n))) and (v_bool_11_626PRMD > 0)) and (res = (1 + x_44))));
true$


rlqe rlall((((((x_44PRMD <> (1 + x_44)) or (0 > n)) or ((x_44 * x_44) > n)) or (((1 + x_44) * (1 + x_44)) > n)) or (0 < (n + 1))));
true$


rlqe rlall((((((0 > n) or ((x_44 * x_44) > n)) or (((1 + x_44) * (1 + x_44)) > n)) or (x_44PRMD <> (1 + x_44))) or ((x_44PRMD * x_44PRMD) < (n + 1))));
true$


rlqe rlex((((((((0 <= n) and ((x_44 * x_44) <= n)) and (((1 + x_44) * (1 + x_44)) <= n)) and ((v_bool_11_626PRMD > 0) and (((1 + x_44) * (1 + x_44)) <= n))) and (v_bool_11_626PRMD > 0)) and (x_670 = (1 + x_44))) and (((x_44PRMD * x_44PRMD) <= n) and (n <= (((1 + x_44PRMD) * (1 + x_44PRMD)) + -1)))));
true$


rlqe rlall(((((((0 > n) or ((x_44 * x_44) > n)) or (((1 + x_44) * (1 + x_44)) > n)) or ((x_44PRMD * x_44PRMD) > n)) or (n > (((1 + x_44PRMD) * (1 + x_44PRMD)) + -1))) or ((x_44PRMD * x_44PRMD) < (n + 1))));
true$


rlqe rlall(((((((0 > n) or ((x_44 * x_44) > n)) or (((1 + x_44) * (1 + x_44)) > n)) or ((x_44PRMD * x_44PRMD) > n)) or (n > (((1 + x_44PRMD) * (1 + x_44PRMD)) + -1))) or (n < ((x_44PRMD + 1) * (x_44PRMD + 1)))));
true$


rlqe rlall(((((0 > n) or ((x_44 * x_44) > n)) or (n > (((1 + x_44) * (1 + x_44)) + -1))) or ((x_44 * x_44) < (n + 1))));
true$


rlqe rlall(((((0 > n) or ((x_44 * x_44) > n)) or (n > (((1 + x_44) * (1 + x_44)) + -1))) or (n < ((x_44 + 1) * (x_44 + 1)))));
true$


rlqe rlex((((res * res) <= 4) and (4 <= (((1 + res) * (1 + res)) + -1))));
true$


rlqe rlall(((((t_43PRMD * t_43PRMD) > 4) or (4 > (((1 + t_43PRMD) * (1 + t_43PRMD)) + -1))) or ((t_43PRMD > (2 + -1)) and (t_43PRMD < (2 + 1)))));
true$


rlqe rlex(((0 <= n) and (((x_44PRMD * x_44PRMD) <= n) and (n <= (((1 + x_44PRMD) * (1 + x_44PRMD)) + -1)))));
true$


rlqe rlall(((((0 > n) or ((x_44PRMD * x_44PRMD) > n)) or (n > (((1 + x_44PRMD) * (1 + x_44PRMD)) + -1))) or ((x_44PRMD * x_44PRMD) < (n + 1))));
true$


rlqe rlall(((((0 > n) or ((x_44PRMD * x_44PRMD) > n)) or (n > (((1 + x_44PRMD) * (1 + x_44PRMD)) + -1))) or (n < ((x_44PRMD + 1) * (x_44PRMD + 1)))));
true$


